PRT1
271
884
4 0 69 (2832 -432 400 ) (2832 -432 672 ) (2320 -432 672 ) (2320 -432 400 ) 
4 0 1 (2320 -352 400 ) (2320 -432 400 ) (2320 -432 672 ) (2320 -352 672 ) 
4 1 70 (2320 -432 400 ) (2320 -432 672 ) (2080 -432 672 ) (2080 -432 400 ) 
4 1 2 (2080 -128 672 ) (2080 -48 672 ) (2080 -48 400 ) (2080 -128 400 ) 
4 2 5 (2048 -48 496 ) (2048 -48 400 ) (2048 -128 400 ) (2048 -128 496 ) 
4 2 3 (2048 -128 672 ) (2048 -48 672 ) (2048 -48 496 ) (2048 -128 496 ) 
4 3 72 (1808 -432 672 ) (1808 -432 496 ) (2048 -432 496 ) (2048 -432 672 ) 
4 3 50 (1808 -432 496 ) (1808 -432 672 ) (1808 64 672 ) (1808 64 496 ) 
4 3 44 (1808 192 544 ) (1808 192 496 ) (1808 96 496 ) (1808 96 544 ) 
4 3 42 (1808 96 672 ) (1808 192 672 ) (1808 192 544 ) (1808 96 544 ) 
4 3 16 (1808 192 672 ) (1808 320 672 ) (1808 320 496 ) (1808 192 496 ) 
4 3 15 (1808 112 496 ) (1808 128 496 ) (1824 128 496 ) (1824 112 496 ) 
4 3 14 (1824 128 496 ) (1840 128 496 ) (1840 -432 496 ) (1824 -432 496 ) 
4 3 13 (1808 128 496 ) (1808 144 496 ) (1840 144 496 ) (1840 128 496 ) 
4 3 12 (1840 144 496 ) (1856 144 496 ) (1856 -432 496 ) (1840 -432 496 ) 
4 3 11 (1808 144 496 ) (1808 160 496 ) (1856 160 496 ) (1856 144 496 ) 
4 3 10 (1856 160 496 ) (1872 160 496 ) (1872 -432 496 ) (1856 -432 496 ) 
4 3 9 (1808 160 496 ) (1808 176 496 ) (1872 176 496 ) (1872 160 496 ) 
4 3 8 (1872 176 496 ) (1888 176 496 ) (1888 -432 496 ) (1872 -432 496 ) 
4 3 7 (1808 176 496 ) (1808 192 496 ) (1888 192 496 ) (1888 176 496 ) 
4 3 6 (1888 192 496 ) (1904 192 496 ) (1904 -432 496 ) (1888 -432 496 ) 
4 3 5 (1904 192 496 ) (2048 192 496 ) (2048 -432 496 ) (1904 -432 496 ) 
4 3 4 (1808 192 496 ) (1808 320 496 ) (2048 320 496 ) (2048 192 496 ) 
4 4 16 (1808 192 496 ) (1808 320 496 ) (1808 320 400 ) (1808 192 400 ) 
4 4 7 (1888 192 496 ) (1808 192 496 ) (1808 192 416 ) (1888 192 416 ) 
4 4 6 (1904 192 496 ) (1888 192 496 ) (1888 192 416 ) (1904 192 416 ) 
4 4 5 (2048 192 496 ) (1904 192 496 ) (1904 192 400 ) (2048 192 400 ) 
4 5 73 (1904 -432 400 ) (2048 -432 400 ) (2048 -432 496 ) (1904 -432 496 ) 
4 5 6 (1904 -432 416 ) (1904 -432 496 ) (1904 192 496 ) (1904 192 416 ) 
4 6 74 (1904 -432 416 ) (1904 -432 496 ) (1888 -432 496 ) (1888 -432 416 ) 
4 6 8 (1888 -432 432 ) (1888 -432 496 ) (1888 176 496 ) (1888 176 432 ) 
4 6 7 (1888 192 496 ) (1888 192 416 ) (1888 176 416 ) (1888 176 496 ) 
4 7 48 (1808 192 448 ) (1808 192 416 ) (1808 176 416 ) (1808 176 448 ) 
4 7 46 (1808 192 480 ) (1808 192 448 ) (1808 176 448 ) (1808 176 480 ) 
4 7 45 (1808 176 496 ) (1808 192 496 ) (1808 192 480 ) (1808 176 480 ) 
4 7 9 (1808 176 496 ) (1808 176 432 ) (1872 176 432 ) (1872 176 496 ) 
4 7 8 (1888 176 432 ) (1888 176 496 ) (1872 176 496 ) (1872 176 432 ) 
4 8 75 (1888 -432 432 ) (1888 -432 496 ) (1872 -432 496 ) (1872 -432 432 ) 
4 8 10 (1872 -432 448 ) (1872 -432 496 ) (1872 160 496 ) (1872 160 448 ) 
4 8 9 (1872 176 496 ) (1872 176 432 ) (1872 160 432 ) (1872 160 496 ) 
4 9 49 (1808 176 448 ) (1808 176 432 ) (1808 160 432 ) (1808 160 448 ) 
4 9 46 (1808 176 480 ) (1808 176 448 ) (1808 160 448 ) (1808 160 480 ) 
4 9 45 (1808 160 496 ) (1808 176 496 ) (1808 176 480 ) (1808 160 480 ) 
4 9 11 (1808 160 496 ) (1808 160 448 ) (1856 160 448 ) (1856 160 496 ) 
4 9 10 (1872 160 448 ) (1872 160 496 ) (1856 160 496 ) (1856 160 448 ) 
4 10 76 (1872 -432 448 ) (1872 -432 496 ) (1856 -432 496 ) (1856 -432 448 ) 
4 10 12 (1856 -432 464 ) (1856 -432 496 ) (1856 144 496 ) (1856 144 464 ) 
4 10 11 (1856 160 496 ) (1856 160 448 ) (1856 144 448 ) (1856 144 496 ) 
4 11 46 (1808 160 480 ) (1808 160 448 ) (1808 144 448 ) (1808 144 480 ) 
4 11 45 (1808 144 496 ) (1808 160 496 ) (1808 160 480 ) (1808 144 480 ) 
4 11 13 (1808 144 496 ) (1808 144 464 ) (1840 144 464 ) (1840 144 496 ) 
4 11 12 (1856 144 464 ) (1856 144 496 ) (1840 144 496 ) (1840 144 464 ) 
4 12 77 (1856 -432 464 ) (1856 -432 496 ) (1840 -432 496 ) (1840 -432 464 ) 
4 12 14 (1840 -432 480 ) (1840 -432 496 ) (1840 128 496 ) (1840 128 480 ) 
4 12 13 (1840 144 496 ) (1840 144 464 ) (1840 128 464 ) (1840 128 496 ) 
4 13 47 (1808 144 480 ) (1808 144 464 ) (1808 128 464 ) (1808 128 480 ) 
4 13 45 (1808 128 496 ) (1808 144 496 ) (1808 144 480 ) (1808 128 480 ) 
4 13 15 (1808 128 496 ) (1808 128 480 ) (1824 128 480 ) (1824 128 496 ) 
4 13 14 (1840 128 480 ) (1840 128 496 ) (1824 128 496 ) (1824 128 480 ) 
4 14 78 (1840 -432 480 ) (1840 -432 496 ) (1824 -432 496 ) (1824 -432 480 ) 
4 14 15 (1824 128 496 ) (1824 128 480 ) (1824 112 480 ) (1824 112 496 ) 
4 15 45 (1808 112 496 ) (1808 128 496 ) (1808 128 480 ) (1808 112 480 ) 
4 16 62 (1024 192 448 ) (1024 192 416 ) (1328 192 416 ) (1328 192 448 ) 
4 16 60 (1024 192 464 ) (1024 192 448 ) (1328 192 448 ) (1328 192 464 ) 
4 16 59 (1024 192 496 ) (1024 192 464 ) (1328 192 464 ) (1328 192 496 ) 
4 16 58 (1328 192 672 ) (1024 192 672 ) (1024 192 496 ) (1328 192 496 ) 
4 16 48 (1808 192 416 ) (1808 192 448 ) (1328 192 448 ) (1328 192 416 ) 
4 16 46 (1808 192 448 ) (1808 192 480 ) (1328 192 480 ) (1328 192 448 ) 
4 16 45 (1808 192 480 ) (1808 192 496 ) (1328 192 496 ) (1328 192 480 ) 
4 16 44 (1808 192 496 ) (1808 192 544 ) (1328 192 544 ) (1328 192 496 ) 
4 16 43 (1488 192 672 ) (1328 192 672 ) (1328 192 544 ) (1488 192 544 ) 
4 16 42 (1808 192 544 ) (1808 192 672 ) (1488 192 672 ) (1488 192 544 ) 
4 16 41 (1024 192 400 ) (1024 192 576 ) (1024 320 576 ) (1024 320 400 ) 
4 16 39 (1024 192 576 ) (1024 192 672 ) (1024 320 672 ) (1024 320 576 ) 
4 17 141 (784 768 672 ) (784 832 672 ) (784 832 560 ) (784 768 560 ) 
4 17 144 (784 352 560 ) (784 352 672 ) (784 768 672 ) (784 768 560 ) 
4 17 40 (1024 352 560 ) (1024 352 576 ) (960 352 576 ) (960 352 560 ) 
4 17 20 (832 832 560 ) (864 832 560 ) (864 768 560 ) (832 768 560 ) 
4 17 19 (864 832 560 ) (928 832 560 ) (928 768 560 ) (864 768 560 ) 
4 17 18 (928 832 560 ) (1024 832 560 ) (1024 768 560 ) (928 768 560 ) 
4 17 22 (784 352 560 ) (784 768 560 ) (1024 768 560 ) (1024 352 560 ) 
4 18 23 (928 832 528 ) (1024 832 528 ) (1024 768 528 ) (928 768 528 ) 
4 18 19 (928 832 560 ) (928 832 544 ) (928 768 544 ) (928 768 560 ) 
4 18 22 (928 768 528 ) (1024 768 528 ) (1024 768 560 ) (928 768 560 ) 
4 19 20 (864 768 544 ) (864 768 560 ) (864 832 560 ) (864 832 544 ) 
4 19 22 (928 768 544 ) (928 768 560 ) (864 768 560 ) (864 768 544 ) 
4 20 23 (832 832 528 ) (864 832 528 ) (864 768 528 ) (832 768 528 ) 
4 20 21 (832 832 544 ) (832 832 528 ) (832 768 528 ) (832 768 544 ) 
4 20 22 (832 768 528 ) (864 768 528 ) (864 768 560 ) (832 768 560 ) 
4 21 143 (784 832 544 ) (784 832 528 ) (784 768 528 ) (784 768 544 ) 
4 21 23 (784 768 528 ) (784 832 528 ) (832 832 528 ) (832 768 528 ) 
4 21 22 (784 768 528 ) (832 768 528 ) (832 768 544 ) (784 768 544 ) 
4 22 144 (784 352 528 ) (784 352 560 ) (784 768 560 ) (784 768 528 ) 
4 22 40 (1024 352 528 ) (1024 352 560 ) (960 352 560 ) (960 352 528 ) 
4 22 30 (912 512 528 ) (912 576 528 ) (976 576 528 ) (976 512 528 ) 
4 22 29 (976 576 528 ) (1024 576 528 ) (1024 512 528 ) (976 512 528 ) 
4 22 31 (1024 352 528 ) (912 352 528 ) (912 512 528 ) (1024 512 528 ) 
4 22 32 (912 352 528 ) (784 352 528 ) (784 576 528 ) (912 576 528 ) 
4 22 25 (896 704 528 ) (960 704 528 ) (960 640 528 ) (896 640 528 ) 
4 22 27 (784 640 528 ) (784 704 528 ) (896 704 528 ) (896 640 528 ) 
4 22 24 (960 704 528 ) (1024 704 528 ) (1024 640 528 ) (960 640 528 ) 
4 22 28 (784 576 528 ) (784 640 528 ) (1024 640 528 ) (1024 576 528 ) 
4 22 23 (784 704 528 ) (784 768 528 ) (1024 768 528 ) (1024 704 528 ) 
4 23 143 (784 768 528 ) (784 832 528 ) (784 832 464 ) (784 768 464 ) 
4 23 144 (784 704 528 ) (784 768 528 ) (784 768 464 ) (784 704 464 ) 
4 23 33 (784 704 464 ) (784 832 464 ) (1024 832 464 ) (1024 704 464 ) 
4 23 26 (896 704 464 ) (960 704 464 ) (960 704 496 ) (896 704 496 ) 
4 23 25 (960 704 512 ) (960 704 528 ) (896 704 528 ) (896 704 512 ) 
4 23 27 (784 704 464 ) (896 704 464 ) (896 704 528 ) (784 704 528 ) 
4 23 24 (960 704 464 ) (1024 704 464 ) (1024 704 528 ) (960 704 528 ) 
4 24 33 (960 704 464 ) (1024 704 464 ) (1024 640 464 ) (960 640 464 ) 
4 24 26 (960 704 496 ) (960 704 464 ) (960 640 464 ) (960 640 496 ) 
4 24 25 (960 704 528 ) (960 704 512 ) (960 640 512 ) (960 640 528 ) 
4 24 28 (960 640 464 ) (1024 640 464 ) (1024 640 528 ) (960 640 528 ) 
4 25 27 (896 640 512 ) (896 640 528 ) (896 704 528 ) (896 704 512 ) 
4 25 28 (960 640 512 ) (960 640 528 ) (896 640 528 ) (896 640 512 ) 
4 26 33 (896 704 464 ) (960 704 464 ) (960 640 464 ) (896 640 464 ) 
4 26 28 (896 640 464 ) (960 640 464 ) (960 640 496 ) (896 640 496 ) 
4 26 27 (896 704 464 ) (896 640 464 ) (896 640 496 ) (896 704 496 ) 
4 27 144 (784 640 528 ) (784 704 528 ) (784 704 464 ) (784 640 464 ) 
4 27 33 (784 640 464 ) (784 704 464 ) (896 704 464 ) (896 640 464 ) 
4 27 28 (784 640 528 ) (784 640 464 ) (896 640 464 ) (896 640 528 ) 
4 28 144 (784 576 528 ) (784 640 528 ) (784 640 464 ) (784 576 464 ) 
4 28 33 (784 576 464 ) (784 640 464 ) (1024 640 464 ) (1024 576 464 ) 
4 28 30 (976 576 480 ) (976 576 528 ) (912 576 528 ) (912 576 480 ) 
4 28 29 (976 576 464 ) (1024 576 464 ) (1024 576 528 ) (976 576 528 ) 
4 28 32 (784 576 528 ) (784 576 464 ) (912 576 464 ) (912 576 528 ) 
4 29 33 (976 576 464 ) (1024 576 464 ) (1024 512 464 ) (976 512 464 ) 
4 29 30 (976 576 528 ) (976 576 480 ) (976 512 480 ) (976 512 528 ) 
4 29 31 (976 512 464 ) (1024 512 464 ) (1024 512 528 ) (976 512 528 ) 
4 30 32 (912 576 528 ) (912 576 480 ) (912 512 480 ) (912 512 528 ) 
4 30 31 (976 512 480 ) (976 512 528 ) (912 512 528 ) (912 512 480 ) 
4 31 40 (1024 352 464 ) (1024 352 528 ) (960 352 528 ) (960 352 464 ) 
4 31 35 (1008 400 464 ) (944 400 464 ) (944 464 464 ) (1008 464 464 ) 
4 31 34 (1024 464 464 ) (1024 400 464 ) (1008 400 464 ) (1008 464 464 ) 
4 31 36 (1024 400 464 ) (1024 352 464 ) (944 352 464 ) (944 400 464 ) 
4 31 37 (944 352 464 ) (912 352 464 ) (912 464 464 ) (944 464 464 ) 
4 31 33 (1024 512 464 ) (1024 464 464 ) (912 464 464 ) (912 512 464 ) 
4 31 32 (912 512 464 ) (912 352 464 ) (912 352 528 ) (912 512 528 ) 
4 32 144 (784 352 464 ) (784 352 528 ) (784 576 528 ) (784 576 464 ) 
4 32 37 (784 352 464 ) (784 464 464 ) (912 464 464 ) (912 352 464 ) 
4 32 33 (784 464 464 ) (784 576 464 ) (912 576 464 ) (912 464 464 ) 
4 33 143 (784 768 464 ) (784 832 464 ) (784 832 432 ) (784 768 432 ) 
4 33 144 (784 464 464 ) (784 768 464 ) (784 768 432 ) (784 464 432 ) 
4 33 38 (784 464 432 ) (784 832 432 ) (1024 832 432 ) (1024 464 432 ) 
4 33 35 (1008 464 448 ) (1008 464 464 ) (944 464 464 ) (944 464 448 ) 
4 33 34 (1008 464 432 ) (1024 464 432 ) (1024 464 464 ) (1008 464 464 ) 
4 33 37 (784 464 464 ) (784 464 432 ) (944 464 432 ) (944 464 464 ) 
4 34 38 (1008 464 432 ) (1024 464 432 ) (1024 400 432 ) (1008 400 432 ) 
4 34 35 (1008 400 448 ) (1008 400 464 ) (1008 464 464 ) (1008 464 448 ) 
4 34 36 (1008 400 432 ) (1024 400 432 ) (1024 400 464 ) (1008 400 464 ) 
4 35 37 (944 400 448 ) (944 400 464 ) (944 464 464 ) (944 464 448 ) 
4 35 36 (1008 400 448 ) (1008 400 464 ) (944 400 464 ) (944 400 448 ) 
4 36 40 (1024 352 432 ) (1024 352 464 ) (960 352 464 ) (960 352 432 ) 
4 36 38 (1024 352 432 ) (944 352 432 ) (944 400 432 ) (1024 400 432 ) 
4 36 37 (944 400 432 ) (944 352 432 ) (944 352 464 ) (944 400 464 ) 
4 37 144 (784 352 432 ) (784 352 464 ) (784 464 464 ) (784 464 432 ) 
4 37 38 (944 352 432 ) (784 352 432 ) (784 464 432 ) (944 464 432 ) 
4 38 143 (784 768 432 ) (784 832 432 ) (784 832 400 ) (784 768 400 ) 
4 38 144 (784 352 400 ) (784 352 432 ) (784 768 432 ) (784 768 400 ) 
4 38 40 (1024 352 416 ) (1024 352 432 ) (960 352 432 ) (960 352 416 ) 
4 39 164 (784 192 576 ) (784 192 672 ) (784 320 672 ) (784 320 576 ) 
4 39 58 (1024 192 576 ) (1024 192 672 ) (784 192 672 ) (784 192 576 ) 
4 39 41 (1024 192 576 ) (784 192 576 ) (784 320 576 ) (1024 320 576 ) 
4 40 41 (1024 320 416 ) (1024 320 576 ) (960 320 576 ) (960 320 416 ) 
4 41 165 (784 192 400 ) (784 192 576 ) (784 320 576 ) (784 320 400 ) 
4 41 62 (1024 192 416 ) (1024 192 448 ) (784 192 448 ) (784 192 416 ) 
4 41 60 (1024 192 448 ) (1024 192 464 ) (784 192 464 ) (784 192 448 ) 
4 41 59 (1024 192 464 ) (1024 192 496 ) (784 192 496 ) (784 192 464 ) 
4 41 58 (1024 192 496 ) (1024 192 576 ) (784 192 576 ) (784 192 496 ) 
4 42 44 (1488 192 544 ) (1808 192 544 ) (1808 96 544 ) (1488 96 544 ) 
4 42 43 (1488 96 672 ) (1488 192 672 ) (1488 192 544 ) (1488 96 544 ) 
4 43 58 (1328 192 672 ) (1328 192 544 ) (1328 96 544 ) (1328 96 672 ) 
4 43 50 (1328 64 672 ) (1328 64 544 ) (1488 64 544 ) (1488 64 672 ) 
4 43 44 (1328 96 544 ) (1328 192 544 ) (1488 192 544 ) (1488 96 544 ) 
4 44 58 (1328 192 544 ) (1328 192 496 ) (1328 96 496 ) (1328 96 544 ) 
4 44 45 (1328 112 496 ) (1328 192 496 ) (1808 192 496 ) (1808 112 496 ) 
4 45 61 (1328 128 480 ) (1328 112 480 ) (1328 112 496 ) (1328 128 496 ) 
4 45 59 (1328 192 496 ) (1328 192 480 ) (1328 128 480 ) (1328 128 496 ) 
4 45 47 (1328 128 480 ) (1328 144 480 ) (1808 144 480 ) (1808 128 480 ) 
4 45 46 (1328 144 480 ) (1328 192 480 ) (1808 192 480 ) (1808 144 480 ) 
4 46 60 (1328 192 464 ) (1328 192 448 ) (1328 144 448 ) (1328 144 464 ) 
4 46 59 (1328 192 480 ) (1328 192 464 ) (1328 144 464 ) (1328 144 480 ) 
4 46 49 (1328 160 448 ) (1328 176 448 ) (1808 176 448 ) (1808 160 448 ) 
4 46 48 (1328 176 448 ) (1328 192 448 ) (1808 192 448 ) (1808 176 448 ) 
4 46 47 (1328 144 480 ) (1328 144 464 ) (1808 144 464 ) (1808 144 480 ) 
4 47 59 (1328 128 480 ) (1328 144 480 ) (1328 144 464 ) (1328 128 464 ) 
4 48 62 (1328 192 448 ) (1328 192 416 ) (1328 176 416 ) (1328 176 448 ) 
4 48 49 (1808 176 432 ) (1808 176 448 ) (1328 176 448 ) (1328 176 432 ) 
4 49 63 (1328 160 448 ) (1328 176 448 ) (1328 176 432 ) (1328 160 432 ) 
4 50 85 (1808 -432 480 ) (1808 -432 672 ) (1328 -432 672 ) (1328 -432 480 ) 
4 50 65 (1328 -432 480 ) (1328 -432 544 ) (1328 64 544 ) (1328 64 480 ) 
4 50 64 (1328 -432 544 ) (1328 -432 672 ) (1328 64 672 ) (1328 64 544 ) 
4 50 52 (1776 -432 480 ) (1760 -432 480 ) (1760 64 480 ) (1776 64 480 ) 
4 50 51 (1792 -432 480 ) (1776 -432 480 ) (1776 64 480 ) (1792 64 480 ) 
4 50 53 (1760 -432 480 ) (1328 -432 480 ) (1328 64 480 ) (1760 64 480 ) 
4 51 86 (1792 -432 480 ) (1776 -432 480 ) (1776 -432 464 ) (1792 -432 464 ) 
4 51 52 (1776 64 480 ) (1776 64 464 ) (1776 -432 464 ) (1776 -432 480 ) 
4 52 87 (1776 -432 480 ) (1760 -432 480 ) (1760 -432 448 ) (1776 -432 448 ) 
4 52 53 (1760 -432 448 ) (1760 -432 480 ) (1760 64 480 ) (1760 64 448 ) 
4 53 88 (1760 -432 480 ) (1328 -432 480 ) (1328 -432 432 ) (1760 -432 432 ) 
4 53 65 (1328 -432 432 ) (1328 -432 480 ) (1328 64 480 ) (1328 64 432 ) 
4 53 56 (1712 -432 432 ) (1328 -432 432 ) (1328 64 432 ) (1712 64 432 ) 
4 53 54 (1744 -432 432 ) (1712 -432 432 ) (1712 64 432 ) (1744 64 432 ) 
4 54 90 (1728 -432 432 ) (1712 -432 432 ) (1712 -432 416 ) (1728 -432 416 ) 
4 54 89 (1744 -432 432 ) (1728 -432 432 ) (1728 -432 416 ) (1744 -432 416 ) 
4 54 56 (1712 -432 416 ) (1712 -432 432 ) (1712 64 432 ) (1712 64 416 ) 
4 54 55 (1728 -432 416 ) (1712 -432 416 ) (1712 64 416 ) (1728 64 416 ) 
4 55 90 (1728 -432 400 ) (1728 -432 416 ) (1712 -432 416 ) (1712 -432 400 ) 
4 55 56 (1712 -432 400 ) (1712 -432 416 ) (1712 64 416 ) (1712 64 400 ) 
5 56 90 (1712 -432 400 ) (1712 -432 432 ) (1328 -432 432 ) (1328 -432 429.793103 ) (1424 -432 400 ) 
4 56 65 (1328 -432 400 ) (1328 -432 432 ) (1328 64 432 ) (1328 64 400 ) 
4 56 57 (1328 -432 400 ) (1328 64 400 ) (1712 64 400 ) (1712 -432 400 ) 
4 57 68 (1328 -432 178.604651 ) (1328 -432 400 ) (1328 64 400 ) (1328 64 178.604651 ) 
4 58 172 (784 192 544 ) (784 192 496 ) (784 96 496 ) (784 96 544 ) 
4 58 169 (784 192 672 ) (784 192 544 ) (784 96 544 ) (784 96 672 ) 
4 58 61 (784 112 496 ) (784 128 496 ) (1328 128 496 ) (1328 112 496 ) 
4 58 59 (784 128 496 ) (784 192 496 ) (1328 192 496 ) (1328 128 496 ) 
4 59 175 (784 144 464 ) (784 128 464 ) (784 128 480 ) (784 144 480 ) 
4 59 174 (784 192 480 ) (784 192 464 ) (784 144 464 ) (784 144 480 ) 
4 59 173 (784 192 496 ) (784 192 480 ) (784 128 480 ) (784 128 496 ) 
4 59 61 (784 128 496 ) (784 128 480 ) (1328 128 480 ) (1328 128 496 ) 
4 59 60 (784 144 464 ) (784 192 464 ) (1328 192 464 ) (1328 144 464 ) 
4 60 174 (784 192 464 ) (784 192 448 ) (784 144 448 ) (784 144 464 ) 
4 60 63 (784 160 448 ) (784 176 448 ) (1328 176 448 ) (1328 160 448 ) 
4 60 62 (784 176 448 ) (784 192 448 ) (1328 192 448 ) (1328 176 448 ) 
4 61 173 (784 112 496 ) (784 128 496 ) (784 128 480 ) (784 112 480 ) 
4 62 176 (784 192 448 ) (784 192 416 ) (784 176 416 ) (784 176 448 ) 
4 62 63 (1328 176 432 ) (1328 176 448 ) (784 176 448 ) (784 176 432 ) 
4 63 177 (784 160 448 ) (784 176 448 ) (784 176 432 ) (784 160 432 ) 
4 64 179 (784 -432 544 ) (784 -432 672 ) (784 -320 672 ) (784 -320 544 ) 
4 64 178 (784 -320 672 ) (784 64 672 ) (784 64 544 ) (784 -320 544 ) 
4 64 99 (1328 -432 544 ) (1328 -432 672 ) (784 -432 672 ) (784 -432 544 ) 
4 64 66 (784 64 544 ) (960 64 544 ) (960 -320 544 ) (784 -320 544 ) 
4 64 65 (960 64 544 ) (1328 64 544 ) (1328 -432 544 ) (960 -432 544 ) 
3 65 100 (1328 -432 429.793103 ) (1328 -432 544 ) (960 -432 544 ) 
4 65 68 (1328 64 400 ) (1328 -432 400 ) (960 -432 400 ) (960 64 400 ) 
4 65 67 (960 -320 400 ) (960 -432 400 ) (960 -432 512 ) (960 -320 512 ) 
4 65 66 (960 64 400 ) (960 -320 400 ) (960 -320 544 ) (960 64 544 ) 
4 66 178 (784 -320 544 ) (784 64 544 ) (784 64 400 ) (784 -320 400 ) 
4 66 68 (784 -320 400 ) (784 64 400 ) (960 64 400 ) (960 -320 400 ) 
4 66 67 (784 -320 512 ) (784 -320 400 ) (960 -320 400 ) (960 -320 512 ) 
4 67 180 (784 -432 400 ) (784 -432 512 ) (784 -320 512 ) (784 -320 400 ) 
4 67 102 (784 -432 512 ) (784 -432 400 ) (960 -432 400 ) (960 -432 512 ) 
4 67 68 (960 -432 400 ) (784 -432 400 ) (784 -320 400 ) (960 -320 400 ) 
4 68 193 (784 -432 16 ) (784 -432 400 ) (784 64 400 ) (784 64 16 ) 
4 69 70 (2320 -608 672 ) (2320 -432 672 ) (2320 -432 400 ) (2320 -608 400 ) 
4 70 71 (2080 -912 672 ) (2080 -832 672 ) (2080 -832 400 ) (2080 -912 400 ) 
4 71 73 (2048 -832 496 ) (2048 -832 400 ) (2048 -912 400 ) (2048 -912 496 ) 
4 71 72 (2048 -912 672 ) (2048 -832 672 ) (2048 -832 496 ) (2048 -912 496 ) 
4 72 112 (1808 -1152 496 ) (1808 -1280 496 ) (1808 -1280 672 ) (1808 -1152 672 ) 
4 72 109 (1808 -1104 496 ) (1808 -1152 496 ) (1808 -1152 672 ) (1808 -1104 672 ) 
4 72 96 (1808 -1056 496 ) (1808 -1104 496 ) (1808 -1104 544 ) (1808 -1056 544 ) 
4 72 94 (1808 -1104 544 ) (1808 -1104 672 ) (1808 -1040 672 ) (1808 -1040 544 ) 
4 72 85 (1808 -432 672 ) (1808 -432 496 ) (1808 -1024 496 ) (1808 -1024 672 ) 
4 72 83 (1904 -1152 496 ) (1808 -1152 496 ) (1808 -1136 496 ) (1904 -1136 496 ) 
4 72 81 (1808 -1136 496 ) (1808 -1104 496 ) (1872 -1104 496 ) (1872 -1136 496 ) 
4 72 80 (1808 -1104 496 ) (1808 -1088 496 ) (1856 -1088 496 ) (1856 -1104 496 ) 
4 72 79 (1808 -1088 496 ) (1808 -1072 496 ) (1824 -1072 496 ) (1824 -1088 496 ) 
4 72 78 (1824 -432 496 ) (1840 -432 496 ) (1840 -1088 496 ) (1824 -1088 496 ) 
4 72 77 (1840 -432 496 ) (1856 -432 496 ) (1856 -1088 496 ) (1840 -1088 496 ) 
4 72 76 (1856 -432 496 ) (1872 -432 496 ) (1872 -1104 496 ) (1856 -1104 496 ) 
4 72 75 (1872 -432 496 ) (1888 -432 496 ) (1888 -1136 496 ) (1872 -1136 496 ) 
4 72 74 (1888 -432 496 ) (1904 -432 496 ) (1904 -1136 496 ) (1888 -1136 496 ) 
4 72 73 (2048 -432 496 ) (2048 -1152 496 ) (1904 -1152 496 ) (1904 -432 496 ) 
4 72 84 (2048 -1152 496 ) (2048 -1280 496 ) (1808 -1280 496 ) (1808 -1152 496 ) 
4 73 83 (1904 -1152 416 ) (1904 -1152 496 ) (1904 -1136 496 ) (1904 -1136 416 ) 
4 73 74 (1904 -432 496 ) (1904 -432 416 ) (1904 -1136 416 ) (1904 -1136 496 ) 
4 73 84 (2048 -1152 496 ) (1904 -1152 496 ) (1904 -1152 400 ) (2048 -1152 400 ) 
4 74 83 (1904 -1136 496 ) (1888 -1136 496 ) (1888 -1136 416 ) (1904 -1136 416 ) 
4 74 75 (1888 -1136 432 ) (1888 -1136 496 ) (1888 -432 496 ) (1888 -432 432 ) 
4 75 83 (1888 -1136 496 ) (1872 -1136 496 ) (1872 -1136 432 ) (1888 -1136 432 ) 
4 75 82 (1872 -1120 432 ) (1872 -1136 432 ) (1872 -1136 448 ) (1872 -1120 448 ) 
4 75 81 (1872 -1136 448 ) (1872 -1136 496 ) (1872 -1104 496 ) (1872 -1104 448 ) 
4 75 76 (1872 -432 496 ) (1872 -432 448 ) (1872 -1104 448 ) (1872 -1104 496 ) 
4 76 81 (1872 -1104 448 ) (1872 -1104 496 ) (1856 -1104 496 ) (1856 -1104 448 ) 
4 76 80 (1856 -1104 464 ) (1856 -1104 496 ) (1856 -1088 496 ) (1856 -1088 464 ) 
4 76 77 (1856 -432 496 ) (1856 -432 464 ) (1856 -1088 464 ) (1856 -1088 496 ) 
4 77 80 (1856 -1088 464 ) (1856 -1088 496 ) (1840 -1088 496 ) (1840 -1088 464 ) 
4 77 78 (1840 -1088 480 ) (1840 -1088 496 ) (1840 -432 496 ) (1840 -432 480 ) 
4 78 80 (1840 -1088 496 ) (1824 -1088 496 ) (1824 -1088 480 ) (1840 -1088 480 ) 
4 78 79 (1824 -1072 480 ) (1824 -1088 480 ) (1824 -1088 496 ) (1824 -1072 496 ) 
4 79 97 (1808 -1088 480 ) (1808 -1088 496 ) (1808 -1072 496 ) (1808 -1072 480 ) 
4 79 80 (1824 -1088 496 ) (1808 -1088 496 ) (1808 -1088 480 ) (1824 -1088 480 ) 
4 80 98 (1808 -1104 464 ) (1808 -1104 480 ) (1808 -1088 480 ) (1808 -1088 464 ) 
4 80 97 (1808 -1104 480 ) (1808 -1104 496 ) (1808 -1088 496 ) (1808 -1088 480 ) 
4 80 81 (1856 -1104 496 ) (1808 -1104 496 ) (1808 -1104 464 ) (1856 -1104 464 ) 
4 81 109 (1808 -1136 448 ) (1808 -1136 496 ) (1808 -1104 496 ) (1808 -1104 448 ) 
4 81 83 (1872 -1136 496 ) (1808 -1136 496 ) (1808 -1136 448 ) (1872 -1136 448 ) 
4 81 82 (1872 -1136 448 ) (1808 -1136 448 ) (1808 -1120 448 ) (1872 -1120 448 ) 
4 82 110 (1808 -1136 432 ) (1808 -1136 448 ) (1808 -1120 448 ) (1808 -1120 432 ) 
4 82 83 (1808 -1136 448 ) (1808 -1136 432 ) (1872 -1136 432 ) (1872 -1136 448 ) 
4 83 111 (1808 -1152 416 ) (1808 -1152 448 ) (1808 -1136 448 ) (1808 -1136 416 ) 
4 83 109 (1808 -1152 448 ) (1808 -1152 496 ) (1808 -1136 496 ) (1808 -1136 448 ) 
4 83 84 (1904 -1152 496 ) (1808 -1152 496 ) (1808 -1152 416 ) (1904 -1152 416 ) 
4 84 112 (1808 -1152 400 ) (1808 -1280 400 ) (1808 -1280 496 ) (1808 -1152 496 ) 
4 85 100 (1328 -432 544 ) (1328 -432 480 ) (1328 -528 480 ) (1328 -528 544 ) 
4 85 101 (1328 -528 480 ) (1328 -640 480 ) (1328 -640 544 ) (1328 -528 544 ) 
4 85 103 (1328 -640 480 ) (1328 -1024 480 ) (1328 -1024 544 ) (1328 -640 544 ) 
4 85 99 (1328 -432 672 ) (1328 -432 544 ) (1328 -1024 544 ) (1328 -1024 672 ) 
4 85 95 (1488 -1024 672 ) (1328 -1024 672 ) (1328 -1024 544 ) (1488 -1024 544 ) 
4 85 87 (1776 -1024 480 ) (1760 -1024 480 ) (1760 -432 480 ) (1776 -432 480 ) 
4 85 86 (1792 -1024 480 ) (1776 -1024 480 ) (1776 -432 480 ) (1792 -432 480 ) 
4 85 88 (1760 -1024 480 ) (1328 -1024 480 ) (1328 -432 480 ) (1760 -432 480 ) 
4 86 87 (1776 -432 480 ) (1776 -432 464 ) (1776 -1024 464 ) (1776 -1024 480 ) 
4 87 88 (1760 -1024 448 ) (1760 -1024 480 ) (1760 -432 480 ) (1760 -432 448 ) 
4 88 100 (1328 -432 480 ) (1328 -432 432 ) (1328 -528 432 ) (1328 -528 480 ) 
4 88 101 (1328 -528 432 ) (1328 -640 432 ) (1328 -640 480 ) (1328 -528 480 ) 
4 88 103 (1328 -640 432 ) (1328 -1024 432 ) (1328 -1024 480 ) (1328 -640 480 ) 
4 88 92 (1328 -1024 432 ) (1328 -528 432 ) (1712 -528 432 ) (1712 -1024 432 ) 
4 88 91 (1712 -528 432 ) (1728 -528 432 ) (1728 -1024 432 ) (1712 -1024 432 ) 
4 88 90 (1328 -528 432 ) (1328 -432 432 ) (1728 -432 432 ) (1728 -528 432 ) 
4 88 89 (1728 -432 432 ) (1744 -432 432 ) (1744 -1024 432 ) (1728 -1024 432 ) 
4 89 91 (1728 -1024 416 ) (1728 -1024 432 ) (1728 -528 432 ) (1728 -528 416 ) 
4 89 90 (1728 -528 432 ) (1728 -432 432 ) (1728 -432 416 ) (1728 -528 416 ) 
4 90 100 (1328 -432 432 ) (1328 -432 429.793103 ) (1328 -528 429.793103 ) (1328 -528 432 ) 
5 90 92 (1328 -528 432 ) (1328 -528 429.793103 ) (1424 -528 400 ) (1712 -528 400 ) (1712 -528 432 ) 
4 90 91 (1712 -528 400 ) (1728 -528 400 ) (1728 -528 432 ) (1712 -528 432 ) 
4 91 92 (1712 -528 432 ) (1712 -528 400 ) (1712 -1024 400 ) (1712 -1024 432 ) 
4 92 101 (1328 -640 432 ) (1328 -528 432 ) (1328 -528 400 ) (1328 -640 400 ) 
4 92 103 (1328 -1024 400 ) (1328 -1024 432 ) (1328 -640 432 ) (1328 -640 400 ) 
4 92 93 (1328 -1024 400 ) (1328 -528 400 ) (1712 -528 400 ) (1712 -1024 400 ) 
4 93 108 (1328 -1024 178.604651 ) (1328 -1024 400 ) (1328 -528 400 ) (1328 -528 178.604651 ) 
4 94 109 (1808 -1104 544 ) (1808 -1104 672 ) (1488 -1104 672 ) (1488 -1104 544 ) 
4 94 96 (1808 -1056 544 ) (1808 -1104 544 ) (1488 -1104 544 ) (1488 -1056 544 ) 
4 94 95 (1488 -1104 544 ) (1488 -1104 672 ) (1488 -1040 672 ) (1488 -1040 544 ) 
4 95 109 (1328 -1104 672 ) (1328 -1104 544 ) (1488 -1104 544 ) (1488 -1104 672 ) 
4 95 104 (1328 -1104 544 ) (1328 -1104 672 ) (1328 -1040 672 ) (1328 -1040 544 ) 
4 95 96 (1328 -1104 544 ) (1328 -1056 544 ) (1488 -1056 544 ) (1488 -1104 544 ) 
4 96 109 (1808 -1104 496 ) (1808 -1104 544 ) (1328 -1104 544 ) (1328 -1104 496 ) 
4 96 105 (1328 -1104 496 ) (1328 -1104 544 ) (1328 -1056 544 ) (1328 -1056 496 ) 
4 96 97 (1808 -1104 496 ) (1328 -1104 496 ) (1328 -1072 496 ) (1808 -1072 496 ) 
4 97 109 (1808 -1104 480 ) (1808 -1104 496 ) (1328 -1104 496 ) (1328 -1104 480 ) 
4 97 107 (1328 -1104 480 ) (1328 -1104 496 ) (1328 -1088 496 ) (1328 -1088 480 ) 
4 97 106 (1328 -1088 496 ) (1328 -1072 496 ) (1328 -1072 480 ) (1328 -1088 480 ) 
4 97 98 (1328 -1104 480 ) (1328 -1088 480 ) (1808 -1088 480 ) (1808 -1104 480 ) 
4 98 109 (1808 -1104 464 ) (1808 -1104 480 ) (1328 -1104 480 ) (1328 -1104 464 ) 
4 98 107 (1328 -1104 464 ) (1328 -1104 480 ) (1328 -1088 480 ) (1328 -1088 464 ) 
4 99 208 (784 -432 672 ) (784 -432 544 ) (784 -1024 544 ) (784 -1024 672 ) 
4 99 100 (960 -432 544 ) (1328 -432 544 ) (1328 -528 544 ) (960 -528 544 ) 
4 99 101 (1328 -528 544 ) (1328 -640 544 ) (960 -640 544 ) (960 -528 544 ) 
4 99 103 (784 -1024 544 ) (784 -640 544 ) (1328 -640 544 ) (1328 -1024 544 ) 
3 100 101 (1328 -528 429.793103 ) (1328 -528 544 ) (960 -528 544 ) 
4 101 108 (1328 -528 400 ) (1328 -640 400 ) (960 -640 400 ) (960 -528 400 ) 
4 101 102 (960 -528 400 ) (960 -640 400 ) (960 -640 512 ) (960 -528 512 ) 
4 101 103 (1328 -640 400 ) (1328 -640 544 ) (960 -640 544 ) (960 -640 400 ) 
4 102 213 (784 -432 512 ) (784 -432 400 ) (784 -640 400 ) (784 -640 512 ) 
4 102 108 (960 -640 400 ) (784 -640 400 ) (784 -528 400 ) (960 -528 400 ) 
4 102 103 (784 -640 512 ) (784 -640 400 ) (960 -640 400 ) (960 -640 512 ) 
4 103 214 (784 -640 400 ) (784 -1024 400 ) (784 -1024 544 ) (784 -640 544 ) 
4 103 108 (1328 -640 400 ) (1328 -1024 400 ) (784 -1024 400 ) (784 -640 400 ) 
4 104 209 (784 -1104 544 ) (784 -1104 672 ) (784 -1040 672 ) (784 -1040 544 ) 
4 104 114 (784 -1104 576 ) (784 -1104 544 ) (1024 -1104 544 ) (1024 -1104 576 ) 
4 104 113 (1024 -1104 672 ) (784 -1104 672 ) (784 -1104 576 ) (1024 -1104 576 ) 
4 104 109 (1328 -1104 544 ) (1328 -1104 672 ) (1024 -1104 672 ) (1024 -1104 544 ) 
4 104 105 (1328 -1056 544 ) (1328 -1104 544 ) (784 -1104 544 ) (784 -1056 544 ) 
4 105 222 (784 -1104 496 ) (784 -1104 544 ) (784 -1056 544 ) (784 -1056 496 ) 
4 105 114 (1024 -1104 544 ) (784 -1104 544 ) (784 -1104 496 ) (1024 -1104 496 ) 
4 105 109 (1328 -1104 496 ) (1328 -1104 544 ) (1024 -1104 544 ) (1024 -1104 496 ) 
4 105 107 (1328 -1104 496 ) (784 -1104 496 ) (784 -1088 496 ) (1328 -1088 496 ) 
4 105 106 (784 -1088 496 ) (784 -1072 496 ) (1328 -1072 496 ) (1328 -1088 496 ) 
4 106 223 (784 -1088 496 ) (784 -1072 496 ) (784 -1072 480 ) (784 -1088 480 ) 
4 106 107 (1328 -1088 480 ) (1328 -1088 496 ) (784 -1088 496 ) (784 -1088 480 ) 
4 107 224 (784 -1104 464 ) (784 -1104 480 ) (784 -1088 480 ) (784 -1088 464 ) 
4 107 223 (784 -1104 480 ) (784 -1104 496 ) (784 -1088 496 ) (784 -1088 480 ) 
4 107 114 (1024 -1104 496 ) (784 -1104 496 ) (784 -1104 464 ) (1024 -1104 464 ) 
4 107 109 (1328 -1104 464 ) (1328 -1104 496 ) (1024 -1104 496 ) (1024 -1104 464 ) 
4 108 228 (784 -1024 16 ) (784 -1024 400 ) (784 -528 400 ) (784 -528 16 ) 
4 109 114 (1024 -1104 576 ) (1024 -1104 448 ) (1024 -1120 448 ) (1024 -1120 576 ) 
4 109 115 (1024 -1120 448 ) (1024 -1152 448 ) (1024 -1152 576 ) (1024 -1120 576 ) 
4 109 113 (1024 -1104 672 ) (1024 -1104 576 ) (1024 -1152 576 ) (1024 -1152 672 ) 
4 109 112 (1808 -1152 448 ) (1808 -1152 672 ) (1024 -1152 672 ) (1024 -1152 448 ) 
4 109 111 (1024 -1152 448 ) (1024 -1136 448 ) (1808 -1136 448 ) (1808 -1152 448 ) 
4 109 110 (1024 -1136 448 ) (1024 -1120 448 ) (1808 -1120 448 ) (1808 -1136 448 ) 
4 110 115 (1024 -1120 432 ) (1024 -1136 432 ) (1024 -1136 448 ) (1024 -1120 448 ) 
4 110 111 (1024 -1136 448 ) (1024 -1136 432 ) (1808 -1136 432 ) (1808 -1136 448 ) 
4 111 116 (1024 -1152 416 ) (1024 -1152 432 ) (1024 -1136 432 ) (1024 -1136 416 ) 
4 111 115 (1024 -1152 432 ) (1024 -1152 448 ) (1024 -1136 448 ) (1024 -1136 432 ) 
4 111 112 (1808 -1152 416 ) (1808 -1152 448 ) (1024 -1152 448 ) (1024 -1152 416 ) 
4 112 117 (1024 -1152 400 ) (1024 -1280 400 ) (1024 -1280 576 ) (1024 -1152 576 ) 
4 112 113 (1024 -1280 576 ) (1024 -1280 672 ) (1024 -1152 672 ) (1024 -1152 576 ) 
4 113 232 (784 -1152 576 ) (784 -1280 576 ) (784 -1280 672 ) (784 -1152 672 ) 
4 113 229 (784 -1104 672 ) (784 -1104 576 ) (784 -1152 576 ) (784 -1152 672 ) 
4 113 117 (784 -1280 576 ) (784 -1152 576 ) (1024 -1152 576 ) (1024 -1280 576 ) 
4 113 114 (784 -1120 576 ) (784 -1104 576 ) (1024 -1104 576 ) (1024 -1120 576 ) 
4 113 115 (784 -1152 576 ) (784 -1120 576 ) (1024 -1120 576 ) (1024 -1152 576 ) 
4 114 229 (784 -1120 576 ) (784 -1104 576 ) (784 -1104 448 ) (784 -1120 448 ) 
4 114 115 (1024 -1120 448 ) (1024 -1120 576 ) (784 -1120 576 ) (784 -1120 448 ) 
4 115 231 (784 -1152 432 ) (784 -1152 448 ) (784 -1136 448 ) (784 -1136 432 ) 
4 115 230 (784 -1136 448 ) (784 -1120 448 ) (784 -1120 432 ) (784 -1136 432 ) 
4 115 229 (784 -1152 448 ) (784 -1152 576 ) (784 -1120 576 ) (784 -1120 448 ) 
4 115 117 (1024 -1152 432 ) (1024 -1152 576 ) (784 -1152 576 ) (784 -1152 432 ) 
4 115 116 (784 -1152 432 ) (784 -1136 432 ) (1024 -1136 432 ) (1024 -1152 432 ) 
4 116 231 (784 -1152 416 ) (784 -1152 432 ) (784 -1136 432 ) (784 -1136 416 ) 
4 116 117 (1024 -1152 416 ) (1024 -1152 432 ) (784 -1152 432 ) (784 -1152 416 ) 
4 117 233 (784 -1280 400 ) (784 -1280 576 ) (784 -1152 576 ) (784 -1152 400 ) 
4 117 118 (960 -1280 416 ) (1024 -1280 416 ) (1024 -1280 576 ) (960 -1280 576 ) 
4 118 140 (1024 -1312 416 ) (1024 -1312 432 ) (960 -1312 432 ) (960 -1312 416 ) 
4 118 135 (1024 -1312 432 ) (1024 -1312 464 ) (960 -1312 464 ) (960 -1312 432 ) 
4 118 125 (1024 -1312 464 ) (1024 -1312 528 ) (960 -1312 528 ) (960 -1312 464 ) 
4 118 120 (1024 -1312 528 ) (1024 -1312 560 ) (960 -1312 560 ) (960 -1312 528 ) 
4 118 119 (1024 -1312 560 ) (1024 -1312 576 ) (960 -1312 576 ) (960 -1312 560 ) 
4 119 237 (784 -1792 560 ) (784 -1792 672 ) (784 -1312 672 ) (784 -1312 560 ) 
4 119 123 (880 -1792 560 ) (848 -1792 560 ) (848 -1728 560 ) (880 -1728 560 ) 
4 119 122 (944 -1792 560 ) (880 -1792 560 ) (880 -1728 560 ) (944 -1728 560 ) 
4 119 121 (1024 -1792 560 ) (944 -1792 560 ) (944 -1728 560 ) (1024 -1728 560 ) 
4 119 120 (784 -1728 560 ) (784 -1312 560 ) (1024 -1312 560 ) (1024 -1728 560 ) 
4 120 237 (784 -1728 560 ) (784 -1312 560 ) (784 -1312 528 ) (784 -1728 528 ) 
4 120 131 (912 -1600 528 ) (976 -1600 528 ) (976 -1664 528 ) (912 -1664 528 ) 
4 120 133 (784 -1664 528 ) (784 -1600 528 ) (912 -1600 528 ) (912 -1664 528 ) 
4 120 130 (976 -1600 528 ) (1024 -1600 528 ) (1024 -1664 528 ) (976 -1664 528 ) 
4 120 129 (784 -1600 528 ) (784 -1536 528 ) (1024 -1536 528 ) (1024 -1600 528 ) 
4 120 134 (784 -1728 528 ) (784 -1664 528 ) (1024 -1664 528 ) (1024 -1728 528 ) 
4 120 127 (992 -1536 528 ) (928 -1536 528 ) (928 -1472 528 ) (992 -1472 528 ) 
4 120 126 (1024 -1472 528 ) (1024 -1536 528 ) (992 -1536 528 ) (992 -1472 528 ) 
4 120 125 (928 -1312 528 ) (1024 -1312 528 ) (1024 -1472 528 ) (928 -1472 528 ) 
4 120 128 (784 -1536 528 ) (784 -1312 528 ) (928 -1312 528 ) (928 -1536 528 ) 
4 120 124 (784 -1728 528 ) (848 -1728 528 ) (848 -1728 544 ) (784 -1728 544 ) 
4 120 123 (848 -1728 528 ) (880 -1728 528 ) (880 -1728 560 ) (848 -1728 560 ) 
4 120 122 (944 -1728 544 ) (944 -1728 560 ) (880 -1728 560 ) (880 -1728 544 ) 
4 120 121 (944 -1728 528 ) (1024 -1728 528 ) (1024 -1728 560 ) (944 -1728 560 ) 
4 121 134 (944 -1728 528 ) (1024 -1728 528 ) (1024 -1792 528 ) (944 -1792 528 ) 
4 121 122 (944 -1728 560 ) (944 -1728 544 ) (944 -1792 544 ) (944 -1792 560 ) 
4 122 123 (880 -1792 544 ) (880 -1792 560 ) (880 -1728 560 ) (880 -1728 544 ) 
4 123 134 (848 -1728 528 ) (880 -1728 528 ) (880 -1792 528 ) (848 -1792 528 ) 
4 123 124 (848 -1728 544 ) (848 -1728 528 ) (848 -1792 528 ) (848 -1792 544 ) 
4 124 237 (784 -1792 528 ) (784 -1792 544 ) (784 -1728 544 ) (784 -1728 528 ) 
4 124 134 (784 -1792 528 ) (784 -1728 528 ) (848 -1728 528 ) (848 -1792 528 ) 
4 125 137 (1008 -1424 464 ) (944 -1424 464 ) (944 -1360 464 ) (1008 -1360 464 ) 
4 125 136 (1024 -1360 464 ) (1024 -1424 464 ) (1008 -1424 464 ) (1008 -1360 464 ) 
4 125 135 (944 -1312 464 ) (1024 -1312 464 ) (1024 -1360 464 ) (944 -1360 464 ) 
4 125 138 (928 -1312 464 ) (944 -1312 464 ) (944 -1424 464 ) (928 -1424 464 ) 
4 125 139 (1024 -1424 464 ) (1024 -1472 464 ) (928 -1472 464 ) (928 -1424 464 ) 
4 125 127 (992 -1472 480 ) (992 -1472 528 ) (928 -1472 528 ) (928 -1472 480 ) 
4 125 126 (992 -1472 464 ) (1024 -1472 464 ) (1024 -1472 528 ) (992 -1472 528 ) 
4 125 128 (928 -1312 464 ) (928 -1472 464 ) (928 -1472 528 ) (928 -1312 528 ) 
4 126 139 (1024 -1472 464 ) (1024 -1536 464 ) (992 -1536 464 ) (992 -1472 464 ) 
4 126 129 (992 -1536 464 ) (1024 -1536 464 ) (1024 -1536 528 ) (992 -1536 528 ) 
4 126 127 (992 -1536 480 ) (992 -1536 528 ) (992 -1472 528 ) (992 -1472 480 ) 
4 127 129 (992 -1536 480 ) (992 -1536 528 ) (928 -1536 528 ) (928 -1536 480 ) 
4 127 128 (928 -1536 480 ) (928 -1536 528 ) (928 -1472 528 ) (928 -1472 480 ) 
4 128 237 (784 -1536 528 ) (784 -1312 528 ) (784 -1312 464 ) (784 -1536 464 ) 
4 128 138 (784 -1424 464 ) (784 -1312 464 ) (928 -1312 464 ) (928 -1424 464 ) 
4 128 139 (784 -1536 464 ) (784 -1424 464 ) (928 -1424 464 ) (928 -1536 464 ) 
4 128 129 (784 -1536 528 ) (784 -1536 464 ) (928 -1536 464 ) (928 -1536 528 ) 
4 129 237 (784 -1600 528 ) (784 -1536 528 ) (784 -1536 464 ) (784 -1600 464 ) 
4 129 139 (784 -1600 464 ) (784 -1536 464 ) (1024 -1536 464 ) (1024 -1600 464 ) 
4 129 132 (912 -1600 464 ) (976 -1600 464 ) (976 -1600 496 ) (912 -1600 496 ) 
4 129 131 (976 -1600 512 ) (976 -1600 528 ) (912 -1600 528 ) (912 -1600 512 ) 
4 129 133 (784 -1600 528 ) (784 -1600 464 ) (912 -1600 464 ) (912 -1600 528 ) 
4 129 130 (976 -1600 464 ) (1024 -1600 464 ) (1024 -1600 528 ) (976 -1600 528 ) 
4 130 139 (976 -1600 464 ) (1024 -1600 464 ) (1024 -1664 464 ) (976 -1664 464 ) 
4 130 132 (976 -1600 464 ) (976 -1664 464 ) (976 -1664 496 ) (976 -1600 496 ) 
4 130 131 (976 -1664 512 ) (976 -1664 528 ) (976 -1600 528 ) (976 -1600 512 ) 
4 130 134 (976 -1664 464 ) (1024 -1664 464 ) (1024 -1664 528 ) (976 -1664 528 ) 
4 131 133 (912 -1600 528 ) (912 -1600 512 ) (912 -1664 512 ) (912 -1664 528 ) 
4 131 134 (976 -1664 512 ) (976 -1664 528 ) (912 -1664 528 ) (912 -1664 512 ) 
4 132 139 (912 -1600 464 ) (976 -1600 464 ) (976 -1664 464 ) (912 -1664 464 ) 
4 132 134 (912 -1664 464 ) (976 -1664 464 ) (976 -1664 496 ) (912 -1664 496 ) 
4 132 133 (912 -1600 496 ) (912 -1600 464 ) (912 -1664 464 ) (912 -1664 496 ) 
4 133 237 (784 -1664 528 ) (784 -1600 528 ) (784 -1600 464 ) (784 -1664 464 ) 
4 133 139 (784 -1664 464 ) (784 -1600 464 ) (912 -1600 464 ) (912 -1664 464 ) 
4 133 134 (784 -1664 464 ) (912 -1664 464 ) (912 -1664 528 ) (784 -1664 528 ) 
4 134 237 (784 -1792 464 ) (784 -1792 528 ) (784 -1664 528 ) (784 -1664 464 ) 
4 134 139 (1024 -1792 464 ) (784 -1792 464 ) (784 -1664 464 ) (1024 -1664 464 ) 
4 135 140 (944 -1312 432 ) (1024 -1312 432 ) (1024 -1360 432 ) (944 -1360 432 ) 
4 135 137 (1008 -1360 448 ) (1008 -1360 464 ) (944 -1360 464 ) (944 -1360 448 ) 
4 135 136 (1008 -1360 432 ) (1024 -1360 432 ) (1024 -1360 464 ) (1008 -1360 464 ) 
4 135 138 (944 -1312 432 ) (944 -1360 432 ) (944 -1360 464 ) (944 -1312 464 ) 
4 136 140 (1024 -1360 432 ) (1024 -1424 432 ) (1008 -1424 432 ) (1008 -1360 432 ) 
4 136 137 (1008 -1424 448 ) (1008 -1424 464 ) (1008 -1360 464 ) (1008 -1360 448 ) 
4 136 139 (1008 -1424 432 ) (1024 -1424 432 ) (1024 -1424 464 ) (1008 -1424 464 ) 
4 137 138 (944 -1424 448 ) (944 -1424 464 ) (944 -1360 464 ) (944 -1360 448 ) 
4 137 139 (1008 -1424 448 ) (1008 -1424 464 ) (944 -1424 464 ) (944 -1424 448 ) 
4 138 237 (784 -1424 464 ) (784 -1312 464 ) (784 -1312 432 ) (784 -1424 432 ) 
4 138 140 (784 -1424 432 ) (784 -1312 432 ) (944 -1312 432 ) (944 -1424 432 ) 
4 138 139 (784 -1424 464 ) (784 -1424 432 ) (944 -1424 432 ) (944 -1424 464 ) 
4 139 237 (784 -1792 432 ) (784 -1792 464 ) (784 -1424 464 ) (784 -1424 432 ) 
4 139 140 (784 -1792 432 ) (784 -1424 432 ) (1024 -1424 432 ) (1024 -1792 432 ) 
4 140 237 (784 -1792 400 ) (784 -1792 432 ) (784 -1312 432 ) (784 -1312 400 ) 
4 141 145 (736 832 672 ) (736 832 560 ) (736 768 560 ) (736 768 672 ) 
4 141 142 (768 768 560 ) (736 768 560 ) (736 832 560 ) (768 832 560 ) 
4 141 144 (784 768 560 ) (784 768 672 ) (736 768 672 ) (736 768 560 ) 
4 142 145 (736 832 560 ) (736 832 544 ) (736 768 544 ) (736 768 560 ) 
4 142 144 (768 768 560 ) (736 768 560 ) (736 768 544 ) (768 768 544 ) 
4 142 143 (736 768 544 ) (736 832 544 ) (768 832 544 ) (768 768 544 ) 
4 143 148 (736 832 528 ) (736 832 400 ) (736 768 400 ) (736 768 528 ) 
4 143 144 (736 768 400 ) (784 768 400 ) (784 768 544 ) (736 768 544 ) 
4 144 159 (736 464 400 ) (736 352 400 ) (736 352 480 ) (736 464 480 ) 
4 144 155 (736 576 400 ) (736 464 400 ) (736 464 480 ) (736 576 480 ) 
4 144 154 (736 352 480 ) (736 352 672 ) (736 576 672 ) (736 576 480 ) 
4 144 149 (736 640 496 ) (736 640 528 ) (736 704 528 ) (736 704 496 ) 
4 144 151 (736 704 400 ) (736 640 400 ) (736 640 496 ) (736 704 496 ) 
4 144 153 (736 640 400 ) (736 576 400 ) (736 576 528 ) (736 640 528 ) 
4 144 148 (736 768 400 ) (736 704 400 ) (736 704 528 ) (736 768 528 ) 
4 144 147 (736 576 528 ) (736 576 672 ) (736 768 672 ) (736 768 528 ) 
4 145 163 (608 768 672 ) (608 832 672 ) (608 832 544 ) (608 768 544 ) 
4 145 146 (608 768 544 ) (608 832 544 ) (672 832 544 ) (672 768 544 ) 
4 145 147 (736 768 544 ) (736 768 672 ) (608 768 672 ) (608 768 544 ) 
4 146 163 (608 832 544 ) (608 832 528 ) (608 768 528 ) (608 768 544 ) 
4 146 148 (608 768 528 ) (608 832 528 ) (672 832 528 ) (672 768 528 ) 
4 146 147 (672 768 544 ) (608 768 544 ) (608 768 528 ) (672 768 528 ) 
4 147 163 (608 576 672 ) (608 768 672 ) (608 768 528 ) (608 576 528 ) 
4 147 154 (736 576 528 ) (736 576 672 ) (608 576 672 ) (608 576 528 ) 
4 147 150 (640 704 528 ) (704 704 528 ) (704 640 528 ) (640 640 528 ) 
4 147 149 (704 704 528 ) (736 704 528 ) (736 640 528 ) (704 640 528 ) 
4 147 152 (608 640 528 ) (608 704 528 ) (640 704 528 ) (640 640 528 ) 
4 147 153 (608 576 528 ) (608 640 528 ) (736 640 528 ) (736 576 528 ) 
4 147 148 (608 704 528 ) (608 768 528 ) (736 768 528 ) (736 704 528 ) 
4 148 163 (608 832 528 ) (608 832 400 ) (608 704 400 ) (608 704 528 ) 
4 148 150 (704 704 528 ) (640 704 528 ) (640 704 512 ) (704 704 512 ) 
4 148 149 (736 704 496 ) (736 704 528 ) (704 704 528 ) (704 704 496 ) 
4 148 151 (640 704 400 ) (736 704 400 ) (736 704 496 ) (640 704 496 ) 
4 148 152 (608 704 400 ) (640 704 400 ) (640 704 528 ) (608 704 528 ) 
4 149 150 (704 704 528 ) (704 704 512 ) (704 640 512 ) (704 640 528 ) 
4 149 151 (736 640 496 ) (704 640 496 ) (704 704 496 ) (736 704 496 ) 
4 149 153 (736 640 496 ) (736 640 528 ) (704 640 528 ) (704 640 496 ) 
4 150 152 (640 704 528 ) (640 704 512 ) (640 640 512 ) (640 640 528 ) 
4 150 153 (704 640 528 ) (640 640 528 ) (640 640 512 ) (704 640 512 ) 
4 151 152 (640 704 496 ) (640 704 400 ) (640 640 400 ) (640 640 496 ) 
4 151 153 (640 640 400 ) (736 640 400 ) (736 640 496 ) (640 640 496 ) 
4 152 163 (608 704 400 ) (608 640 400 ) (608 640 528 ) (608 704 528 ) 
4 152 153 (608 640 528 ) (608 640 400 ) (640 640 400 ) (640 640 528 ) 
4 153 163 (608 640 400 ) (608 576 400 ) (608 576 528 ) (608 640 528 ) 
4 153 156 (624 576 400 ) (688 576 400 ) (688 576 464 ) (624 576 464 ) 
4 153 157 (608 576 400 ) (624 576 400 ) (624 576 480 ) (608 576 480 ) 
4 153 155 (688 576 400 ) (736 576 400 ) (736 576 480 ) (688 576 480 ) 
4 153 154 (736 576 480 ) (736 576 528 ) (608 576 528 ) (608 576 480 ) 
4 154 166 (656 352 576 ) (608 352 576 ) (608 352 480 ) (656 352 480 ) 
4 154 163 (608 352 480 ) (608 352 672 ) (608 576 672 ) (608 576 480 ) 
4 154 160 (608 400 480 ) (608 464 480 ) (672 464 480 ) (672 400 480 ) 
4 154 162 (608 352 480 ) (608 400 480 ) (672 400 480 ) (672 352 480 ) 
4 154 159 (672 464 480 ) (736 464 480 ) (736 352 480 ) (672 352 480 ) 
4 154 157 (608 512 480 ) (608 576 480 ) (624 576 480 ) (624 512 480 ) 
4 154 158 (608 464 480 ) (608 512 480 ) (688 512 480 ) (688 464 480 ) 
4 154 155 (688 576 480 ) (736 576 480 ) (736 464 480 ) (688 464 480 ) 
4 155 159 (688 464 400 ) (736 464 400 ) (736 464 480 ) (688 464 480 ) 
4 155 156 (688 576 464 ) (688 576 400 ) (688 512 400 ) (688 512 464 ) 
4 155 158 (688 464 480 ) (688 512 480 ) (688 512 400 ) (688 464 400 ) 
4 156 157 (624 576 464 ) (624 576 400 ) (624 512 400 ) (624 512 464 ) 
4 156 158 (624 512 400 ) (688 512 400 ) (688 512 464 ) (624 512 464 ) 
4 157 163 (608 512 480 ) (608 576 480 ) (608 576 400 ) (608 512 400 ) 
4 157 158 (608 512 480 ) (608 512 400 ) (624 512 400 ) (624 512 480 ) 
4 158 163 (608 464 480 ) (608 512 480 ) (608 512 400 ) (608 464 400 ) 
4 158 160 (608 464 480 ) (608 464 448 ) (672 464 448 ) (672 464 480 ) 
4 158 161 (608 464 432 ) (608 464 400 ) (672 464 400 ) (672 464 432 ) 
4 158 159 (672 464 400 ) (688 464 400 ) (688 464 480 ) (672 464 480 ) 
4 159 160 (672 464 480 ) (672 464 448 ) (672 400 448 ) (672 400 480 ) 
4 159 161 (672 464 432 ) (672 464 400 ) (672 400 400 ) (672 400 432 ) 
4 159 162 (672 400 400 ) (672 352 400 ) (672 352 480 ) (672 400 480 ) 
4 160 163 (608 400 480 ) (608 464 480 ) (608 464 448 ) (608 400 448 ) 
4 160 162 (608 400 480 ) (608 400 448 ) (672 400 448 ) (672 400 480 ) 
4 161 163 (608 464 432 ) (608 464 400 ) (608 400 400 ) (608 400 432 ) 
4 161 162 (608 400 432 ) (608 400 400 ) (672 400 400 ) (672 400 432 ) 
4 162 166 (656 352 416 ) (656 352 480 ) (608 352 480 ) (608 352 416 ) 
4 162 163 (608 352 400 ) (608 352 480 ) (608 400 480 ) (608 400 400 ) 
4 163 166 (608 352 416 ) (608 352 576 ) (592 352 576 ) (592 352 416 ) 
4 164 169 (784 192 576 ) (784 192 672 ) (592 192 672 ) (592 192 576 ) 
4 164 168 (592 192 576 ) (592 192 672 ) (592 320 672 ) (592 320 576 ) 
4 164 166 (656 192 576 ) (592 192 576 ) (592 320 576 ) (656 320 576 ) 
4 164 165 (784 320 576 ) (784 192 576 ) (656 192 576 ) (656 320 576 ) 
4 165 176 (784 192 416 ) (784 192 448 ) (656 192 448 ) (656 192 416 ) 
4 165 174 (784 192 448 ) (784 192 480 ) (656 192 480 ) (656 192 448 ) 
4 165 173 (784 192 480 ) (784 192 496 ) (656 192 496 ) (656 192 480 ) 
4 165 172 (784 192 496 ) (784 192 544 ) (656 192 544 ) (656 192 496 ) 
4 165 169 (784 192 544 ) (784 192 576 ) (656 192 576 ) (656 192 544 ) 
4 165 167 (656 192 400 ) (656 192 416 ) (656 320 416 ) (656 320 400 ) 
4 165 166 (656 192 416 ) (656 192 576 ) (656 320 576 ) (656 320 416 ) 
4 166 176 (592 192 448 ) (592 192 416 ) (656 192 416 ) (656 192 448 ) 
4 166 174 (592 192 480 ) (592 192 448 ) (656 192 448 ) (656 192 480 ) 
4 166 173 (592 192 496 ) (592 192 480 ) (656 192 480 ) (656 192 496 ) 
4 166 172 (592 192 544 ) (592 192 496 ) (656 192 496 ) (656 192 544 ) 
4 166 169 (656 192 576 ) (592 192 576 ) (592 192 544 ) (656 192 544 ) 
4 166 168 (592 192 416 ) (592 192 576 ) (592 320 576 ) (592 320 416 ) 
4 166 167 (656 320 416 ) (656 192 416 ) (592 192 416 ) (592 320 416 ) 
4 167 168 (592 192 400 ) (592 192 416 ) (592 320 416 ) (592 320 400 ) 
4 168 195 (-208 192 400 ) (-208 192 480 ) (-208 320 480 ) (-208 320 400 ) 
4 168 194 (-208 192 480 ) (-208 192 672 ) (-208 320 672 ) (-208 320 480 ) 
4 168 189 (-208 192 432 ) (-208 192 416 ) (-192 192 416 ) (-192 192 432 ) 
4 168 188 (-208 192 480 ) (-208 192 432 ) (-192 192 432 ) (-192 192 480 ) 
4 168 187 (-192 192 672 ) (-208 192 672 ) (-208 192 480 ) (-192 192 480 ) 
4 168 176 (-192 192 448 ) (-192 192 416 ) (592 192 416 ) (592 192 448 ) 
4 168 174 (-192 192 480 ) (-192 192 448 ) (592 192 448 ) (592 192 480 ) 
4 168 173 (-192 192 496 ) (-192 192 480 ) (592 192 480 ) (592 192 496 ) 
4 168 172 (-192 192 544 ) (-192 192 496 ) (592 192 496 ) (592 192 544 ) 
4 168 171 (128 192 672 ) (-192 192 672 ) (-192 192 544 ) (128 192 544 ) 
4 168 170 (304 192 672 ) (128 192 672 ) (128 192 544 ) (304 192 544 ) 
4 168 169 (592 192 672 ) (304 192 672 ) (304 192 544 ) (592 192 544 ) 
4 169 172 (304 192 544 ) (784 192 544 ) (784 96 544 ) (304 96 544 ) 
4 169 170 (304 96 672 ) (304 192 672 ) (304 192 544 ) (304 96 544 ) 
4 170 181 (304 64 672 ) (128 64 672 ) (128 64 544 ) (304 64 544 ) 
4 170 172 (128 192 544 ) (304 192 544 ) (304 96 544 ) (128 96 544 ) 
4 170 171 (128 192 672 ) (128 192 544 ) (128 96 544 ) (128 96 672 ) 
4 171 192 (-192 112 544 ) (-192 96 544 ) (-192 96 672 ) (-192 112 672 ) 
4 171 187 (-192 192 672 ) (-192 192 544 ) (-192 112 544 ) (-192 112 672 ) 
4 171 172 (-192 96 544 ) (-192 192 544 ) (128 192 544 ) (128 96 544 ) 
4 172 192 (-192 112 496 ) (-192 96 496 ) (-192 96 544 ) (-192 112 544 ) 
4 172 187 (-192 192 544 ) (-192 192 496 ) (-192 112 496 ) (-192 112 544 ) 
4 172 173 (-192 112 496 ) (-192 192 496 ) (784 192 496 ) (784 112 496 ) 
4 173 187 (-192 192 496 ) (-192 192 480 ) (-192 112 480 ) (-192 112 496 ) 
4 173 175 (-192 128 480 ) (-192 144 480 ) (784 144 480 ) (784 128 480 ) 
4 173 174 (-192 144 480 ) (-192 192 480 ) (784 192 480 ) (784 144 480 ) 
4 174 191 (-192 160 448 ) (-192 144 448 ) (-192 144 464 ) (-192 160 464 ) 
4 174 190 (-192 144 464 ) (-192 144 480 ) (-192 160 480 ) (-192 160 464 ) 
4 174 188 (-192 192 480 ) (-192 192 448 ) (-192 160 448 ) (-192 160 480 ) 
4 174 177 (-192 160 448 ) (-192 176 448 ) (784 176 448 ) (784 160 448 ) 
4 174 176 (-192 176 448 ) (-192 192 448 ) (784 192 448 ) (784 176 448 ) 
4 174 175 (-192 144 480 ) (-192 144 464 ) (784 144 464 ) (784 144 480 ) 
4 175 190 (-192 128 480 ) (-192 144 480 ) (-192 144 464 ) (-192 128 464 ) 
4 176 189 (-192 192 432 ) (-192 192 416 ) (-192 176 416 ) (-192 176 432 ) 
4 176 188 (-192 192 448 ) (-192 192 432 ) (-192 176 432 ) (-192 176 448 ) 
4 176 177 (784 176 432 ) (784 176 448 ) (-192 176 448 ) (-192 176 432 ) 
4 177 188 (-192 160 448 ) (-192 176 448 ) (-192 176 432 ) (-192 160 432 ) 
4 178 193 (784 64 400 ) (784 -320 400 ) (640 -320 400 ) (640 64 400 ) 
4 178 181 (640 64 672 ) (640 64 400 ) (640 -320 400 ) (640 -320 672 ) 
4 178 180 (640 -320 400 ) (784 -320 400 ) (784 -320 512 ) (640 -320 512 ) 
4 178 179 (784 -320 544 ) (784 -320 672 ) (640 -320 672 ) (640 -320 544 ) 
4 179 208 (784 -432 544 ) (784 -432 672 ) (640 -432 672 ) (640 -432 544 ) 
4 179 181 (640 -432 544 ) (640 -432 672 ) (640 -320 672 ) (640 -320 544 ) 
4 180 213 (784 -432 400 ) (784 -432 512 ) (640 -432 512 ) (640 -432 400 ) 
4 180 193 (784 -320 400 ) (784 -432 400 ) (640 -432 400 ) (640 -320 400 ) 
4 180 181 (640 -320 400 ) (640 -432 400 ) (640 -432 512 ) (640 -320 512 ) 
4 181 215 (-112 -432 544 ) (-112 -432 400 ) (160 -432 400 ) (640 -432 544 ) 
4 181 208 (640 -432 672 ) (-112 -432 672 ) (-112 -432 544 ) (640 -432 544 ) 
4 181 193 (640 -432 400 ) (-112 -432 400 ) (-112 64 400 ) (640 64 400 ) 
4 181 184 (-112 -432 416 ) (-112 -432 432 ) (-112 64 432 ) (-112 64 416 ) 
4 181 183 (-112 -432 432 ) (-112 -432 480 ) (-112 64 480 ) (-112 64 432 ) 
4 181 182 (-112 -432 480 ) (-112 -432 672 ) (-112 64 672 ) (-112 64 480 ) 
4 182 217 (-192 -432 544 ) (-192 -432 480 ) (-112 -432 480 ) (-112 -432 544 ) 
4 182 208 (-112 -432 672 ) (-192 -432 672 ) (-192 -432 544 ) (-112 -432 544 ) 
4 182 192 (-192 -432 496 ) (-192 -432 672 ) (-192 64 672 ) (-192 64 496 ) 
4 182 186 (-160 -432 480 ) (-176 -432 480 ) (-176 64 480 ) (-160 64 480 ) 
4 182 185 (-144 -432 480 ) (-160 -432 480 ) (-160 64 480 ) (-144 64 480 ) 
4 182 183 (-112 -432 480 ) (-144 -432 480 ) (-144 64 480 ) (-112 64 480 ) 
4 183 221 (-128 -432 448 ) (-144 -432 448 ) (-144 -432 432 ) (-128 -432 432 ) 
4 183 220 (-112 -432 432 ) (-112 -432 448 ) (-128 -432 448 ) (-128 -432 432 ) 
4 183 218 (-112 -432 448 ) (-112 -432 480 ) (-144 -432 480 ) (-144 -432 448 ) 
4 183 185 (-144 64 480 ) (-144 64 448 ) (-144 -432 448 ) (-144 -432 480 ) 
4 183 184 (-112 -432 432 ) (-128 -432 432 ) (-128 64 432 ) (-112 64 432 ) 
4 184 220 (-112 -432 416 ) (-112 -432 432 ) (-128 -432 432 ) (-128 -432 416 ) 
4 185 218 (-144 -432 448 ) (-144 -432 480 ) (-160 -432 480 ) (-160 -432 448 ) 
4 185 186 (-160 -432 480 ) (-160 64 480 ) (-160 64 464 ) (-160 -432 464 ) 
4 186 219 (-176 -432 464 ) (-160 -432 464 ) (-160 -432 480 ) (-176 -432 480 ) 
4 187 194 (-208 112 672 ) (-208 192 672 ) (-208 192 480 ) (-208 112 480 ) 
4 187 192 (-192 112 496 ) (-192 112 672 ) (-208 112 672 ) (-208 112 496 ) 
4 187 190 (-208 128 480 ) (-208 160 480 ) (-192 160 480 ) (-192 128 480 ) 
4 187 188 (-208 160 480 ) (-208 192 480 ) (-192 192 480 ) (-192 160 480 ) 
4 188 196 (-208 192 480 ) (-208 192 432 ) (-208 160 432 ) (-208 160 480 ) 
4 188 191 (-208 160 464 ) (-208 160 448 ) (-192 160 448 ) (-192 160 464 ) 
4 188 190 (-208 160 480 ) (-208 160 464 ) (-192 160 464 ) (-192 160 480 ) 
4 188 189 (-208 176 432 ) (-208 192 432 ) (-192 192 432 ) (-192 176 432 ) 
4 189 197 (-208 192 432 ) (-208 192 416 ) (-208 176 416 ) (-208 176 432 ) 
4 190 199 (-208 128 480 ) (-208 144 480 ) (-208 144 464 ) (-208 128 464 ) 
4 190 198 (-208 144 480 ) (-208 160 480 ) (-208 160 464 ) (-208 144 464 ) 
4 190 191 (-208 144 464 ) (-208 160 464 ) (-192 160 464 ) (-192 144 464 ) 
4 191 198 (-208 144 448 ) (-208 144 464 ) (-208 160 464 ) (-208 160 448 ) 
4 192 225 (-208 -432 544 ) (-208 -432 496 ) (-192 -432 496 ) (-192 -432 544 ) 
4 192 208 (-192 -432 672 ) (-208 -432 672 ) (-208 -432 544 ) (-192 -432 544 ) 
4 192 194 (-208 -432 496 ) (-208 -432 672 ) (-208 112 672 ) (-208 112 496 ) 
4 194 257 (-208 -432 480 ) (-208 -432 672 ) (-432 -432 672 ) (-432 -432 480 ) 
4 194 205 (-432 -48 480 ) (-432 -128 480 ) (-432 -128 672 ) (-432 -48 672 ) 
4 194 204 (-432 320 480 ) (-288 320 480 ) (-288 -432 480 ) (-432 -432 480 ) 
4 194 203 (-272 -432 480 ) (-288 -432 480 ) (-288 192 480 ) (-272 192 480 ) 
4 194 202 (-256 -432 480 ) (-272 -432 480 ) (-272 160 480 ) (-256 160 480 ) 
4 194 201 (-240 -432 480 ) (-256 -432 480 ) (-256 144 480 ) (-240 144 480 ) 
4 194 200 (-224 -432 480 ) (-240 -432 480 ) (-240 144 480 ) (-224 144 480 ) 
4 194 199 (-208 144 480 ) (-208 128 480 ) (-224 128 480 ) (-224 144 480 ) 
4 194 198 (-208 160 480 ) (-208 144 480 ) (-256 144 480 ) (-256 160 480 ) 
4 194 196 (-208 192 480 ) (-208 160 480 ) (-272 160 480 ) (-272 192 480 ) 
4 194 195 (-288 320 480 ) (-208 320 480 ) (-208 192 480 ) (-288 192 480 ) 
4 195 204 (-288 192 480 ) (-288 320 480 ) (-288 320 400 ) (-288 192 400 ) 
4 195 203 (-272 192 480 ) (-288 192 480 ) (-288 192 416 ) (-272 192 416 ) 
4 195 197 (-208 192 416 ) (-208 192 432 ) (-272 192 432 ) (-272 192 416 ) 
4 195 196 (-208 192 432 ) (-208 192 480 ) (-272 192 480 ) (-272 192 432 ) 
4 196 203 (-272 192 480 ) (-272 192 432 ) (-272 160 432 ) (-272 160 480 ) 
4 196 202 (-256 160 480 ) (-272 160 480 ) (-272 160 432 ) (-256 160 432 ) 
4 196 198 (-208 160 448 ) (-208 160 480 ) (-256 160 480 ) (-256 160 448 ) 
4 196 197 (-272 176 432 ) (-272 192 432 ) (-208 192 432 ) (-208 176 432 ) 
4 197 203 (-272 192 432 ) (-272 192 416 ) (-272 176 416 ) (-272 176 432 ) 
4 198 202 (-256 160 480 ) (-256 160 448 ) (-256 144 448 ) (-256 144 480 ) 
4 198 201 (-240 144 480 ) (-256 144 480 ) (-256 144 448 ) (-240 144 448 ) 
4 198 200 (-224 144 480 ) (-240 144 480 ) (-240 144 464 ) (-224 144 464 ) 
4 198 199 (-208 144 464 ) (-208 144 480 ) (-224 144 480 ) (-224 144 464 ) 
4 199 200 (-224 128 480 ) (-224 144 480 ) (-224 144 464 ) (-224 128 464 ) 
4 200 259 (-224 -432 464 ) (-224 -432 480 ) (-240 -432 480 ) (-240 -432 464 ) 
4 200 201 (-240 144 480 ) (-240 144 464 ) (-240 -432 464 ) (-240 -432 480 ) 
4 201 260 (-240 -432 448 ) (-240 -432 480 ) (-256 -432 480 ) (-256 -432 448 ) 
4 201 202 (-256 -432 448 ) (-256 -432 480 ) (-256 144 480 ) (-256 144 448 ) 
4 202 263 (-256 -432 432 ) (-256 -432 480 ) (-272 -432 480 ) (-272 -432 432 ) 
4 202 203 (-272 -432 432 ) (-272 -432 480 ) (-272 160 480 ) (-272 160 432 ) 
4 203 264 (-272 -432 416 ) (-272 -432 480 ) (-288 -432 480 ) (-288 -432 416 ) 
4 203 204 (-288 -432 480 ) (-288 192 480 ) (-288 192 416 ) (-288 -432 416 ) 
4 204 267 (-288 -432 400 ) (-288 -432 480 ) (-432 -432 480 ) (-432 -432 400 ) 
4 204 205 (-432 -48 400 ) (-432 -128 400 ) (-432 -128 480 ) (-432 -48 480 ) 
4 205 206 (-464 -128 672 ) (-464 -48 672 ) (-464 -48 400 ) (-464 -128 400 ) 
4 206 269 (-464 -432 400 ) (-464 -432 672 ) (-704 -432 672 ) (-704 -432 400 ) 
4 206 207 (-704 -432 400 ) (-704 -432 672 ) (-704 -352 672 ) (-704 -352 400 ) 
4 207 270 (-704 -432 400 ) (-704 -432 672 ) (-1216 -432 672 ) (-1216 -432 400 ) 
4 208 257 (-208 -432 672 ) (-208 -432 544 ) (-208 -1024 544 ) (-208 -1024 672 ) 
4 208 225 (-208 -1024 544 ) (-208 -432 544 ) (-192 -432 544 ) (-192 -1024 544 ) 
4 208 217 (-192 -432 544 ) (-112 -432 544 ) (-112 -1024 544 ) (-192 -1024 544 ) 
4 208 215 (-112 -432 544 ) (640 -432 544 ) (640 -528 544 ) (-112 -528 544 ) 
4 208 216 (640 -528 544 ) (640 -1024 544 ) (-112 -1024 544 ) (-112 -528 544 ) 
4 208 214 (784 -640 544 ) (784 -1024 544 ) (640 -1024 544 ) (640 -640 544 ) 
4 208 212 (-192 -1024 672 ) (-208 -1024 672 ) (-208 -1024 544 ) (-192 -1024 544 ) 
4 208 210 (304 -1024 672 ) (128 -1024 672 ) (128 -1024 544 ) (304 -1024 544 ) 
4 209 229 (784 -1104 544 ) (784 -1104 672 ) (304 -1104 672 ) (304 -1104 544 ) 
4 209 222 (784 -1056 544 ) (784 -1104 544 ) (304 -1104 544 ) (304 -1056 544 ) 
4 209 210 (304 -1040 544 ) (304 -1104 544 ) (304 -1104 672 ) (304 -1040 672 ) 
4 210 229 (128 -1104 672 ) (128 -1104 544 ) (304 -1104 544 ) (304 -1104 672 ) 
4 210 222 (304 -1056 544 ) (304 -1104 544 ) (128 -1104 544 ) (128 -1056 544 ) 
4 210 211 (128 -1040 544 ) (128 -1104 544 ) (128 -1104 672 ) (128 -1040 672 ) 
4 211 229 (-192 -1104 672 ) (-192 -1104 544 ) (128 -1104 544 ) (128 -1104 672 ) 
4 211 222 (128 -1056 544 ) (128 -1104 544 ) (-192 -1104 544 ) (-192 -1056 544 ) 
4 211 212 (-192 -1040 544 ) (-192 -1104 544 ) (-192 -1104 672 ) (-192 -1040 672 ) 
4 212 257 (-208 -1024 544 ) (-208 -1104 544 ) (-208 -1104 672 ) (-208 -1024 672 ) 
4 212 229 (-208 -1104 672 ) (-208 -1104 544 ) (-192 -1104 544 ) (-192 -1104 672 ) 
4 212 227 (-208 -1104 544 ) (-208 -1088 544 ) (-192 -1088 544 ) (-192 -1104 544 ) 
4 212 226 (-208 -1088 544 ) (-208 -1072 544 ) (-192 -1072 544 ) (-192 -1088 544 ) 
4 212 225 (-208 -1072 544 ) (-208 -1024 544 ) (-192 -1024 544 ) (-192 -1072 544 ) 
4 213 228 (784 -528 400 ) (784 -640 400 ) (640 -640 400 ) (640 -528 400 ) 
4 213 216 (640 -528 400 ) (640 -640 400 ) (640 -640 512 ) (640 -528 512 ) 
4 213 214 (640 -640 400 ) (784 -640 400 ) (784 -640 512 ) (640 -640 512 ) 
4 214 228 (784 -640 400 ) (784 -1024 400 ) (640 -1024 400 ) (640 -640 400 ) 
4 214 216 (640 -640 400 ) (640 -1024 400 ) (640 -1024 544 ) (640 -640 544 ) 
4 215 220 (-112 -432 448 ) (-112 -432 416 ) (-112 -528 416 ) (-112 -528 448 ) 
4 215 218 (-112 -432 480 ) (-112 -432 448 ) (-112 -528 448 ) (-112 -528 480 ) 
4 215 217 (-112 -432 544 ) (-112 -432 480 ) (-112 -528 480 ) (-112 -528 544 ) 
4 215 216 (-112 -528 400 ) (160 -528 400 ) (640 -528 544 ) (-112 -528 544 ) 
4 216 228 (640 -528 400 ) (640 -1024 400 ) (-112 -1024 400 ) (-112 -528 400 ) 
4 216 220 (-112 -1024 416 ) (-112 -1024 448 ) (-112 -528 448 ) (-112 -528 416 ) 
4 216 218 (-112 -1024 448 ) (-112 -1024 480 ) (-112 -528 480 ) (-112 -528 448 ) 
4 216 217 (-112 -1024 480 ) (-112 -1024 544 ) (-112 -528 544 ) (-112 -528 480 ) 
4 217 225 (-192 -1024 544 ) (-192 -432 544 ) (-192 -432 496 ) (-192 -1024 496 ) 
4 217 219 (-176 -432 480 ) (-160 -432 480 ) (-160 -1024 480 ) (-176 -1024 480 ) 
4 217 218 (-160 -432 480 ) (-112 -432 480 ) (-112 -1024 480 ) (-160 -1024 480 ) 
4 218 221 (-128 -1024 448 ) (-144 -1024 448 ) (-144 -432 448 ) (-128 -432 448 ) 
4 218 220 (-112 -1024 448 ) (-128 -1024 448 ) (-128 -432 448 ) (-112 -432 448 ) 
4 218 219 (-160 -1024 464 ) (-160 -1024 480 ) (-160 -432 480 ) (-160 -432 464 ) 
4 220 221 (-128 -1024 432 ) (-128 -1024 448 ) (-128 -432 448 ) (-128 -432 432 ) 
4 222 229 (784 -1104 496 ) (784 -1104 544 ) (-192 -1104 544 ) (-192 -1104 496 ) 
4 222 227 (-192 -1104 496 ) (-192 -1104 544 ) (-192 -1088 544 ) (-192 -1088 496 ) 
4 222 226 (-192 -1088 544 ) (-192 -1072 544 ) (-192 -1072 496 ) (-192 -1088 496 ) 
4 222 225 (-192 -1072 544 ) (-192 -1056 544 ) (-192 -1056 496 ) (-192 -1072 496 ) 
4 222 223 (784 -1104 496 ) (-192 -1104 496 ) (-192 -1072 496 ) (784 -1072 496 ) 
4 223 229 (784 -1104 480 ) (784 -1104 496 ) (-192 -1104 496 ) (-192 -1104 480 ) 
4 223 227 (-192 -1104 480 ) (-192 -1104 496 ) (-192 -1088 496 ) (-192 -1088 480 ) 
4 223 226 (-192 -1088 496 ) (-192 -1072 496 ) (-192 -1072 480 ) (-192 -1088 480 ) 
4 223 224 (784 -1088 480 ) (784 -1104 480 ) (-192 -1104 480 ) (-192 -1088 480 ) 
4 224 229 (784 -1104 464 ) (784 -1104 480 ) (-192 -1104 480 ) (-192 -1104 464 ) 
4 224 227 (-192 -1104 464 ) (-192 -1104 480 ) (-192 -1088 480 ) (-192 -1088 464 ) 
4 225 257 (-208 -432 544 ) (-208 -432 496 ) (-208 -1072 496 ) (-208 -1072 544 ) 
4 225 226 (-208 -1072 544 ) (-208 -1072 496 ) (-192 -1072 496 ) (-192 -1072 544 ) 
4 226 257 (-208 -1088 480 ) (-208 -1088 544 ) (-208 -1072 544 ) (-208 -1072 480 ) 
4 226 227 (-192 -1088 544 ) (-208 -1088 544 ) (-208 -1088 480 ) (-192 -1088 480 ) 
4 227 258 (-208 -1104 464 ) (-208 -1104 480 ) (-208 -1088 480 ) (-208 -1088 464 ) 
4 227 257 (-208 -1104 480 ) (-208 -1104 544 ) (-208 -1088 544 ) (-208 -1088 480 ) 
4 227 229 (-192 -1104 544 ) (-208 -1104 544 ) (-208 -1104 464 ) (-192 -1104 464 ) 
4 229 265 (-208 -1136 448 ) (-208 -1152 448 ) (-208 -1152 480 ) (-208 -1136 480 ) 
4 229 261 (-208 -1104 480 ) (-208 -1104 448 ) (-208 -1136 448 ) (-208 -1136 480 ) 
4 229 257 (-208 -1152 672 ) (-208 -1104 672 ) (-208 -1104 480 ) (-208 -1152 480 ) 
4 229 236 (592 -1152 672 ) (-208 -1152 672 ) (-208 -1152 448 ) (592 -1152 448 ) 
4 229 234 (656 -1152 576 ) (592 -1152 576 ) (592 -1152 448 ) (656 -1152 448 ) 
4 229 233 (784 -1152 448 ) (784 -1152 576 ) (656 -1152 576 ) (656 -1152 448 ) 
4 229 232 (784 -1152 576 ) (784 -1152 672 ) (592 -1152 672 ) (592 -1152 576 ) 
4 229 231 (-208 -1152 448 ) (-208 -1136 448 ) (784 -1136 448 ) (784 -1152 448 ) 
4 229 230 (-208 -1136 448 ) (-208 -1120 448 ) (784 -1120 448 ) (784 -1136 448 ) 
4 230 262 (-208 -1120 432 ) (-208 -1136 432 ) (-208 -1136 448 ) (-208 -1120 448 ) 
4 230 231 (-208 -1136 448 ) (-208 -1136 432 ) (784 -1136 432 ) (784 -1136 448 ) 
4 231 265 (-208 -1152 416 ) (-208 -1152 448 ) (-208 -1136 448 ) (-208 -1136 416 ) 
4 231 236 (592 -1152 448 ) (-208 -1152 448 ) (-208 -1152 416 ) (592 -1152 416 ) 
4 231 234 (656 -1152 448 ) (592 -1152 448 ) (592 -1152 416 ) (656 -1152 416 ) 
4 231 233 (784 -1152 416 ) (784 -1152 448 ) (656 -1152 448 ) (656 -1152 416 ) 
4 232 236 (592 -1152 672 ) (592 -1152 576 ) (592 -1280 576 ) (592 -1280 672 ) 
4 232 234 (592 -1152 576 ) (656 -1152 576 ) (656 -1280 576 ) (592 -1280 576 ) 
4 232 233 (656 -1152 576 ) (784 -1152 576 ) (784 -1280 576 ) (656 -1280 576 ) 
4 233 235 (656 -1152 416 ) (656 -1152 400 ) (656 -1280 400 ) (656 -1280 416 ) 
4 233 234 (656 -1280 576 ) (656 -1152 576 ) (656 -1152 416 ) (656 -1280 416 ) 
4 234 256 (608 -1312 576 ) (592 -1312 576 ) (592 -1312 416 ) (608 -1312 416 ) 
4 234 240 (656 -1312 416 ) (656 -1312 480 ) (608 -1312 480 ) (608 -1312 416 ) 
4 234 238 (656 -1312 480 ) (656 -1312 576 ) (608 -1312 576 ) (608 -1312 480 ) 
4 234 236 (592 -1152 576 ) (592 -1152 416 ) (592 -1280 416 ) (592 -1280 576 ) 
4 234 235 (592 -1152 416 ) (656 -1152 416 ) (656 -1280 416 ) (592 -1280 416 ) 
4 235 236 (592 -1152 416 ) (592 -1152 400 ) (592 -1280 400 ) (592 -1280 416 ) 
4 236 266 (-208 -1152 480 ) (-208 -1152 400 ) (-208 -1280 400 ) (-208 -1280 480 ) 
4 236 257 (-208 -1280 672 ) (-208 -1152 672 ) (-208 -1152 480 ) (-208 -1280 480 ) 
4 237 251 (752 -1664 496 ) (752 -1664 528 ) (752 -1600 528 ) (752 -1600 496 ) 
4 237 253 (752 -1600 400 ) (752 -1664 400 ) (752 -1664 496 ) (752 -1600 496 ) 
4 237 250 (752 -1536 400 ) (752 -1600 400 ) (752 -1600 528 ) (752 -1536 528 ) 
4 237 255 (752 -1664 400 ) (752 -1792 400 ) (752 -1792 528 ) (752 -1664 528 ) 
4 237 248 (752 -1792 544 ) (752 -1792 672 ) (752 -1728 672 ) (752 -1728 544 ) 
4 237 247 (752 -1728 672 ) (752 -1536 672 ) (752 -1536 528 ) (752 -1728 528 ) 
4 237 243 (752 -1424 400 ) (752 -1536 400 ) (752 -1536 480 ) (752 -1424 480 ) 
4 237 239 (752 -1312 480 ) (752 -1312 400 ) (752 -1424 400 ) (752 -1424 480 ) 
4 237 238 (752 -1312 672 ) (752 -1312 480 ) (752 -1536 480 ) (752 -1536 672 ) 
4 238 256 (608 -1536 672 ) (608 -1312 672 ) (608 -1312 480 ) (608 -1536 480 ) 
4 238 250 (752 -1536 480 ) (752 -1536 528 ) (656 -1536 528 ) (656 -1536 480 ) 
4 238 254 (656 -1536 528 ) (608 -1536 528 ) (608 -1536 480 ) (656 -1536 480 ) 
4 238 247 (752 -1536 528 ) (752 -1536 672 ) (608 -1536 672 ) (608 -1536 528 ) 
4 238 246 (608 -1536 480 ) (608 -1472 480 ) (640 -1472 480 ) (640 -1536 480 ) 
4 238 244 (608 -1472 480 ) (608 -1424 480 ) (704 -1424 480 ) (704 -1472 480 ) 
4 238 243 (704 -1424 480 ) (752 -1424 480 ) (752 -1536 480 ) (704 -1536 480 ) 
4 238 241 (608 -1424 480 ) (608 -1360 480 ) (672 -1360 480 ) (672 -1424 480 ) 
4 238 240 (608 -1360 480 ) (608 -1312 480 ) (672 -1312 480 ) (672 -1360 480 ) 
4 238 239 (672 -1312 480 ) (752 -1312 480 ) (752 -1424 480 ) (672 -1424 480 ) 
4 239 244 (672 -1424 400 ) (704 -1424 400 ) (704 -1424 480 ) (672 -1424 480 ) 
4 239 243 (704 -1424 400 ) (752 -1424 400 ) (752 -1424 480 ) (704 -1424 480 ) 
4 239 241 (672 -1424 480 ) (672 -1360 480 ) (672 -1360 448 ) (672 -1424 448 ) 
4 239 242 (672 -1360 432 ) (672 -1360 400 ) (672 -1424 400 ) (672 -1424 432 ) 
4 239 240 (672 -1360 480 ) (672 -1312 480 ) (672 -1312 400 ) (672 -1360 400 ) 
4 240 256 (608 -1312 480 ) (608 -1312 400 ) (608 -1360 400 ) (608 -1360 480 ) 
4 240 241 (608 -1360 480 ) (608 -1360 448 ) (672 -1360 448 ) (672 -1360 480 ) 
4 240 242 (608 -1360 432 ) (608 -1360 400 ) (672 -1360 400 ) (672 -1360 432 ) 
4 241 256 (608 -1424 448 ) (608 -1424 480 ) (608 -1360 480 ) (608 -1360 448 ) 
4 241 244 (608 -1424 480 ) (608 -1424 448 ) (672 -1424 448 ) (672 -1424 480 ) 
4 242 256 (608 -1360 400 ) (608 -1424 400 ) (608 -1424 432 ) (608 -1360 432 ) 
4 242 244 (608 -1424 432 ) (608 -1424 400 ) (672 -1424 400 ) (672 -1424 432 ) 
4 243 250 (704 -1536 400 ) (752 -1536 400 ) (752 -1536 480 ) (704 -1536 480 ) 
4 243 245 (704 -1472 400 ) (704 -1536 400 ) (704 -1536 464 ) (704 -1472 464 ) 
4 243 244 (704 -1424 480 ) (704 -1424 400 ) (704 -1472 400 ) (704 -1472 480 ) 
4 244 256 (608 -1424 400 ) (608 -1472 400 ) (608 -1472 480 ) (608 -1424 480 ) 
4 244 245 (640 -1472 400 ) (704 -1472 400 ) (704 -1472 464 ) (640 -1472 464 ) 
4 244 246 (608 -1472 480 ) (608 -1472 400 ) (640 -1472 400 ) (640 -1472 480 ) 
4 245 250 (656 -1536 400 ) (704 -1536 400 ) (704 -1536 464 ) (656 -1536 464 ) 
4 245 254 (640 -1536 400 ) (656 -1536 400 ) (656 -1536 464 ) (640 -1536 464 ) 
4 245 246 (640 -1472 400 ) (640 -1536 400 ) (640 -1536 464 ) (640 -1472 464 ) 
4 246 256 (608 -1472 400 ) (608 -1536 400 ) (608 -1536 480 ) (608 -1472 480 ) 
4 246 254 (608 -1536 400 ) (640 -1536 400 ) (640 -1536 480 ) (608 -1536 480 ) 
4 247 256 (608 -1728 672 ) (608 -1536 672 ) (608 -1536 528 ) (608 -1728 528 ) 
4 247 252 (720 -1664 528 ) (656 -1664 528 ) (656 -1600 528 ) (720 -1600 528 ) 
4 247 251 (752 -1600 528 ) (752 -1664 528 ) (720 -1664 528 ) (720 -1600 528 ) 
4 247 250 (656 -1536 528 ) (752 -1536 528 ) (752 -1600 528 ) (656 -1600 528 ) 
4 247 254 (608 -1664 528 ) (608 -1536 528 ) (656 -1536 528 ) (656 -1664 528 ) 
4 247 255 (608 -1728 528 ) (608 -1664 528 ) (752 -1664 528 ) (752 -1728 528 ) 
4 247 248 (752 -1728 544 ) (752 -1728 672 ) (688 -1728 672 ) (688 -1728 544 ) 
4 247 249 (688 -1728 672 ) (608 -1728 672 ) (608 -1728 528 ) (688 -1728 528 ) 
4 248 249 (688 -1792 544 ) (688 -1792 672 ) (688 -1728 672 ) (688 -1728 544 ) 
4 249 256 (608 -1792 528 ) (608 -1792 672 ) (608 -1728 672 ) (608 -1728 528 ) 
4 249 255 (688 -1792 528 ) (608 -1792 528 ) (608 -1728 528 ) (688 -1728 528 ) 
4 250 252 (720 -1600 528 ) (656 -1600 528 ) (656 -1600 512 ) (720 -1600 512 ) 
4 250 251 (752 -1600 496 ) (752 -1600 528 ) (720 -1600 528 ) (720 -1600 496 ) 
4 250 253 (656 -1600 400 ) (752 -1600 400 ) (752 -1600 496 ) (656 -1600 496 ) 
4 250 254 (656 -1536 528 ) (656 -1536 400 ) (656 -1600 400 ) (656 -1600 528 ) 
4 251 252 (720 -1600 528 ) (720 -1600 512 ) (720 -1664 512 ) (720 -1664 528 ) 
4 251 253 (720 -1600 496 ) (752 -1600 496 ) (752 -1664 496 ) (720 -1664 496 ) 
4 251 255 (752 -1664 496 ) (752 -1664 528 ) (720 -1664 528 ) (720 -1664 496 ) 
4 252 255 (720 -1664 528 ) (656 -1664 528 ) (656 -1664 512 ) (720 -1664 512 ) 
4 252 254 (656 -1664 512 ) (656 -1664 528 ) (656 -1600 528 ) (656 -1600 512 ) 
4 253 255 (656 -1664 400 ) (752 -1664 400 ) (752 -1664 496 ) (656 -1664 496 ) 
4 253 254 (656 -1600 400 ) (656 -1664 400 ) (656 -1664 496 ) (656 -1600 496 ) 
4 254 256 (608 -1664 528 ) (608 -1536 528 ) (608 -1536 400 ) (608 -1664 400 ) 
4 254 255 (608 -1664 400 ) (656 -1664 400 ) (656 -1664 528 ) (608 -1664 528 ) 
4 255 256 (608 -1792 400 ) (608 -1792 528 ) (608 -1664 528 ) (608 -1664 400 ) 
4 257 268 (-432 -832 480 ) (-432 -912 480 ) (-432 -912 672 ) (-432 -832 672 ) 
4 257 267 (-432 -432 480 ) (-288 -432 480 ) (-288 -1280 480 ) (-432 -1280 480 ) 
4 257 266 (-208 -1152 480 ) (-208 -1280 480 ) (-288 -1280 480 ) (-288 -1152 480 ) 
4 257 265 (-208 -1136 480 ) (-208 -1152 480 ) (-288 -1152 480 ) (-288 -1136 480 ) 
4 257 264 (-288 -432 480 ) (-272 -432 480 ) (-272 -1136 480 ) (-288 -1136 480 ) 
4 257 263 (-272 -432 480 ) (-256 -432 480 ) (-256 -1136 480 ) (-272 -1136 480 ) 
4 257 261 (-208 -1104 480 ) (-208 -1136 480 ) (-256 -1136 480 ) (-256 -1104 480 ) 
4 257 260 (-256 -432 480 ) (-240 -432 480 ) (-240 -1104 480 ) (-256 -1104 480 ) 
4 257 259 (-240 -432 480 ) (-224 -432 480 ) (-224 -1104 480 ) (-240 -1104 480 ) 
4 257 258 (-208 -1088 480 ) (-208 -1104 480 ) (-224 -1104 480 ) (-224 -1088 480 ) 
4 258 261 (-208 -1104 464 ) (-208 -1104 480 ) (-224 -1104 480 ) (-224 -1104 464 ) 
4 258 259 (-224 -1088 464 ) (-224 -1104 464 ) (-224 -1104 480 ) (-224 -1088 480 ) 
4 259 261 (-224 -1104 464 ) (-224 -1104 480 ) (-240 -1104 480 ) (-240 -1104 464 ) 
4 259 260 (-240 -1104 480 ) (-240 -432 480 ) (-240 -432 464 ) (-240 -1104 464 ) 
4 260 263 (-256 -1104 480 ) (-256 -432 480 ) (-256 -432 448 ) (-256 -1104 448 ) 
4 260 261 (-240 -1104 448 ) (-240 -1104 480 ) (-256 -1104 480 ) (-256 -1104 448 ) 
4 261 265 (-208 -1136 448 ) (-208 -1136 480 ) (-256 -1136 480 ) (-256 -1136 448 ) 
4 261 263 (-256 -1136 480 ) (-256 -1104 480 ) (-256 -1104 448 ) (-256 -1136 448 ) 
4 261 262 (-256 -1136 448 ) (-256 -1120 448 ) (-208 -1120 448 ) (-208 -1136 448 ) 
4 262 265 (-208 -1136 432 ) (-208 -1136 448 ) (-256 -1136 448 ) (-256 -1136 432 ) 
4 262 263 (-256 -1136 432 ) (-256 -1136 448 ) (-256 -1120 448 ) (-256 -1120 432 ) 
4 263 265 (-256 -1136 432 ) (-256 -1136 480 ) (-272 -1136 480 ) (-272 -1136 432 ) 
4 263 264 (-272 -432 480 ) (-272 -432 432 ) (-272 -1136 432 ) (-272 -1136 480 ) 
4 264 267 (-288 -1136 480 ) (-288 -432 480 ) (-288 -432 416 ) (-288 -1136 416 ) 
4 264 265 (-272 -1136 416 ) (-272 -1136 480 ) (-288 -1136 480 ) (-288 -1136 416 ) 
4 265 267 (-288 -1152 480 ) (-288 -1136 480 ) (-288 -1136 416 ) (-288 -1152 416 ) 
4 265 266 (-288 -1152 480 ) (-288 -1152 416 ) (-208 -1152 416 ) (-208 -1152 480 ) 
4 266 267 (-288 -1280 400 ) (-288 -1280 480 ) (-288 -1152 480 ) (-288 -1152 400 ) 
4 267 268 (-432 -832 400 ) (-432 -912 400 ) (-432 -912 480 ) (-432 -832 480 ) 
4 268 269 (-464 -912 672 ) (-464 -832 672 ) (-464 -832 400 ) (-464 -912 400 ) 
4 269 270 (-704 -608 672 ) (-704 -432 672 ) (-704 -432 400 ) (-704 -608 400 ) 
