PRT1
381
1214
4 0 4 (2080 -352 672 ) (2080 -352 704 ) (2080 320 704 ) (2080 320 672 ) 
4 0 2 (2080 -352 704 ) (2080 -352 672 ) (2320 -352 672 ) (2320 -352 704 ) 
4 1 6 (2080 -128 672 ) (2080 -48 672 ) (2080 -48 400 ) (2080 -128 400 ) 
4 1 3 (2320 -352 672 ) (2080 -352 672 ) (2080 -352 400 ) (2320 -352 400 ) 
4 2 89 (2320 -432 704 ) (2080 -432 704 ) (2080 -432 672 ) (2320 -432 672 ) 
4 2 88 (2832 -432 672 ) (2832 -432 704 ) (2320 -432 704 ) (2320 -432 672 ) 
4 2 4 (2080 -432 672 ) (2080 -432 704 ) (2080 -352 704 ) (2080 -352 672 ) 
4 3 90 (2832 -432 400 ) (2832 -432 672 ) (2080 -432 672 ) (2080 -432 400 ) 
4 4 89 (2080 -432 672 ) (2080 -432 704 ) (1824 -432 704 ) (1824 -432 672 ) 
4 4 50 (1824 -432 672 ) (1824 -432 704 ) (1824 192 704 ) (1824 192 672 ) 
4 4 45 (1824 192 704 ) (1824 320 704 ) (1824 320 672 ) (1824 192 672 ) 
4 5 11 (1904 -48 416 ) (1904 -48 480 ) (1904 176 480 ) (1904 176 416 ) 
4 5 10 (1904 -48 480 ) (1904 -48 672 ) (1904 176 672 ) (1904 176 480 ) 
4 5 9 (1904 320 416 ) (1904 320 400 ) (1904 192 400 ) (1904 192 416 ) 
4 5 8 (1904 176 672 ) (1904 320 672 ) (1904 320 416 ) (1904 176 416 ) 
4 5 6 (2048 -48 672 ) (1904 -48 672 ) (1904 -48 400 ) (2048 -48 400 ) 
4 6 11 (1904 -128 416 ) (1904 -128 480 ) (1904 -48 480 ) (1904 -48 416 ) 
4 6 10 (1904 -128 480 ) (1904 -128 672 ) (1904 -48 672 ) (1904 -48 480 ) 
4 6 7 (1904 -128 672 ) (1904 -128 400 ) (2048 -128 400 ) (2048 -128 672 ) 
4 7 92 (2048 -432 672 ) (1904 -432 672 ) (1904 -432 400 ) (2048 -432 400 ) 
4 7 11 (1904 -432 416 ) (1904 -432 480 ) (1904 -128 480 ) (1904 -128 416 ) 
4 7 10 (1904 -432 480 ) (1904 -432 672 ) (1904 -128 672 ) (1904 -128 480 ) 
4 8 54 (1824 176 416 ) (1824 176 448 ) (1824 192 448 ) (1824 192 416 ) 
4 8 52 (1824 176 448 ) (1824 176 480 ) (1824 192 480 ) (1824 192 448 ) 
4 8 51 (1824 176 480 ) (1824 176 672 ) (1824 192 672 ) (1824 192 480 ) 
4 8 47 (1824 320 624 ) (1824 320 416 ) (1824 192 416 ) (1824 192 624 ) 
4 8 46 (1824 192 672 ) (1824 320 672 ) (1824 320 624 ) (1824 192 624 ) 
4 8 14 (1824 176 448 ) (1824 176 432 ) (1872 176 432 ) (1872 176 448 ) 
4 8 13 (1824 176 480 ) (1824 176 448 ) (1872 176 448 ) (1872 176 480 ) 
4 8 12 (1888 176 432 ) (1888 176 480 ) (1872 176 480 ) (1872 176 432 ) 
4 8 11 (1888 176 416 ) (1904 176 416 ) (1904 176 480 ) (1888 176 480 ) 
4 8 10 (1824 176 672 ) (1824 176 480 ) (1904 176 480 ) (1904 176 672 ) 
4 8 9 (1824 192 416 ) (1824 320 416 ) (1904 320 416 ) (1904 192 416 ) 
4 9 47 (1824 192 400 ) (1824 192 416 ) (1824 320 416 ) (1824 320 400 ) 
4 10 95 (1904 -432 480 ) (1904 -432 672 ) (1824 -432 672 ) (1824 -432 480 ) 
4 10 56 (1824 -432 496 ) (1824 -432 672 ) (1824 112 672 ) (1824 112 496 ) 
4 10 51 (1824 112 672 ) (1824 176 672 ) (1824 176 480 ) (1824 112 480 ) 
4 10 17 (1824 128 480 ) (1824 144 480 ) (1840 144 480 ) (1840 128 480 ) 
4 10 16 (1856 -432 480 ) (1840 -432 480 ) (1840 144 480 ) (1856 144 480 ) 
4 10 15 (1872 -432 480 ) (1856 -432 480 ) (1856 144 480 ) (1872 144 480 ) 
4 10 13 (1824 144 480 ) (1824 176 480 ) (1872 176 480 ) (1872 144 480 ) 
4 10 12 (1888 -432 480 ) (1872 -432 480 ) (1872 176 480 ) (1888 176 480 ) 
4 10 11 (1904 -432 480 ) (1888 -432 480 ) (1888 176 480 ) (1904 176 480 ) 
4 11 96 (1904 -432 416 ) (1904 -432 480 ) (1888 -432 480 ) (1888 -432 416 ) 
4 11 12 (1888 -432 432 ) (1888 -432 480 ) (1888 176 480 ) (1888 176 432 ) 
4 12 97 (1888 -432 432 ) (1888 -432 480 ) (1872 -432 480 ) (1872 -432 432 ) 
4 12 15 (1872 -432 448 ) (1872 -432 480 ) (1872 144 480 ) (1872 144 448 ) 
4 12 14 (1872 176 448 ) (1872 176 432 ) (1872 160 432 ) (1872 160 448 ) 
4 12 13 (1872 176 480 ) (1872 176 448 ) (1872 144 448 ) (1872 144 480 ) 
4 13 52 (1824 144 448 ) (1824 144 480 ) (1824 176 480 ) (1824 176 448 ) 
4 13 17 (1840 144 480 ) (1824 144 480 ) (1824 144 464 ) (1840 144 464 ) 
4 13 16 (1856 144 480 ) (1840 144 480 ) (1840 144 464 ) (1856 144 464 ) 
4 13 15 (1872 144 448 ) (1872 144 480 ) (1856 144 480 ) (1856 144 448 ) 
4 13 14 (1824 160 448 ) (1824 176 448 ) (1872 176 448 ) (1872 160 448 ) 
4 14 55 (1824 160 432 ) (1824 160 448 ) (1824 176 448 ) (1824 176 432 ) 
4 15 98 (1872 -432 448 ) (1872 -432 480 ) (1856 -432 480 ) (1856 -432 448 ) 
4 15 16 (1856 -432 464 ) (1856 -432 480 ) (1856 144 480 ) (1856 144 464 ) 
4 16 99 (1856 -432 464 ) (1856 -432 480 ) (1840 -432 480 ) (1840 -432 464 ) 
4 16 17 (1840 144 480 ) (1840 144 464 ) (1840 128 464 ) (1840 128 480 ) 
4 17 53 (1824 128 464 ) (1824 128 480 ) (1824 144 480 ) (1824 144 464 ) 
4 18 179 (816 832 704 ) (816 832 672 ) (816 352 672 ) (816 352 704 ) 
4 19 43 (1008 400 400 ) (1024 400 400 ) (1024 400 416 ) (1008 400 416 ) 
4 19 42 (1024 400 416 ) (1024 400 576 ) (1008 400 576 ) (1008 400 416 ) 
4 19 41 (1024 400 576 ) (1024 400 672 ) (1008 400 672 ) (1008 400 576 ) 
4 19 34 (1008 400 448 ) (1008 400 480 ) (1008 464 480 ) (1008 464 448 ) 
4 19 35 (1008 464 400 ) (1008 400 400 ) (1008 400 432 ) (1008 464 432 ) 
4 19 33 (1008 512 400 ) (1008 464 400 ) (1008 464 480 ) (1008 512 480 ) 
4 19 30 (1008 576 400 ) (1008 512 400 ) (1008 512 480 ) (1008 576 480 ) 
4 19 29 (1008 640 400 ) (1008 576 400 ) (1008 576 480 ) (1008 640 480 ) 
4 19 28 (1008 400 480 ) (1008 400 672 ) (1008 640 672 ) (1008 640 480 ) 
4 19 24 (1008 704 400 ) (1008 640 400 ) (1008 640 544 ) (1008 704 544 ) 
4 19 21 (1008 832 544 ) (1008 832 400 ) (1008 704 400 ) (1008 704 544 ) 
4 19 20 (1008 832 672 ) (1008 832 544 ) (1008 640 544 ) (1008 640 672 ) 
4 20 38 (864 832 560 ) (864 832 544 ) (864 768 544 ) (864 768 560 ) 
4 20 37 (864 768 672 ) (864 832 672 ) (864 832 560 ) (864 768 560 ) 
4 20 40 (864 640 544 ) (864 640 672 ) (864 768 672 ) (864 768 544 ) 
4 20 28 (864 640 672 ) (864 640 544 ) (1008 640 544 ) (1008 640 672 ) 
4 20 25 (896 704 544 ) (960 704 544 ) (960 640 544 ) (896 640 544 ) 
4 20 26 (864 640 544 ) (864 704 544 ) (896 704 544 ) (896 640 544 ) 
4 20 24 (960 704 544 ) (1008 704 544 ) (1008 640 544 ) (960 640 544 ) 
4 20 22 (864 704 544 ) (864 768 544 ) (928 768 544 ) (928 704 544 ) 
4 20 21 (928 832 544 ) (1008 832 544 ) (1008 704 544 ) (928 704 544 ) 
4 21 25 (960 704 512 ) (960 704 544 ) (928 704 544 ) (928 704 512 ) 
4 21 27 (928 704 400 ) (960 704 400 ) (960 704 496 ) (928 704 496 ) 
4 21 24 (960 704 400 ) (1008 704 400 ) (1008 704 544 ) (960 704 544 ) 
4 21 22 (928 704 544 ) (928 768 544 ) (928 768 528 ) (928 704 528 ) 
4 21 23 (928 832 528 ) (928 832 400 ) (928 704 400 ) (928 704 528 ) 
4 22 40 (864 704 528 ) (864 704 544 ) (864 768 544 ) (864 768 528 ) 
4 22 25 (896 704 528 ) (928 704 528 ) (928 704 544 ) (896 704 544 ) 
4 22 26 (864 704 544 ) (864 704 528 ) (896 704 528 ) (896 704 544 ) 
4 22 23 (928 704 528 ) (864 704 528 ) (864 768 528 ) (928 768 528 ) 
4 23 39 (864 832 400 ) (864 768 400 ) (864 768 528 ) (864 832 528 ) 
4 23 40 (864 768 400 ) (864 704 400 ) (864 704 528 ) (864 768 528 ) 
4 23 25 (928 704 512 ) (928 704 528 ) (896 704 528 ) (896 704 512 ) 
4 23 26 (864 704 528 ) (864 704 496 ) (896 704 496 ) (896 704 528 ) 
4 23 27 (864 704 496 ) (864 704 400 ) (928 704 400 ) (928 704 496 ) 
4 24 29 (960 640 400 ) (1008 640 400 ) (1008 640 480 ) (960 640 480 ) 
4 24 28 (1008 640 480 ) (1008 640 544 ) (960 640 544 ) (960 640 480 ) 
4 24 25 (960 704 544 ) (960 704 512 ) (960 640 512 ) (960 640 544 ) 
4 24 27 (960 704 496 ) (960 704 400 ) (960 640 400 ) (960 640 496 ) 
4 25 28 (960 640 512 ) (960 640 544 ) (896 640 544 ) (896 640 512 ) 
4 25 26 (896 704 544 ) (896 704 512 ) (896 640 512 ) (896 640 544 ) 
4 26 40 (864 640 496 ) (864 640 544 ) (864 704 544 ) (864 704 496 ) 
4 26 28 (864 640 544 ) (864 640 496 ) (896 640 496 ) (896 640 544 ) 
4 26 27 (896 640 496 ) (864 640 496 ) (864 704 496 ) (896 704 496 ) 
4 27 40 (864 704 400 ) (864 640 400 ) (864 640 496 ) (864 704 496 ) 
4 27 29 (912 640 400 ) (960 640 400 ) (960 640 480 ) (912 640 480 ) 
4 27 32 (864 640 480 ) (864 640 400 ) (912 640 400 ) (912 640 480 ) 
4 27 28 (864 640 496 ) (864 640 480 ) (960 640 480 ) (960 640 496 ) 
4 28 44 (960 400 576 ) (864 400 576 ) (864 400 480 ) (960 400 480 ) 
4 28 42 (1008 400 480 ) (1008 400 576 ) (960 400 576 ) (960 400 480 ) 
4 28 41 (1008 400 576 ) (1008 400 672 ) (864 400 672 ) (864 400 576 ) 
4 28 40 (864 400 480 ) (864 400 672 ) (864 640 672 ) (864 640 480 ) 
4 28 34 (1008 400 480 ) (944 400 480 ) (944 464 480 ) (1008 464 480 ) 
4 28 33 (944 464 480 ) (944 512 480 ) (1008 512 480 ) (1008 464 480 ) 
4 28 36 (944 400 480 ) (864 400 480 ) (864 512 480 ) (944 512 480 ) 
4 28 30 (1008 576 480 ) (1008 512 480 ) (976 512 480 ) (976 576 480 ) 
4 28 29 (912 640 480 ) (1008 640 480 ) (1008 576 480 ) (912 576 480 ) 
4 28 32 (864 512 480 ) (864 640 480 ) (912 640 480 ) (912 512 480 ) 
4 29 31 (912 576 400 ) (976 576 400 ) (976 576 464 ) (912 576 464 ) 
4 29 30 (976 576 400 ) (1008 576 400 ) (1008 576 480 ) (976 576 480 ) 
4 29 32 (912 576 480 ) (912 640 480 ) (912 640 400 ) (912 576 400 ) 
4 30 33 (976 512 400 ) (1008 512 400 ) (1008 512 480 ) (976 512 480 ) 
4 30 31 (976 576 400 ) (976 512 400 ) (976 512 464 ) (976 576 464 ) 
4 31 33 (944 512 400 ) (976 512 400 ) (976 512 464 ) (944 512 464 ) 
4 31 36 (912 512 400 ) (944 512 400 ) (944 512 464 ) (912 512 464 ) 
4 31 32 (912 576 464 ) (912 576 400 ) (912 512 400 ) (912 512 464 ) 
4 32 40 (864 640 400 ) (864 512 400 ) (864 512 480 ) (864 640 480 ) 
4 32 36 (864 512 480 ) (864 512 400 ) (912 512 400 ) (912 512 480 ) 
4 33 34 (1008 464 448 ) (1008 464 480 ) (944 464 480 ) (944 464 448 ) 
4 33 35 (944 464 400 ) (1008 464 400 ) (1008 464 432 ) (944 464 432 ) 
4 33 36 (944 512 480 ) (944 512 400 ) (944 464 400 ) (944 464 480 ) 
4 34 44 (960 400 480 ) (944 400 480 ) (944 400 448 ) (960 400 448 ) 
4 34 42 (1008 400 448 ) (1008 400 480 ) (960 400 480 ) (960 400 448 ) 
4 34 36 (944 400 448 ) (944 400 480 ) (944 464 480 ) (944 464 448 ) 
4 35 44 (944 400 400 ) (960 400 400 ) (960 400 432 ) (944 400 432 ) 
4 35 43 (960 400 400 ) (1008 400 400 ) (1008 400 416 ) (960 400 416 ) 
4 35 42 (1008 400 416 ) (1008 400 432 ) (960 400 432 ) (960 400 416 ) 
4 35 36 (944 464 400 ) (944 400 400 ) (944 400 432 ) (944 464 432 ) 
4 36 44 (864 400 400 ) (944 400 400 ) (944 400 480 ) (864 400 480 ) 
4 36 40 (864 512 400 ) (864 400 400 ) (864 400 480 ) (864 512 480 ) 
4 37 180 (816 768 672 ) (816 832 672 ) (816 832 560 ) (816 768 560 ) 
4 37 38 (864 768 560 ) (832 768 560 ) (832 832 560 ) (864 832 560 ) 
4 37 40 (816 768 672 ) (816 768 560 ) (864 768 560 ) (864 768 672 ) 
4 38 40 (832 768 544 ) (864 768 544 ) (864 768 560 ) (832 768 560 ) 
4 38 39 (832 832 544 ) (864 832 544 ) (864 768 544 ) (832 768 544 ) 
4 39 202 (816 832 432 ) (816 832 400 ) (816 768 400 ) (816 768 432 ) 
4 39 193 (816 832 480 ) (816 832 432 ) (816 768 432 ) (816 768 480 ) 
4 39 182 (816 832 544 ) (816 832 480 ) (816 768 480 ) (816 768 544 ) 
4 39 40 (816 768 544 ) (816 768 400 ) (864 768 400 ) (864 768 544 ) 
4 40 202 (816 768 432 ) (816 768 400 ) (816 400 400 ) (816 400 432 ) 
4 40 198 (816 464 432 ) (816 400 432 ) (816 400 480 ) (816 464 480 ) 
4 40 194 (816 576 432 ) (816 512 432 ) (816 512 480 ) (816 576 480 ) 
4 40 197 (816 512 432 ) (816 464 432 ) (816 464 480 ) (816 512 480 ) 
4 40 193 (816 768 480 ) (816 768 432 ) (816 576 432 ) (816 576 480 ) 
4 40 181 (816 768 560 ) (816 768 544 ) (816 640 544 ) (816 640 560 ) 
4 40 182 (816 768 544 ) (816 768 480 ) (816 640 480 ) (816 640 544 ) 
4 40 192 (816 640 480 ) (816 400 480 ) (816 400 560 ) (816 640 560 ) 
4 40 180 (816 400 672 ) (816 768 672 ) (816 768 560 ) (816 400 560 ) 
4 40 44 (816 400 576 ) (816 400 400 ) (864 400 400 ) (864 400 576 ) 
4 40 41 (816 400 672 ) (816 400 576 ) (864 400 576 ) (864 400 672 ) 
4 41 180 (816 352 672 ) (816 400 672 ) (816 400 576 ) (816 352 576 ) 
4 41 44 (816 352 576 ) (816 400 576 ) (960 400 576 ) (960 352 576 ) 
4 41 42 (960 400 576 ) (1024 400 576 ) (1024 352 576 ) (960 352 576 ) 
4 42 49 (1024 320 576 ) (960 320 576 ) (960 320 416 ) (1024 320 416 ) 
4 42 44 (960 352 576 ) (960 400 576 ) (960 400 416 ) (960 352 416 ) 
4 42 43 (960 400 416 ) (1024 400 416 ) (1024 352 416 ) (960 352 416 ) 
4 43 44 (960 400 400 ) (960 352 400 ) (960 352 416 ) (960 400 416 ) 
4 44 202 (816 400 432 ) (816 400 400 ) (816 352 400 ) (816 352 432 ) 
4 44 198 (816 400 480 ) (816 400 432 ) (816 352 432 ) (816 352 480 ) 
4 44 192 (816 400 560 ) (816 400 480 ) (816 352 480 ) (816 352 560 ) 
4 44 180 (816 352 576 ) (816 400 576 ) (816 400 560 ) (816 352 560 ) 
4 45 203 (816 192 672 ) (816 192 704 ) (816 320 704 ) (816 320 672 ) 
4 45 50 (1824 192 672 ) (1824 192 704 ) (816 192 704 ) (816 192 672 ) 
4 46 208 (816 192 624 ) (816 192 672 ) (816 256 672 ) (816 256 624 ) 
4 46 204 (816 256 672 ) (816 320 672 ) (816 320 624 ) (816 256 624 ) 
4 46 51 (1824 192 624 ) (1824 192 672 ) (816 192 672 ) (816 192 624 ) 
4 46 48 (1680 192 624 ) (1648 192 624 ) (1648 224 624 ) (1680 224 624 ) 
4 46 47 (1824 192 624 ) (1680 192 624 ) (1680 320 624 ) (1824 320 624 ) 
4 46 49 (1648 192 624 ) (816 192 624 ) (816 320 624 ) (1648 320 624 ) 
4 47 54 (1824 192 416 ) (1824 192 448 ) (1680 192 448 ) (1680 192 416 ) 
4 47 52 (1824 192 448 ) (1824 192 480 ) (1680 192 480 ) (1680 192 448 ) 
4 47 51 (1824 192 480 ) (1824 192 624 ) (1680 192 624 ) (1680 192 480 ) 
4 47 48 (1680 224 400 ) (1680 192 400 ) (1680 192 624 ) (1680 224 624 ) 
4 48 54 (1648 192 448 ) (1648 192 416 ) (1680 192 416 ) (1680 192 448 ) 
4 48 52 (1648 192 480 ) (1648 192 448 ) (1680 192 448 ) (1680 192 480 ) 
4 48 51 (1680 192 624 ) (1648 192 624 ) (1648 192 480 ) (1680 192 480 ) 
4 48 49 (1648 224 400 ) (1648 192 400 ) (1648 192 624 ) (1648 224 624 ) 
4 49 205 (816 320 576 ) (816 320 400 ) (816 256 400 ) (816 256 576 ) 
4 49 204 (816 256 624 ) (816 320 624 ) (816 320 576 ) (816 256 576 ) 
4 49 54 (816 192 448 ) (816 192 416 ) (1648 192 416 ) (1648 192 448 ) 
4 49 52 (816 192 480 ) (816 192 448 ) (1648 192 448 ) (1648 192 480 ) 
4 49 51 (1648 192 624 ) (816 192 624 ) (816 192 480 ) (1648 192 480 ) 
4 50 215 (816 -432 672 ) (816 -432 704 ) (816 192 704 ) (816 192 672 ) 
4 50 105 (1824 -432 672 ) (1824 -432 704 ) (816 -432 704 ) (816 -432 672 ) 
4 51 216 (816 112 672 ) (816 192 672 ) (816 192 624 ) (816 112 624 ) 
4 51 60 (816 112 528 ) (816 112 496 ) (1808 112 496 ) (1808 112 528 ) 
4 51 59 (1328 112 672 ) (816 112 672 ) (816 112 528 ) (1328 112 528 ) 
4 51 57 (1808 112 672 ) (1488 112 672 ) (1488 112 528 ) (1808 112 528 ) 
4 51 58 (1488 112 672 ) (1328 112 672 ) (1328 112 528 ) (1488 112 528 ) 
4 51 56 (1824 112 496 ) (1824 112 672 ) (1808 112 672 ) (1808 112 496 ) 
4 51 53 (816 128 480 ) (816 144 480 ) (1824 144 480 ) (1824 128 480 ) 
4 51 52 (816 144 480 ) (816 192 480 ) (1824 192 480 ) (1824 144 480 ) 
4 52 55 (816 160 448 ) (816 176 448 ) (1824 176 448 ) (1824 160 448 ) 
4 52 54 (816 176 448 ) (816 192 448 ) (1824 192 448 ) (1824 176 448 ) 
4 52 53 (1824 144 464 ) (1824 144 480 ) (816 144 480 ) (816 144 464 ) 
4 54 55 (1824 176 432 ) (1824 176 448 ) (816 176 448 ) (816 176 432 ) 
4 56 106 (1824 -432 496 ) (1824 -432 672 ) (1808 -432 672 ) (1808 -432 496 ) 
4 56 61 (1808 64 496 ) (1808 -432 496 ) (1808 -432 672 ) (1808 64 672 ) 
4 56 60 (1808 112 528 ) (1808 112 496 ) (1808 96 496 ) (1808 96 528 ) 
4 56 57 (1808 112 672 ) (1808 112 528 ) (1808 96 528 ) (1808 96 672 ) 
4 57 60 (1488 112 528 ) (1808 112 528 ) (1808 96 528 ) (1488 96 528 ) 
4 57 58 (1488 112 672 ) (1488 112 528 ) (1488 96 528 ) (1488 96 672 ) 
4 58 67 (1376 64 672 ) (1328 64 672 ) (1328 64 528 ) (1376 64 528 ) 
4 58 66 (1488 64 672 ) (1376 64 672 ) (1376 64 528 ) (1488 64 528 ) 
4 58 60 (1328 112 528 ) (1488 112 528 ) (1488 96 528 ) (1328 96 528 ) 
4 58 59 (1328 96 672 ) (1328 112 672 ) (1328 112 528 ) (1328 96 528 ) 
4 59 216 (816 96 672 ) (816 112 672 ) (816 112 624 ) (816 96 624 ) 
4 59 60 (816 96 528 ) (816 112 528 ) (1328 112 528 ) (1328 96 528 ) 
4 61 109 (1808 -432 672 ) (1728 -432 672 ) (1728 -432 480 ) (1808 -432 480 ) 
4 61 64 (1728 64 480 ) (1760 64 480 ) (1760 -432 480 ) (1728 -432 480 ) 
4 61 62 (1760 64 480 ) (1792 64 480 ) (1792 -432 480 ) (1760 -432 480 ) 
4 61 66 (1728 64 672 ) (1728 64 480 ) (1728 -432 480 ) (1728 -432 672 ) 
4 62 110 (1792 -432 480 ) (1776 -432 480 ) (1776 -432 464 ) (1792 -432 464 ) 
4 62 111 (1776 -432 480 ) (1760 -432 480 ) (1760 -432 464 ) (1776 -432 464 ) 
4 62 64 (1760 64 480 ) (1760 64 464 ) (1760 -432 464 ) (1760 -432 480 ) 
4 62 63 (1760 64 464 ) (1776 64 464 ) (1776 -432 464 ) (1760 -432 464 ) 
4 63 111 (1776 -432 448 ) (1776 -432 464 ) (1760 -432 464 ) (1760 -432 448 ) 
4 63 64 (1760 64 464 ) (1760 64 448 ) (1760 -432 448 ) (1760 -432 464 ) 
4 64 113 (1728 -432 448 ) (1728 -432 432 ) (1744 -432 432 ) (1744 -432 448 ) 
4 64 112 (1744 -432 432 ) (1760 -432 432 ) (1760 -432 448 ) (1744 -432 448 ) 
4 64 111 (1728 -432 480 ) (1728 -432 448 ) (1760 -432 448 ) (1760 -432 480 ) 
4 64 65 (1728 64 432 ) (1744 64 432 ) (1744 -432 432 ) (1728 -432 432 ) 
4 64 66 (1728 64 480 ) (1728 64 432 ) (1728 -432 432 ) (1728 -432 480 ) 
4 65 113 (1728 -432 432 ) (1728 -432 416 ) (1744 -432 416 ) (1744 -432 432 ) 
4 65 66 (1728 64 432 ) (1728 64 416 ) (1728 -432 416 ) (1728 -432 432 ) 
5 66 114 (1728 -432 672 ) (1376 -432 672 ) (1376 -432 414.896552 ) (1424 -432 400 ) (1728 -432 400 ) 
4 66 87 (1712 -432 400 ) (1376 -432 400 ) (1376 64 400 ) (1712 64 400 ) 
4 66 68 (1376 64 400 ) (1376 0 400 ) (1376 0 480 ) (1376 64 480 ) 
4 66 67 (1376 0 496 ) (1376 0 672 ) (1376 64 672 ) (1376 64 496 ) 
4 66 69 (1376 0 400 ) (1376 -432 400 ) (1376 -432 672 ) (1376 0 672 ) 
4 67 71 (1280 64 528 ) (1280 64 496 ) (1280 0 496 ) (1280 0 528 ) 
4 67 70 (1280 64 672 ) (1280 64 528 ) (1280 0 528 ) (1280 0 672 ) 
4 67 69 (1280 0 672 ) (1280 0 496 ) (1376 0 496 ) (1376 0 672 ) 
4 68 87 (1280 0 400 ) (1280 64 400 ) (1376 64 400 ) (1376 0 400 ) 
4 68 71 (1280 64 480 ) (1280 64 400 ) (1280 0 400 ) (1280 0 480 ) 
4 68 69 (1280 0 480 ) (1280 0 400 ) (1376 0 400 ) (1376 0 480 ) 
4 69 114 (1376 -432 672 ) (1280 -432 672 ) (1280 -432 444.689655 ) (1376 -432 414.896552 ) 
4 69 87 (1376 -432 400 ) (1280 -432 400 ) (1280 0 400 ) (1376 0 400 ) 
4 69 84 (1280 -320 400 ) (1280 -432 400 ) (1280 -432 672 ) (1280 -320 672 ) 
4 69 76 (1280 0 400 ) (1280 -320 400 ) (1280 -320 672 ) (1280 0 672 ) 
4 70 78 (1024 64 544 ) (1024 64 528 ) (1024 0 528 ) (1024 0 544 ) 
4 70 77 (1024 64 672 ) (1024 64 544 ) (1024 0 544 ) (1024 0 672 ) 
4 70 74 (1120 64 528 ) (1152 64 528 ) (1152 0 528 ) (1120 0 528 ) 
4 70 72 (1152 64 528 ) (1248 64 528 ) (1248 0 528 ) (1152 0 528 ) 
4 70 71 (1248 64 528 ) (1280 64 528 ) (1280 0 528 ) (1248 0 528 ) 
4 70 76 (1280 0 528 ) (1280 0 672 ) (1024 0 672 ) (1024 0 528 ) 
4 71 87 (1248 64 400 ) (1280 64 400 ) (1280 0 400 ) (1248 0 400 ) 
4 71 72 (1248 0 528 ) (1248 64 528 ) (1248 64 512 ) (1248 0 512 ) 
4 71 73 (1248 64 496 ) (1248 64 400 ) (1248 0 400 ) (1248 0 496 ) 
4 71 76 (1248 0 400 ) (1280 0 400 ) (1280 0 528 ) (1248 0 528 ) 
4 72 74 (1152 64 528 ) (1152 64 512 ) (1152 0 512 ) (1152 0 528 ) 
4 72 76 (1248 0 512 ) (1248 0 528 ) (1152 0 528 ) (1152 0 512 ) 
4 73 87 (1152 64 400 ) (1248 64 400 ) (1248 0 400 ) (1152 0 400 ) 
4 73 74 (1152 64 496 ) (1152 64 400 ) (1152 0 400 ) (1152 0 496 ) 
4 73 76 (1152 0 400 ) (1248 0 400 ) (1248 0 496 ) (1152 0 496 ) 
4 74 87 (1120 64 400 ) (1152 64 400 ) (1152 0 400 ) (1120 0 400 ) 
4 74 75 (1120 64 512 ) (1120 64 400 ) (1120 0 400 ) (1120 0 512 ) 
4 74 76 (1120 0 400 ) (1152 0 400 ) (1152 0 528 ) (1120 0 528 ) 
4 75 87 (1024 64 400 ) (1120 64 400 ) (1120 0 400 ) (1024 0 400 ) 
4 75 82 (1024 64 512 ) (1024 64 400 ) (1024 0 400 ) (1024 0 512 ) 
4 75 76 (1024 0 400 ) (1120 0 400 ) (1120 0 512 ) (1024 0 512 ) 
4 76 87 (1280 0 400 ) (1280 -320 400 ) (1024 -320 400 ) (1024 0 400 ) 
4 76 84 (1024 -320 400 ) (1280 -320 400 ) (1280 -320 672 ) (1024 -320 672 ) 
4 76 83 (1024 0 400 ) (1024 -320 400 ) (1024 -320 672 ) (1024 0 672 ) 
4 77 80 (896 0 544 ) (896 0 560 ) (896 64 560 ) (896 64 544 ) 
4 77 79 (896 0 560 ) (896 0 672 ) (896 64 672 ) (896 64 560 ) 
4 77 78 (992 64 544 ) (1024 64 544 ) (1024 0 544 ) (992 0 544 ) 
4 77 83 (1024 0 544 ) (1024 0 672 ) (896 0 672 ) (896 0 544 ) 
4 78 82 (992 64 528 ) (1024 64 528 ) (1024 0 528 ) (992 0 528 ) 
4 78 83 (1024 0 528 ) (1024 0 544 ) (992 0 544 ) (992 0 528 ) 
4 79 223 (816 0 672 ) (816 64 672 ) (816 64 560 ) (816 0 560 ) 
4 79 80 (864 64 560 ) (896 64 560 ) (896 0 560 ) (864 0 560 ) 
4 79 83 (896 0 672 ) (816 0 672 ) (816 0 560 ) (896 0 560 ) 
4 80 81 (864 64 544 ) (864 64 528 ) (864 0 528 ) (864 0 544 ) 
4 80 82 (864 64 528 ) (896 64 528 ) (896 0 528 ) (864 0 528 ) 
4 80 83 (864 0 528 ) (896 0 528 ) (896 0 560 ) (864 0 560 ) 
4 81 224 (816 64 544 ) (816 64 528 ) (816 0 528 ) (816 0 544 ) 
4 81 83 (816 0 544 ) (816 0 528 ) (864 0 528 ) (864 0 544 ) 
4 81 82 (816 0 528 ) (816 64 528 ) (864 64 528 ) (864 0 528 ) 
4 82 232 (816 64 496 ) (816 64 400 ) (816 0 400 ) (816 0 496 ) 
4 82 228 (816 64 528 ) (816 64 496 ) (816 0 496 ) (816 0 528 ) 
4 82 87 (816 0 400 ) (816 64 400 ) (1024 64 400 ) (1024 0 400 ) 
4 82 83 (816 0 400 ) (1024 0 400 ) (1024 0 528 ) (816 0 528 ) 
4 83 236 (816 -320 672 ) (816 0 672 ) (816 0 400 ) (816 -320 400 ) 
4 83 87 (816 -320 400 ) (816 0 400 ) (1024 0 400 ) (1024 -320 400 ) 
4 83 86 (816 -320 400 ) (960 -320 400 ) (960 -320 512 ) (816 -320 512 ) 
4 83 85 (960 -320 544 ) (960 -320 672 ) (816 -320 672 ) (816 -320 544 ) 
4 83 84 (960 -320 400 ) (1024 -320 400 ) (1024 -320 672 ) (960 -320 672 ) 
4 84 114 (1280 -432 672 ) (960 -432 672 ) (960 -432 544 ) (1280 -432 444.689655 ) 
4 84 87 (1280 -432 400 ) (960 -432 400 ) (960 -320 400 ) (1280 -320 400 ) 
4 84 86 (960 -320 512 ) (960 -320 400 ) (960 -432 400 ) (960 -432 512 ) 
4 84 85 (960 -320 672 ) (960 -320 544 ) (960 -432 544 ) (960 -432 672 ) 
4 85 237 (816 -432 544 ) (816 -432 672 ) (816 -320 672 ) (816 -320 544 ) 
4 85 116 (960 -432 672 ) (816 -432 672 ) (816 -432 544 ) (960 -432 544 ) 
4 86 238 (816 -432 400 ) (816 -432 512 ) (816 -320 512 ) (816 -320 400 ) 
4 86 117 (816 -432 512 ) (816 -432 400 ) (960 -432 400 ) (960 -432 512 ) 
4 86 87 (960 -432 400 ) (816 -432 400 ) (816 -320 400 ) (960 -320 400 ) 
4 87 240 (816 -432 16 ) (816 -432 400 ) (816 64 400 ) (816 64 16 ) 
4 88 89 (2320 -432 704 ) (2320 -432 672 ) (2320 -608 672 ) (2320 -608 704 ) 
4 89 144 (1824 -1104 672 ) (1824 -1280 672 ) (1824 -1280 704 ) (1824 -1104 704 ) 
4 89 105 (1824 -432 704 ) (1824 -432 672 ) (1824 -1104 672 ) (1824 -1104 704 ) 
4 90 91 (2320 -608 672 ) (2080 -608 672 ) (2080 -608 400 ) (2320 -608 400 ) 
4 91 93 (2080 -912 672 ) (2080 -832 672 ) (2080 -832 400 ) (2080 -912 400 ) 
4 92 96 (1904 -432 480 ) (1904 -432 416 ) (1904 -832 416 ) (1904 -832 480 ) 
4 92 95 (1904 -432 672 ) (1904 -432 480 ) (1904 -832 480 ) (1904 -832 672 ) 
4 92 93 (2048 -832 672 ) (1904 -832 672 ) (1904 -832 400 ) (2048 -832 400 ) 
4 93 96 (1904 -912 416 ) (1904 -912 480 ) (1904 -832 480 ) (1904 -832 416 ) 
4 93 95 (1904 -912 480 ) (1904 -912 672 ) (1904 -832 672 ) (1904 -832 480 ) 
4 93 94 (1904 -912 672 ) (1904 -912 400 ) (2048 -912 400 ) (2048 -912 672 ) 
4 94 104 (1904 -1280 400 ) (1904 -1280 416 ) (1904 -1152 416 ) (1904 -1152 400 ) 
4 94 103 (1904 -1280 416 ) (1904 -1280 672 ) (1904 -1136 672 ) (1904 -1136 416 ) 
4 94 96 (1904 -912 480 ) (1904 -912 416 ) (1904 -1136 416 ) (1904 -1136 480 ) 
4 94 95 (1904 -1136 672 ) (1904 -912 672 ) (1904 -912 480 ) (1904 -1136 480 ) 
4 95 146 (1824 -1104 480 ) (1824 -1136 480 ) (1824 -1136 624 ) (1824 -1104 624 ) 
4 95 145 (1824 -1136 624 ) (1824 -1136 672 ) (1824 -1104 672 ) (1824 -1104 624 ) 
4 95 107 (1824 -1072 480 ) (1824 -1104 480 ) (1824 -1104 672 ) (1824 -1072 672 ) 
4 95 106 (1824 -432 672 ) (1824 -432 496 ) (1824 -1072 496 ) (1824 -1072 672 ) 
4 95 103 (1904 -1136 480 ) (1904 -1136 672 ) (1824 -1136 672 ) (1824 -1136 480 ) 
4 95 101 (1824 -1136 480 ) (1824 -1104 480 ) (1872 -1104 480 ) (1872 -1136 480 ) 
4 95 100 (1824 -1104 480 ) (1824 -1088 480 ) (1840 -1088 480 ) (1840 -1104 480 ) 
4 95 99 (1840 -432 480 ) (1856 -432 480 ) (1856 -1104 480 ) (1840 -1104 480 ) 
4 95 98 (1856 -432 480 ) (1872 -432 480 ) (1872 -1104 480 ) (1856 -1104 480 ) 
4 95 97 (1872 -432 480 ) (1888 -432 480 ) (1888 -1136 480 ) (1872 -1136 480 ) 
4 95 96 (1888 -432 480 ) (1904 -432 480 ) (1904 -1136 480 ) (1888 -1136 480 ) 
4 96 103 (1904 -1136 416 ) (1904 -1136 480 ) (1888 -1136 480 ) (1888 -1136 416 ) 
4 96 97 (1888 -1136 432 ) (1888 -1136 480 ) (1888 -432 480 ) (1888 -432 432 ) 
4 97 103 (1888 -1136 480 ) (1872 -1136 480 ) (1872 -1136 432 ) (1888 -1136 432 ) 
4 97 102 (1872 -1120 432 ) (1872 -1136 432 ) (1872 -1136 448 ) (1872 -1120 448 ) 
4 97 101 (1872 -1136 448 ) (1872 -1136 480 ) (1872 -1104 480 ) (1872 -1104 448 ) 
4 97 98 (1872 -432 480 ) (1872 -432 448 ) (1872 -1104 448 ) (1872 -1104 480 ) 
4 98 101 (1872 -1104 448 ) (1872 -1104 480 ) (1856 -1104 480 ) (1856 -1104 448 ) 
4 98 99 (1856 -1104 464 ) (1856 -1104 480 ) (1856 -432 480 ) (1856 -432 464 ) 
4 99 101 (1856 -1104 464 ) (1856 -1104 480 ) (1840 -1104 480 ) (1840 -1104 464 ) 
4 99 100 (1840 -1088 464 ) (1840 -1104 464 ) (1840 -1104 480 ) (1840 -1088 480 ) 
4 100 108 (1824 -1088 464 ) (1824 -1104 464 ) (1824 -1104 480 ) (1824 -1088 480 ) 
4 100 101 (1840 -1104 464 ) (1840 -1104 480 ) (1824 -1104 480 ) (1824 -1104 464 ) 
4 101 146 (1824 -1136 448 ) (1824 -1136 480 ) (1824 -1104 480 ) (1824 -1104 448 ) 
4 101 103 (1872 -1136 480 ) (1824 -1136 480 ) (1824 -1136 448 ) (1872 -1136 448 ) 
4 101 102 (1872 -1136 448 ) (1824 -1136 448 ) (1824 -1120 448 ) (1872 -1120 448 ) 
4 102 147 (1824 -1136 432 ) (1824 -1136 448 ) (1824 -1120 448 ) (1824 -1120 432 ) 
4 102 103 (1824 -1136 448 ) (1824 -1136 432 ) (1872 -1136 432 ) (1872 -1136 448 ) 
4 103 150 (1824 -1280 416 ) (1824 -1280 624 ) (1824 -1184 624 ) (1824 -1184 416 ) 
4 103 148 (1824 -1136 448 ) (1824 -1136 416 ) (1824 -1152 416 ) (1824 -1152 448 ) 
4 103 149 (1824 -1152 416 ) (1824 -1184 416 ) (1824 -1184 448 ) (1824 -1152 448 ) 
4 103 146 (1824 -1184 624 ) (1824 -1136 624 ) (1824 -1136 448 ) (1824 -1184 448 ) 
4 103 145 (1824 -1280 624 ) (1824 -1280 672 ) (1824 -1136 672 ) (1824 -1136 624 ) 
4 103 104 (1904 -1280 416 ) (1824 -1280 416 ) (1824 -1152 416 ) (1904 -1152 416 ) 
4 104 150 (1824 -1280 400 ) (1824 -1280 416 ) (1824 -1184 416 ) (1824 -1184 400 ) 
4 104 149 (1824 -1184 416 ) (1824 -1152 416 ) (1824 -1152 400 ) (1824 -1184 400 ) 
4 105 278 (816 -1104 672 ) (816 -1104 704 ) (816 -432 704 ) (816 -432 672 ) 
4 105 144 (1824 -1104 672 ) (1824 -1104 704 ) (816 -1104 704 ) (816 -1104 672 ) 
4 106 139 (1808 -1072 496 ) (1808 -1072 528 ) (1808 -1056 528 ) (1808 -1056 496 ) 
4 106 136 (1808 -1072 528 ) (1808 -1072 672 ) (1808 -1040 672 ) (1808 -1040 528 ) 
4 106 109 (1808 -1024 672 ) (1808 -432 672 ) (1808 -432 496 ) (1808 -1024 496 ) 
4 106 107 (1824 -1072 496 ) (1824 -1072 672 ) (1808 -1072 672 ) (1808 -1072 496 ) 
4 107 146 (1824 -1104 480 ) (1824 -1104 624 ) (1808 -1104 624 ) (1808 -1104 480 ) 
4 107 145 (1824 -1104 624 ) (1824 -1104 672 ) (1808 -1104 672 ) (1808 -1104 624 ) 
4 107 141 (1808 -1104 480 ) (1808 -1104 496 ) (1808 -1088 496 ) (1808 -1088 480 ) 
4 107 140 (1808 -1088 496 ) (1808 -1072 496 ) (1808 -1072 480 ) (1808 -1088 480 ) 
4 107 139 (1808 -1104 496 ) (1808 -1104 528 ) (1808 -1072 528 ) (1808 -1072 496 ) 
4 107 136 (1808 -1104 528 ) (1808 -1104 672 ) (1808 -1072 672 ) (1808 -1072 528 ) 
4 107 108 (1808 -1104 480 ) (1808 -1088 480 ) (1824 -1088 480 ) (1824 -1104 480 ) 
4 108 146 (1824 -1104 464 ) (1824 -1104 480 ) (1808 -1104 480 ) (1808 -1104 464 ) 
4 108 141 (1808 -1104 464 ) (1808 -1104 480 ) (1808 -1088 480 ) (1808 -1088 464 ) 
4 109 118 (1728 -1024 480 ) (1728 -1024 672 ) (1728 -640 672 ) (1728 -640 480 ) 
4 109 114 (1728 -528 672 ) (1728 -432 672 ) (1728 -432 480 ) (1728 -528 480 ) 
4 109 115 (1728 -640 672 ) (1728 -528 672 ) (1728 -528 480 ) (1728 -640 480 ) 
4 109 110 (1792 -1024 480 ) (1776 -1024 480 ) (1776 -432 480 ) (1792 -432 480 ) 
4 109 111 (1776 -1024 480 ) (1728 -1024 480 ) (1728 -432 480 ) (1776 -432 480 ) 
4 110 111 (1776 -1024 464 ) (1776 -1024 480 ) (1776 -432 480 ) (1776 -432 464 ) 
4 111 118 (1728 -1024 448 ) (1728 -1024 480 ) (1728 -640 480 ) (1728 -640 448 ) 
4 111 114 (1728 -528 480 ) (1728 -432 480 ) (1728 -432 448 ) (1728 -528 448 ) 
4 111 115 (1728 -640 480 ) (1728 -528 480 ) (1728 -528 448 ) (1728 -640 448 ) 
4 111 113 (1728 -1024 448 ) (1728 -432 448 ) (1744 -432 448 ) (1744 -1024 448 ) 
4 111 112 (1744 -432 448 ) (1760 -432 448 ) (1760 -1024 448 ) (1744 -1024 448 ) 
4 112 113 (1744 -1024 432 ) (1744 -1024 448 ) (1744 -432 448 ) (1744 -432 432 ) 
4 113 118 (1728 -1024 416 ) (1728 -1024 448 ) (1728 -640 448 ) (1728 -640 416 ) 
4 113 114 (1728 -528 448 ) (1728 -432 448 ) (1728 -432 416 ) (1728 -528 416 ) 
4 113 115 (1728 -640 448 ) (1728 -528 448 ) (1728 -528 416 ) (1728 -640 416 ) 
4 114 116 (960 -528 544 ) (960 -528 672 ) (960 -432 672 ) (960 -432 544 ) 
5 114 115 (1424 -528 400 ) (1728 -528 400 ) (1728 -528 672 ) (960 -528 672 ) (960 -528 544 ) 
4 115 143 (1712 -640 400 ) (960 -640 400 ) (960 -528 400 ) (1712 -528 400 ) 
4 115 129 (960 -640 400 ) (1024 -640 400 ) (1024 -640 672 ) (960 -640 672 ) 
4 115 122 (1024 -640 400 ) (1280 -640 400 ) (1280 -640 672 ) (1024 -640 672 ) 
4 115 119 (1280 -640 400 ) (1376 -640 400 ) (1376 -640 672 ) (1280 -640 672 ) 
4 115 118 (1376 -640 400 ) (1728 -640 400 ) (1728 -640 672 ) (1376 -640 672 ) 
4 115 117 (960 -528 400 ) (960 -640 400 ) (960 -640 512 ) (960 -528 512 ) 
4 115 116 (960 -640 544 ) (960 -640 672 ) (960 -528 672 ) (960 -528 544 ) 
4 116 279 (816 -640 672 ) (816 -432 672 ) (816 -432 544 ) (816 -640 544 ) 
4 116 129 (816 -640 672 ) (816 -640 544 ) (960 -640 544 ) (960 -640 672 ) 
4 117 280 (816 -432 512 ) (816 -432 400 ) (816 -640 400 ) (816 -640 512 ) 
4 117 143 (816 -640 400 ) (816 -528 400 ) (960 -528 400 ) (960 -640 400 ) 
4 117 129 (816 -640 512 ) (816 -640 400 ) (960 -640 400 ) (960 -640 512 ) 
4 118 143 (1376 -640 400 ) (1712 -640 400 ) (1712 -1024 400 ) (1376 -1024 400 ) 
4 118 137 (1488 -1024 672 ) (1376 -1024 672 ) (1376 -1024 528 ) (1488 -1024 528 ) 
4 118 121 (1376 -960 400 ) (1376 -1024 400 ) (1376 -1024 480 ) (1376 -960 480 ) 
4 118 120 (1376 -1024 496 ) (1376 -1024 672 ) (1376 -960 672 ) (1376 -960 496 ) 
4 118 119 (1376 -640 400 ) (1376 -960 400 ) (1376 -960 672 ) (1376 -640 672 ) 
4 119 143 (1280 -640 400 ) (1376 -640 400 ) (1376 -960 400 ) (1280 -960 400 ) 
4 119 122 (1280 -640 672 ) (1280 -640 400 ) (1280 -960 400 ) (1280 -960 672 ) 
4 119 121 (1280 -960 480 ) (1280 -960 400 ) (1376 -960 400 ) (1376 -960 480 ) 
4 119 120 (1280 -960 672 ) (1280 -960 496 ) (1376 -960 496 ) (1376 -960 672 ) 
4 120 137 (1376 -1024 528 ) (1376 -1024 672 ) (1328 -1024 672 ) (1328 -1024 528 ) 
4 120 124 (1280 -1024 496 ) (1280 -1024 528 ) (1280 -960 528 ) (1280 -960 496 ) 
4 120 123 (1280 -1024 528 ) (1280 -1024 672 ) (1280 -960 672 ) (1280 -960 528 ) 
4 121 143 (1376 -960 400 ) (1376 -1024 400 ) (1280 -1024 400 ) (1280 -960 400 ) 
4 121 124 (1280 -960 400 ) (1280 -1024 400 ) (1280 -1024 480 ) (1280 -960 480 ) 
4 122 143 (1024 -640 400 ) (1280 -640 400 ) (1280 -960 400 ) (1024 -960 400 ) 
4 122 129 (1024 -640 400 ) (1024 -960 400 ) (1024 -960 672 ) (1024 -640 672 ) 
4 122 128 (1024 -960 400 ) (1120 -960 400 ) (1120 -960 512 ) (1024 -960 512 ) 
4 122 127 (1120 -960 400 ) (1152 -960 400 ) (1152 -960 528 ) (1120 -960 528 ) 
4 122 125 (1248 -960 512 ) (1248 -960 528 ) (1152 -960 528 ) (1152 -960 512 ) 
4 122 126 (1152 -960 400 ) (1248 -960 400 ) (1248 -960 496 ) (1152 -960 496 ) 
4 122 124 (1248 -960 400 ) (1280 -960 400 ) (1280 -960 528 ) (1248 -960 528 ) 
4 122 123 (1280 -960 528 ) (1280 -960 672 ) (1024 -960 672 ) (1024 -960 528 ) 
4 123 131 (1024 -1024 528 ) (1024 -1024 544 ) (1024 -960 544 ) (1024 -960 528 ) 
4 123 130 (1024 -1024 544 ) (1024 -1024 672 ) (1024 -960 672 ) (1024 -960 544 ) 
4 123 127 (1120 -960 528 ) (1152 -960 528 ) (1152 -1024 528 ) (1120 -1024 528 ) 
4 123 125 (1152 -960 528 ) (1248 -960 528 ) (1248 -1024 528 ) (1152 -1024 528 ) 
4 123 124 (1248 -960 528 ) (1280 -960 528 ) (1280 -1024 528 ) (1248 -1024 528 ) 
4 124 143 (1280 -960 400 ) (1280 -1024 400 ) (1248 -1024 400 ) (1248 -960 400 ) 
4 124 125 (1248 -1024 512 ) (1248 -1024 528 ) (1248 -960 528 ) (1248 -960 512 ) 
4 124 126 (1248 -960 400 ) (1248 -1024 400 ) (1248 -1024 496 ) (1248 -960 496 ) 
4 125 127 (1152 -960 528 ) (1152 -960 512 ) (1152 -1024 512 ) (1152 -1024 528 ) 
4 126 143 (1248 -1024 400 ) (1152 -1024 400 ) (1152 -960 400 ) (1248 -960 400 ) 
4 126 127 (1152 -960 496 ) (1152 -960 400 ) (1152 -1024 400 ) (1152 -1024 496 ) 
4 127 143 (1152 -1024 400 ) (1120 -1024 400 ) (1120 -960 400 ) (1152 -960 400 ) 
4 127 128 (1120 -960 400 ) (1120 -1024 400 ) (1120 -1024 512 ) (1120 -960 512 ) 
4 128 143 (1120 -1024 400 ) (1024 -1024 400 ) (1024 -960 400 ) (1120 -960 400 ) 
4 128 135 (1024 -960 400 ) (1024 -1024 400 ) (1024 -1024 512 ) (1024 -960 512 ) 
4 129 283 (816 -960 672 ) (816 -640 672 ) (816 -640 400 ) (816 -960 400 ) 
4 129 143 (816 -960 400 ) (816 -640 400 ) (1024 -640 400 ) (1024 -960 400 ) 
4 129 134 (816 -960 544 ) (816 -960 528 ) (864 -960 528 ) (864 -960 544 ) 
4 129 133 (864 -960 528 ) (896 -960 528 ) (896 -960 560 ) (864 -960 560 ) 
4 129 132 (896 -960 672 ) (816 -960 672 ) (816 -960 560 ) (896 -960 560 ) 
4 129 131 (1024 -960 528 ) (1024 -960 544 ) (992 -960 544 ) (992 -960 528 ) 
4 129 130 (1024 -960 544 ) (1024 -960 672 ) (896 -960 672 ) (896 -960 544 ) 
4 129 135 (816 -960 400 ) (1024 -960 400 ) (1024 -960 528 ) (816 -960 528 ) 
4 130 133 (896 -960 560 ) (896 -960 544 ) (896 -1024 544 ) (896 -1024 560 ) 
4 130 132 (896 -960 672 ) (896 -960 560 ) (896 -1024 560 ) (896 -1024 672 ) 
4 130 131 (1024 -1024 544 ) (992 -1024 544 ) (992 -960 544 ) (1024 -960 544 ) 
4 131 135 (1024 -1024 528 ) (992 -1024 528 ) (992 -960 528 ) (1024 -960 528 ) 
4 132 284 (816 -1024 672 ) (816 -960 672 ) (816 -960 560 ) (816 -1024 560 ) 
4 132 133 (896 -960 560 ) (896 -1024 560 ) (864 -1024 560 ) (864 -960 560 ) 
4 133 134 (864 -960 544 ) (864 -960 528 ) (864 -1024 528 ) (864 -1024 544 ) 
4 133 135 (896 -1024 528 ) (864 -1024 528 ) (864 -960 528 ) (896 -960 528 ) 
4 134 286 (816 -960 544 ) (816 -960 528 ) (816 -1024 528 ) (816 -1024 544 ) 
4 134 135 (864 -1024 528 ) (816 -1024 528 ) (816 -960 528 ) (864 -960 528 ) 
4 135 288 (816 -960 528 ) (816 -960 400 ) (816 -1024 400 ) (816 -1024 528 ) 
4 135 143 (816 -1024 400 ) (816 -960 400 ) (1024 -960 400 ) (1024 -1024 400 ) 
4 136 146 (1488 -1104 624 ) (1488 -1104 528 ) (1808 -1104 528 ) (1808 -1104 624 ) 
4 136 145 (1808 -1104 672 ) (1488 -1104 672 ) (1488 -1104 624 ) (1808 -1104 624 ) 
4 136 139 (1808 -1056 528 ) (1808 -1104 528 ) (1488 -1104 528 ) (1488 -1056 528 ) 
4 136 137 (1488 -1040 528 ) (1488 -1104 528 ) (1488 -1104 672 ) (1488 -1040 672 ) 
4 137 146 (1328 -1104 624 ) (1328 -1104 528 ) (1488 -1104 528 ) (1488 -1104 624 ) 
4 137 145 (1488 -1104 672 ) (1328 -1104 672 ) (1328 -1104 624 ) (1488 -1104 624 ) 
4 137 139 (1488 -1056 528 ) (1488 -1104 528 ) (1328 -1104 528 ) (1328 -1056 528 ) 
4 137 138 (1328 -1040 528 ) (1328 -1104 528 ) (1328 -1104 672 ) (1328 -1040 672 ) 
4 138 146 (832 -1104 624 ) (832 -1104 528 ) (1328 -1104 528 ) (1328 -1104 624 ) 
4 138 145 (1328 -1104 672 ) (832 -1104 672 ) (832 -1104 624 ) (1328 -1104 624 ) 
4 138 142 (832 -1104 608 ) (832 -1104 672 ) (832 -1040 672 ) (832 -1040 608 ) 
4 138 139 (1328 -1056 528 ) (1328 -1104 528 ) (832 -1104 528 ) (832 -1056 528 ) 
4 139 146 (832 -1104 528 ) (832 -1104 496 ) (1808 -1104 496 ) (1808 -1104 528 ) 
4 139 141 (1808 -1104 496 ) (832 -1104 496 ) (832 -1088 496 ) (1808 -1088 496 ) 
4 139 140 (832 -1088 496 ) (832 -1072 496 ) (1808 -1072 496 ) (1808 -1088 496 ) 
4 140 141 (1808 -1088 480 ) (1808 -1088 496 ) (832 -1088 496 ) (832 -1088 480 ) 
4 141 146 (832 -1104 496 ) (832 -1104 464 ) (1808 -1104 464 ) (1808 -1104 496 ) 
4 142 297 (816 -1104 608 ) (816 -1104 672 ) (816 -1040 672 ) (816 -1040 608 ) 
4 142 152 (832 -1104 672 ) (816 -1104 672 ) (816 -1104 608 ) (832 -1104 608 ) 
4 143 302 (816 -1024 16 ) (816 -1024 400 ) (816 -528 400 ) (816 -528 16 ) 
4 144 323 (816 -1104 704 ) (816 -1104 672 ) (816 -1280 672 ) (816 -1280 704 ) 
4 145 152 (832 -1280 624 ) (832 -1280 672 ) (832 -1104 672 ) (832 -1104 624 ) 
4 145 150 (1824 -1280 624 ) (1680 -1280 624 ) (1680 -1184 624 ) (1824 -1184 624 ) 
4 145 151 (1648 -1280 624 ) (832 -1280 624 ) (832 -1184 624 ) (1648 -1184 624 ) 
4 145 146 (832 -1184 624 ) (832 -1104 624 ) (1824 -1104 624 ) (1824 -1184 624 ) 
4 146 152 (832 -1184 608 ) (832 -1184 624 ) (832 -1104 624 ) (832 -1104 608 ) 
4 146 150 (1680 -1184 448 ) (1824 -1184 448 ) (1824 -1184 624 ) (1680 -1184 624 ) 
4 146 151 (832 -1184 624 ) (832 -1184 448 ) (1648 -1184 448 ) (1648 -1184 624 ) 
4 146 148 (832 -1152 448 ) (832 -1136 448 ) (1824 -1136 448 ) (1824 -1152 448 ) 
4 146 147 (832 -1136 448 ) (832 -1120 448 ) (1824 -1120 448 ) (1824 -1136 448 ) 
4 146 149 (832 -1184 448 ) (832 -1152 448 ) (1824 -1152 448 ) (1824 -1184 448 ) 
4 147 148 (1824 -1136 432 ) (1824 -1136 448 ) (832 -1136 448 ) (832 -1136 432 ) 
4 148 149 (832 -1152 448 ) (832 -1152 416 ) (1824 -1152 416 ) (1824 -1152 448 ) 
4 149 150 (1680 -1184 400 ) (1824 -1184 400 ) (1824 -1184 448 ) (1680 -1184 448 ) 
4 149 151 (832 -1184 448 ) (832 -1184 400 ) (1648 -1184 400 ) (1648 -1184 448 ) 
4 151 154 (1024 -1280 576 ) (960 -1280 576 ) (960 -1280 416 ) (1024 -1280 416 ) 
4 151 153 (832 -1216 400 ) (832 -1280 400 ) (832 -1280 608 ) (832 -1216 608 ) 
4 151 152 (832 -1280 608 ) (832 -1280 624 ) (832 -1184 624 ) (832 -1184 608 ) 
4 152 329 (816 -1280 672 ) (816 -1216 672 ) (816 -1216 608 ) (816 -1280 608 ) 
4 152 324 (816 -1216 672 ) (816 -1104 672 ) (816 -1104 608 ) (816 -1216 608 ) 
4 152 153 (832 -1216 608 ) (832 -1280 608 ) (816 -1280 608 ) (816 -1216 608 ) 
4 153 330 (816 -1216 400 ) (816 -1280 400 ) (816 -1280 576 ) (816 -1216 576 ) 
4 153 329 (816 -1280 576 ) (816 -1280 608 ) (816 -1216 608 ) (816 -1216 576 ) 
4 154 158 (960 -1312 416 ) (1008 -1312 416 ) (1008 -1312 480 ) (960 -1312 480 ) 
4 154 157 (1008 -1312 480 ) (1008 -1312 576 ) (960 -1312 576 ) (960 -1312 480 ) 
4 154 156 (1008 -1312 416 ) (1024 -1312 416 ) (1024 -1312 576 ) (1008 -1312 576 ) 
4 155 333 (816 -1792 672 ) (816 -1792 704 ) (816 -1312 704 ) (816 -1312 672 ) 
4 156 170 (1008 -1664 496 ) (1008 -1664 528 ) (1008 -1600 528 ) (1008 -1600 496 ) 
4 156 172 (1008 -1600 400 ) (1008 -1664 400 ) (1008 -1664 496 ) (1008 -1600 496 ) 
4 156 169 (1008 -1536 400 ) (1008 -1600 400 ) (1008 -1600 528 ) (1008 -1536 528 ) 
4 156 174 (1008 -1664 400 ) (1008 -1792 400 ) (1008 -1792 528 ) (1008 -1664 528 ) 
4 156 168 (1008 -1792 528 ) (1008 -1792 544 ) (1008 -1728 544 ) (1008 -1728 528 ) 
4 156 167 (1008 -1792 544 ) (1008 -1792 672 ) (1008 -1728 672 ) (1008 -1728 544 ) 
4 156 166 (1008 -1728 672 ) (1008 -1536 672 ) (1008 -1536 528 ) (1008 -1728 528 ) 
4 156 163 (1008 -1472 400 ) (1008 -1536 400 ) (1008 -1536 480 ) (1008 -1472 480 ) 
4 156 162 (1008 -1424 400 ) (1008 -1472 400 ) (1008 -1472 480 ) (1008 -1424 480 ) 
4 156 159 (1008 -1424 448 ) (1008 -1424 480 ) (1008 -1360 480 ) (1008 -1360 448 ) 
4 156 160 (1008 -1360 400 ) (1008 -1424 400 ) (1008 -1424 432 ) (1008 -1360 432 ) 
4 156 158 (1008 -1312 400 ) (1008 -1360 400 ) (1008 -1360 480 ) (1008 -1312 480 ) 
4 156 157 (1008 -1536 480 ) (1008 -1536 672 ) (1008 -1312 672 ) (1008 -1312 480 ) 
4 157 175 (880 -1312 672 ) (880 -1312 480 ) (880 -1536 480 ) (880 -1536 672 ) 
4 157 169 (880 -1536 528 ) (880 -1536 480 ) (1008 -1536 480 ) (1008 -1536 528 ) 
4 157 166 (880 -1536 672 ) (880 -1536 528 ) (1008 -1536 528 ) (1008 -1536 672 ) 
4 157 163 (1008 -1472 480 ) (1008 -1536 480 ) (992 -1536 480 ) (992 -1472 480 ) 
4 157 162 (928 -1424 480 ) (1008 -1424 480 ) (1008 -1472 480 ) (928 -1472 480 ) 
4 157 165 (880 -1536 480 ) (880 -1424 480 ) (928 -1424 480 ) (928 -1536 480 ) 
4 157 159 (1008 -1360 480 ) (1008 -1424 480 ) (944 -1424 480 ) (944 -1360 480 ) 
4 157 158 (944 -1312 480 ) (1008 -1312 480 ) (1008 -1360 480 ) (944 -1360 480 ) 
4 157 161 (880 -1424 480 ) (880 -1312 480 ) (944 -1312 480 ) (944 -1424 480 ) 
4 158 159 (1008 -1360 448 ) (1008 -1360 480 ) (944 -1360 480 ) (944 -1360 448 ) 
4 158 160 (944 -1360 400 ) (1008 -1360 400 ) (1008 -1360 432 ) (944 -1360 432 ) 
4 158 161 (944 -1312 400 ) (944 -1360 400 ) (944 -1360 480 ) (944 -1312 480 ) 
4 159 162 (1008 -1424 448 ) (1008 -1424 480 ) (944 -1424 480 ) (944 -1424 448 ) 
4 159 161 (944 -1424 448 ) (944 -1424 480 ) (944 -1360 480 ) (944 -1360 448 ) 
4 160 162 (944 -1424 400 ) (1008 -1424 400 ) (1008 -1424 432 ) (944 -1424 432 ) 
4 160 161 (944 -1360 400 ) (944 -1424 400 ) (944 -1424 432 ) (944 -1360 432 ) 
4 161 175 (880 -1312 480 ) (880 -1312 400 ) (880 -1424 400 ) (880 -1424 480 ) 
4 161 162 (928 -1424 400 ) (944 -1424 400 ) (944 -1424 480 ) (928 -1424 480 ) 
4 161 165 (880 -1424 480 ) (880 -1424 400 ) (928 -1424 400 ) (928 -1424 480 ) 
4 162 164 (928 -1472 400 ) (992 -1472 400 ) (992 -1472 464 ) (928 -1472 464 ) 
4 162 163 (992 -1472 400 ) (1008 -1472 400 ) (1008 -1472 480 ) (992 -1472 480 ) 
4 162 165 (928 -1424 480 ) (928 -1424 400 ) (928 -1472 400 ) (928 -1472 480 ) 
4 163 169 (992 -1536 400 ) (1008 -1536 400 ) (1008 -1536 480 ) (992 -1536 480 ) 
4 163 164 (992 -1472 400 ) (992 -1536 400 ) (992 -1536 464 ) (992 -1472 464 ) 
4 164 169 (928 -1536 400 ) (992 -1536 400 ) (992 -1536 464 ) (928 -1536 464 ) 
4 164 165 (928 -1472 400 ) (928 -1536 400 ) (928 -1536 464 ) (928 -1472 464 ) 
4 165 175 (880 -1424 400 ) (880 -1536 400 ) (880 -1536 480 ) (880 -1424 480 ) 
4 165 169 (880 -1536 480 ) (880 -1536 400 ) (928 -1536 400 ) (928 -1536 480 ) 
4 166 175 (880 -1728 672 ) (880 -1536 672 ) (880 -1536 528 ) (880 -1728 528 ) 
4 166 171 (912 -1600 528 ) (976 -1600 528 ) (976 -1664 528 ) (912 -1664 528 ) 
4 166 170 (976 -1600 528 ) (1008 -1600 528 ) (1008 -1664 528 ) (976 -1664 528 ) 
4 166 173 (880 -1664 528 ) (880 -1600 528 ) (912 -1600 528 ) (912 -1664 528 ) 
4 166 169 (880 -1600 528 ) (880 -1536 528 ) (1008 -1536 528 ) (1008 -1600 528 ) 
4 166 174 (880 -1728 528 ) (880 -1664 528 ) (1008 -1664 528 ) (1008 -1728 528 ) 
4 166 168 (944 -1728 528 ) (1008 -1728 528 ) (1008 -1728 544 ) (944 -1728 544 ) 
4 166 167 (880 -1728 672 ) (880 -1728 544 ) (1008 -1728 544 ) (1008 -1728 672 ) 
4 167 177 (880 -1792 544 ) (880 -1792 560 ) (880 -1728 560 ) (880 -1728 544 ) 
4 167 176 (880 -1792 560 ) (880 -1792 672 ) (880 -1728 672 ) (880 -1728 560 ) 
4 167 168 (1008 -1792 544 ) (944 -1792 544 ) (944 -1728 544 ) (1008 -1728 544 ) 
4 168 174 (1008 -1792 528 ) (944 -1792 528 ) (944 -1728 528 ) (1008 -1728 528 ) 
4 169 175 (880 -1536 400 ) (880 -1600 400 ) (880 -1600 528 ) (880 -1536 528 ) 
4 169 171 (976 -1600 528 ) (912 -1600 528 ) (912 -1600 512 ) (976 -1600 512 ) 
4 169 170 (1008 -1600 496 ) (1008 -1600 528 ) (976 -1600 528 ) (976 -1600 496 ) 
4 169 172 (912 -1600 400 ) (1008 -1600 400 ) (1008 -1600 496 ) (912 -1600 496 ) 
4 169 173 (880 -1600 528 ) (880 -1600 400 ) (912 -1600 400 ) (912 -1600 528 ) 
4 170 171 (976 -1664 512 ) (976 -1664 528 ) (976 -1600 528 ) (976 -1600 512 ) 
4 170 172 (976 -1600 496 ) (1008 -1600 496 ) (1008 -1664 496 ) (976 -1664 496 ) 
4 170 174 (1008 -1664 496 ) (1008 -1664 528 ) (976 -1664 528 ) (976 -1664 496 ) 
4 171 173 (912 -1664 512 ) (912 -1664 528 ) (912 -1600 528 ) (912 -1600 512 ) 
4 171 174 (976 -1664 528 ) (912 -1664 528 ) (912 -1664 512 ) (976 -1664 512 ) 
4 172 173 (912 -1600 400 ) (912 -1664 400 ) (912 -1664 496 ) (912 -1600 496 ) 
4 172 174 (1008 -1664 400 ) (1008 -1664 496 ) (912 -1664 496 ) (912 -1664 400 ) 
4 173 175 (880 -1600 400 ) (880 -1664 400 ) (880 -1664 528 ) (880 -1600 528 ) 
4 173 174 (912 -1664 528 ) (880 -1664 528 ) (880 -1664 400 ) (912 -1664 400 ) 
4 174 178 (880 -1728 400 ) (880 -1792 400 ) (880 -1792 528 ) (880 -1728 528 ) 
4 174 175 (880 -1664 400 ) (880 -1728 400 ) (880 -1728 528 ) (880 -1664 528 ) 
4 175 355 (816 -1312 432 ) (816 -1312 400 ) (816 -1728 400 ) (816 -1728 432 ) 
4 175 351 (816 -1472 432 ) (816 -1536 432 ) (816 -1536 480 ) (816 -1472 480 ) 
4 175 350 (816 -1424 432 ) (816 -1472 432 ) (816 -1472 480 ) (816 -1424 480 ) 
4 175 346 (816 -1312 480 ) (816 -1312 432 ) (816 -1424 432 ) (816 -1424 480 ) 
4 175 354 (816 -1536 432 ) (816 -1728 432 ) (816 -1728 480 ) (816 -1536 480 ) 
4 175 336 (816 -1600 480 ) (816 -1728 480 ) (816 -1728 560 ) (816 -1600 560 ) 
4 175 335 (816 -1312 560 ) (816 -1312 480 ) (816 -1600 480 ) (816 -1600 560 ) 
4 175 334 (816 -1728 672 ) (816 -1312 672 ) (816 -1312 560 ) (816 -1728 560 ) 
4 175 177 (880 -1728 544 ) (880 -1728 560 ) (848 -1728 560 ) (848 -1728 544 ) 
4 175 176 (880 -1728 560 ) (880 -1728 672 ) (816 -1728 672 ) (816 -1728 560 ) 
4 175 178 (816 -1728 400 ) (880 -1728 400 ) (880 -1728 544 ) (816 -1728 544 ) 
4 176 334 (816 -1792 560 ) (816 -1792 672 ) (816 -1728 672 ) (816 -1728 560 ) 
4 176 177 (848 -1728 560 ) (880 -1728 560 ) (880 -1792 560 ) (848 -1792 560 ) 
4 177 178 (880 -1792 544 ) (848 -1792 544 ) (848 -1728 544 ) (880 -1728 544 ) 
4 178 355 (816 -1792 400 ) (816 -1792 432 ) (816 -1728 432 ) (816 -1728 400 ) 
4 178 354 (816 -1792 432 ) (816 -1792 480 ) (816 -1728 480 ) (816 -1728 432 ) 
4 178 341 (816 -1792 480 ) (816 -1792 544 ) (816 -1728 544 ) (816 -1728 480 ) 
4 180 206 (656 352 576 ) (592 352 576 ) (592 352 560 ) (656 352 560 ) 
4 180 189 (640 704 560 ) (704 704 560 ) (704 640 560 ) (640 640 560 ) 
4 180 188 (704 704 560 ) (736 704 560 ) (736 640 560 ) (704 640 560 ) 
4 180 191 (592 640 560 ) (592 704 560 ) (640 704 560 ) (640 640 560 ) 
4 180 184 (672 832 560 ) (736 832 560 ) (736 768 560 ) (672 768 560 ) 
4 180 186 (736 768 560 ) (736 704 560 ) (672 704 560 ) (672 768 560 ) 
4 180 187 (592 704 560 ) (592 832 560 ) (672 832 560 ) (672 704 560 ) 
4 180 181 (816 768 560 ) (816 640 560 ) (768 640 560 ) (768 768 560 ) 
4 180 183 (736 832 560 ) (768 832 560 ) (768 640 560 ) (736 640 560 ) 
4 180 192 (816 352 560 ) (592 352 560 ) (592 640 560 ) (816 640 560 ) 
4 181 182 (816 768 544 ) (816 640 544 ) (768 640 544 ) (768 768 544 ) 
4 181 192 (816 640 544 ) (816 640 560 ) (768 640 560 ) (768 640 544 ) 
4 181 183 (768 768 544 ) (768 640 544 ) (768 640 560 ) (768 768 560 ) 
4 182 193 (768 832 480 ) (816 832 480 ) (816 640 480 ) (768 640 480 ) 
4 182 183 (768 832 544 ) (768 832 480 ) (768 640 480 ) (768 640 544 ) 
4 182 192 (768 640 480 ) (816 640 480 ) (816 640 544 ) (768 640 544 ) 
4 183 193 (736 832 480 ) (768 832 480 ) (768 640 480 ) (736 640 480 ) 
4 183 188 (736 704 480 ) (736 640 480 ) (736 640 560 ) (736 704 560 ) 
4 183 184 (736 768 544 ) (736 768 560 ) (736 832 560 ) (736 832 544 ) 
4 183 185 (736 832 480 ) (736 768 480 ) (736 768 528 ) (736 832 528 ) 
4 183 186 (736 768 480 ) (736 704 480 ) (736 704 560 ) (736 768 560 ) 
4 183 192 (736 640 480 ) (768 640 480 ) (768 640 560 ) (736 640 560 ) 
4 184 187 (672 768 544 ) (672 768 560 ) (672 832 560 ) (672 832 544 ) 
4 184 186 (736 768 544 ) (736 768 560 ) (672 768 560 ) (672 768 544 ) 
4 185 193 (672 832 480 ) (736 832 480 ) (736 768 480 ) (672 768 480 ) 
4 185 186 (672 768 480 ) (736 768 480 ) (736 768 528 ) (672 768 528 ) 
4 185 187 (672 832 480 ) (672 768 480 ) (672 768 528 ) (672 832 528 ) 
4 186 193 (736 768 480 ) (736 704 480 ) (672 704 480 ) (672 768 480 ) 
4 186 190 (672 704 480 ) (704 704 480 ) (704 704 496 ) (672 704 496 ) 
4 186 189 (704 704 512 ) (704 704 560 ) (672 704 560 ) (672 704 512 ) 
4 186 188 (704 704 480 ) (736 704 480 ) (736 704 560 ) (704 704 560 ) 
4 186 187 (672 768 480 ) (672 704 480 ) (672 704 560 ) (672 768 560 ) 
4 187 193 (592 704 480 ) (592 832 480 ) (672 832 480 ) (672 704 480 ) 
4 187 190 (640 704 480 ) (672 704 480 ) (672 704 496 ) (640 704 496 ) 
4 187 189 (672 704 512 ) (672 704 560 ) (640 704 560 ) (640 704 512 ) 
4 187 191 (592 704 560 ) (592 704 480 ) (640 704 480 ) (640 704 560 ) 
4 188 193 (704 704 480 ) (736 704 480 ) (736 640 480 ) (704 640 480 ) 
4 188 190 (704 704 480 ) (704 640 480 ) (704 640 496 ) (704 704 496 ) 
4 188 189 (704 640 512 ) (704 640 560 ) (704 704 560 ) (704 704 512 ) 
4 188 192 (704 640 480 ) (736 640 480 ) (736 640 560 ) (704 640 560 ) 
4 189 192 (704 640 512 ) (704 640 560 ) (640 640 560 ) (640 640 512 ) 
4 189 191 (640 704 560 ) (640 704 512 ) (640 640 512 ) (640 640 560 ) 
4 190 193 (640 704 480 ) (704 704 480 ) (704 640 480 ) (640 640 480 ) 
4 190 191 (640 704 496 ) (640 704 480 ) (640 640 480 ) (640 640 496 ) 
4 190 192 (640 640 480 ) (704 640 480 ) (704 640 496 ) (640 640 496 ) 
4 191 193 (592 640 480 ) (592 704 480 ) (640 704 480 ) (640 640 480 ) 
4 191 192 (592 640 560 ) (592 640 480 ) (640 640 480 ) (640 640 560 ) 
4 192 206 (656 352 560 ) (592 352 560 ) (592 352 480 ) (656 352 480 ) 
4 192 199 (608 464 480 ) (672 464 480 ) (672 400 480 ) (608 400 480 ) 
4 192 200 (592 400 480 ) (592 464 480 ) (608 464 480 ) (608 400 480 ) 
4 192 201 (592 352 480 ) (592 400 480 ) (672 400 480 ) (672 352 480 ) 
4 192 198 (672 464 480 ) (816 464 480 ) (816 352 480 ) (672 352 480 ) 
4 192 194 (688 576 480 ) (816 576 480 ) (816 512 480 ) (688 512 480 ) 
4 192 196 (592 512 480 ) (592 576 480 ) (624 576 480 ) (624 512 480 ) 
4 192 197 (592 464 480 ) (592 512 480 ) (816 512 480 ) (816 464 480 ) 
4 192 193 (592 576 480 ) (592 640 480 ) (816 640 480 ) (816 576 480 ) 
4 193 202 (592 576 432 ) (592 832 432 ) (816 832 432 ) (816 576 432 ) 
4 193 195 (624 576 432 ) (688 576 432 ) (688 576 464 ) (624 576 464 ) 
4 193 194 (688 576 432 ) (816 576 432 ) (816 576 480 ) (688 576 480 ) 
4 193 196 (592 576 480 ) (592 576 432 ) (624 576 432 ) (624 576 480 ) 
4 194 202 (688 576 432 ) (816 576 432 ) (816 512 432 ) (688 512 432 ) 
4 194 195 (688 576 464 ) (688 576 432 ) (688 512 432 ) (688 512 464 ) 
4 194 197 (688 512 432 ) (816 512 432 ) (816 512 480 ) (688 512 480 ) 
4 195 202 (624 576 432 ) (688 576 432 ) (688 512 432 ) (624 512 432 ) 
4 195 197 (624 512 432 ) (688 512 432 ) (688 512 464 ) (624 512 464 ) 
4 195 196 (624 576 432 ) (624 512 432 ) (624 512 464 ) (624 576 464 ) 
4 196 202 (592 512 432 ) (592 576 432 ) (624 576 432 ) (624 512 432 ) 
4 196 197 (592 512 480 ) (592 512 432 ) (624 512 432 ) (624 512 480 ) 
4 197 202 (592 464 432 ) (592 512 432 ) (816 512 432 ) (816 464 432 ) 
4 197 199 (672 464 448 ) (672 464 480 ) (608 464 480 ) (608 464 448 ) 
4 197 200 (592 464 432 ) (608 464 432 ) (608 464 480 ) (592 464 480 ) 
4 197 198 (672 464 432 ) (816 464 432 ) (816 464 480 ) (672 464 480 ) 
4 198 202 (816 352 432 ) (672 352 432 ) (672 464 432 ) (816 464 432 ) 
4 198 199 (672 464 480 ) (672 464 448 ) (672 400 448 ) (672 400 480 ) 
4 198 201 (672 400 432 ) (672 352 432 ) (672 352 480 ) (672 400 480 ) 
4 199 200 (608 464 480 ) (608 464 448 ) (608 400 448 ) (608 400 480 ) 
4 199 201 (672 400 448 ) (672 400 480 ) (608 400 480 ) (608 400 448 ) 
4 200 202 (592 400 432 ) (592 464 432 ) (608 464 432 ) (608 400 432 ) 
4 200 201 (592 400 432 ) (608 400 432 ) (608 400 480 ) (592 400 480 ) 
4 201 206 (656 352 480 ) (592 352 480 ) (592 352 432 ) (656 352 432 ) 
4 201 202 (672 352 432 ) (592 352 432 ) (592 400 432 ) (672 400 432 ) 
4 202 206 (656 352 432 ) (592 352 432 ) (592 352 416 ) (656 352 416 ) 
4 203 215 (816 192 672 ) (816 192 704 ) (592 192 704 ) (592 192 672 ) 
4 203 210 (592 192 672 ) (592 192 704 ) (592 320 704 ) (592 320 672 ) 
4 204 211 (592 256 672 ) (592 320 672 ) (592 320 576 ) (592 256 576 ) 
4 204 209 (592 256 624 ) (592 256 576 ) (784 256 576 ) (784 256 624 ) 
4 204 208 (592 256 672 ) (592 256 624 ) (816 256 624 ) (816 256 672 ) 
4 204 206 (592 256 576 ) (592 320 576 ) (656 320 576 ) (656 256 576 ) 
4 204 205 (656 320 576 ) (816 320 576 ) (816 256 576 ) (656 256 576 ) 
4 205 209 (656 256 400 ) (784 256 400 ) (784 256 576 ) (656 256 576 ) 
4 205 207 (656 256 400 ) (656 256 416 ) (656 320 416 ) (656 320 400 ) 
4 205 206 (656 256 416 ) (656 256 576 ) (656 320 576 ) (656 320 416 ) 
4 206 211 (592 320 416 ) (592 256 416 ) (592 256 576 ) (592 320 576 ) 
4 206 209 (592 256 576 ) (592 256 416 ) (656 256 416 ) (656 256 576 ) 
4 206 207 (592 256 416 ) (592 320 416 ) (656 320 416 ) (656 256 416 ) 
4 207 211 (592 320 400 ) (592 256 400 ) (592 256 416 ) (592 320 416 ) 
4 207 209 (592 256 416 ) (592 256 400 ) (656 256 400 ) (656 256 416 ) 
4 208 217 (784 192 672 ) (592 192 672 ) (592 192 624 ) (784 192 624 ) 
4 208 216 (816 192 624 ) (816 192 672 ) (784 192 672 ) (784 192 624 ) 
4 208 211 (592 192 624 ) (592 192 672 ) (592 256 672 ) (592 256 624 ) 
4 208 209 (784 192 624 ) (592 192 624 ) (592 256 624 ) (784 256 624 ) 
4 209 219 (592 192 432 ) (592 192 416 ) (784 192 416 ) (784 192 432 ) 
4 209 218 (592 192 496 ) (592 192 432 ) (784 192 432 ) (784 192 496 ) 
4 209 217 (784 192 624 ) (592 192 624 ) (592 192 496 ) (784 192 496 ) 
4 209 211 (592 192 400 ) (592 192 624 ) (592 256 624 ) (592 256 400 ) 
4 210 261 (-208 192 672 ) (-208 192 704 ) (-208 320 704 ) (-208 320 672 ) 
4 210 241 (304 192 704 ) (-208 192 704 ) (-208 192 672 ) (304 192 672 ) 
4 210 215 (592 192 672 ) (592 192 704 ) (304 192 704 ) (304 192 672 ) 
4 211 244 (-32 192 432 ) (-32 192 416 ) (304 192 416 ) (304 192 432 ) 
4 211 243 (-32 192 480 ) (-32 192 432 ) (304 192 432 ) (304 192 480 ) 
4 211 242 (304 192 672 ) (-32 192 672 ) (-32 192 480 ) (304 192 480 ) 
4 211 219 (592 192 416 ) (592 192 432 ) (304 192 432 ) (304 192 416 ) 
4 211 218 (592 192 432 ) (592 192 496 ) (304 192 496 ) (304 192 432 ) 
4 211 217 (592 192 496 ) (592 192 672 ) (304 192 672 ) (304 192 496 ) 
4 211 213 (-32 224 400 ) (-32 192 400 ) (-32 192 624 ) (-32 224 624 ) 
4 211 212 (-32 192 624 ) (-32 192 672 ) (-32 320 672 ) (-32 320 624 ) 
4 212 262 (-208 192 624 ) (-208 192 672 ) (-208 320 672 ) (-208 320 624 ) 
4 212 242 (-32 192 672 ) (-208 192 672 ) (-208 192 624 ) (-32 192 624 ) 
4 212 214 (-208 192 624 ) (-208 320 624 ) (-64 320 624 ) (-64 192 624 ) 
4 212 213 (-32 224 624 ) (-32 192 624 ) (-64 192 624 ) (-64 224 624 ) 
4 213 244 (-32 192 416 ) (-32 192 432 ) (-64 192 432 ) (-64 192 416 ) 
4 213 243 (-32 192 432 ) (-32 192 480 ) (-64 192 480 ) (-64 192 432 ) 
4 213 242 (-32 192 480 ) (-32 192 624 ) (-64 192 624 ) (-64 192 480 ) 
4 213 214 (-64 192 400 ) (-64 192 624 ) (-64 224 624 ) (-64 224 400 ) 
4 214 263 (-208 192 400 ) (-208 192 416 ) (-208 320 416 ) (-208 320 400 ) 
4 214 262 (-208 192 416 ) (-208 192 624 ) (-208 320 624 ) (-208 320 416 ) 
4 214 244 (-208 192 432 ) (-208 192 416 ) (-64 192 416 ) (-64 192 432 ) 
4 214 243 (-208 192 480 ) (-208 192 432 ) (-64 192 432 ) (-64 192 480 ) 
4 214 242 (-208 192 624 ) (-208 192 480 ) (-64 192 480 ) (-64 192 624 ) 
4 215 278 (816 -432 672 ) (816 -432 704 ) (304 -432 704 ) (304 -432 672 ) 
4 215 241 (304 192 704 ) (304 192 672 ) (304 -432 672 ) (304 -432 704 ) 
4 216 217 (784 96 624 ) (784 96 672 ) (784 192 672 ) (784 192 624 ) 
4 217 249 (304 112 496 ) (304 96 496 ) (304 96 528 ) (304 112 528 ) 
4 217 247 (304 96 528 ) (304 96 672 ) (304 112 672 ) (304 112 528 ) 
4 217 242 (304 192 672 ) (304 192 496 ) (304 112 496 ) (304 112 672 ) 
4 217 220 (784 160 496 ) (784 112 496 ) (304 112 496 ) (304 160 496 ) 
4 217 218 (784 192 496 ) (784 160 496 ) (304 160 496 ) (304 192 496 ) 
4 218 243 (304 192 480 ) (304 192 432 ) (304 160 432 ) (304 160 480 ) 
4 218 242 (304 192 496 ) (304 192 480 ) (304 160 480 ) (304 160 496 ) 
4 218 221 (304 160 480 ) (304 160 448 ) (784 160 448 ) (784 160 480 ) 
4 218 220 (304 160 496 ) (304 160 480 ) (784 160 480 ) (784 160 496 ) 
4 218 219 (304 176 432 ) (304 192 432 ) (784 192 432 ) (784 176 432 ) 
4 219 244 (304 192 432 ) (304 192 416 ) (304 176 416 ) (304 176 432 ) 
4 220 242 (304 112 496 ) (304 160 496 ) (304 160 480 ) (304 112 480 ) 
4 220 222 (784 144 480 ) (784 128 480 ) (304 128 480 ) (304 144 480 ) 
4 220 221 (304 160 480 ) (784 160 480 ) (784 144 480 ) (304 144 480 ) 
4 221 246 (304 144 448 ) (304 144 464 ) (304 160 464 ) (304 160 448 ) 
4 221 245 (304 144 464 ) (304 144 480 ) (304 160 480 ) (304 160 464 ) 
4 221 222 (784 144 464 ) (784 144 480 ) (304 144 480 ) (304 144 464 ) 
4 222 245 (304 128 480 ) (304 144 480 ) (304 144 464 ) (304 128 464 ) 
4 223 236 (816 0 560 ) (816 0 672 ) (720 0 672 ) (720 0 560 ) 
4 223 226 (720 64 672 ) (720 64 560 ) (720 0 560 ) (720 0 672 ) 
4 223 225 (752 0 560 ) (720 0 560 ) (720 64 560 ) (752 64 560 ) 
4 224 236 (816 0 528 ) (816 0 544 ) (752 0 544 ) (752 0 528 ) 
4 224 228 (816 0 528 ) (752 0 528 ) (752 64 528 ) (816 64 528 ) 
4 224 225 (752 64 544 ) (752 64 528 ) (752 0 528 ) (752 0 544 ) 
4 225 236 (752 0 560 ) (720 0 560 ) (720 0 528 ) (752 0 528 ) 
4 225 228 (752 0 528 ) (720 0 528 ) (720 64 528 ) (752 64 528 ) 
4 225 226 (720 64 560 ) (720 64 544 ) (720 0 544 ) (720 0 560 ) 
4 226 236 (720 0 672 ) (640 0 672 ) (640 0 544 ) (720 0 544 ) 
4 226 239 (640 0 672 ) (624 0 672 ) (624 0 544 ) (640 0 544 ) 
4 226 227 (624 0 544 ) (624 0 672 ) (624 64 672 ) (624 64 544 ) 
4 227 250 (304 0 528 ) (304 0 672 ) (304 64 672 ) (304 64 528 ) 
4 227 239 (624 0 672 ) (304 0 672 ) (304 0 528 ) (624 0 528 ) 
4 227 234 (336 0 528 ) (304 0 528 ) (304 64 528 ) (336 64 528 ) 
4 227 233 (368 0 528 ) (336 0 528 ) (336 64 528 ) (368 64 528 ) 
4 227 231 (464 0 528 ) (368 0 528 ) (368 64 528 ) (464 64 528 ) 
4 227 230 (496 0 528 ) (464 0 528 ) (464 64 528 ) (496 64 528 ) 
4 227 228 (624 0 528 ) (592 0 528 ) (592 64 528 ) (624 64 528 ) 
4 228 236 (816 0 496 ) (816 0 528 ) (640 0 528 ) (640 0 496 ) 
4 228 239 (640 0 528 ) (592 0 528 ) (592 0 496 ) (640 0 496 ) 
4 228 232 (816 0 496 ) (592 0 496 ) (592 64 496 ) (816 64 496 ) 
4 228 229 (592 64 496 ) (592 0 496 ) (592 0 512 ) (592 64 512 ) 
4 229 239 (496 0 512 ) (496 0 496 ) (592 0 496 ) (592 0 512 ) 
4 229 232 (592 0 496 ) (496 0 496 ) (496 64 496 ) (592 64 496 ) 
4 229 230 (496 0 496 ) (496 0 512 ) (496 64 512 ) (496 64 496 ) 
4 230 239 (496 0 528 ) (464 0 528 ) (464 0 496 ) (496 0 496 ) 
4 230 232 (496 0 496 ) (464 0 496 ) (464 64 496 ) (496 64 496 ) 
4 230 231 (464 0 512 ) (464 0 528 ) (464 64 528 ) (464 64 512 ) 
4 231 239 (464 0 528 ) (368 0 528 ) (368 0 512 ) (464 0 512 ) 
4 231 233 (368 0 512 ) (368 0 528 ) (368 64 528 ) (368 64 512 ) 
4 232 240 (816 64 400 ) (816 0 400 ) (368 0 400 ) (368 64 400 ) 
4 232 236 (640 0 400 ) (816 0 400 ) (816 0 496 ) (640 0 496 ) 
4 232 239 (368 0 400 ) (640 0 400 ) (640 0 496 ) (368 0 496 ) 
4 232 235 (368 64 400 ) (368 0 400 ) (368 0 480 ) (368 64 480 ) 
4 232 233 (368 0 480 ) (368 0 496 ) (368 64 496 ) (368 64 480 ) 
4 233 239 (368 0 480 ) (368 0 528 ) (336 0 528 ) (336 0 480 ) 
4 233 235 (368 64 480 ) (368 0 480 ) (336 0 480 ) (336 64 480 ) 
4 233 234 (336 0 496 ) (336 0 528 ) (336 64 528 ) (336 64 496 ) 
4 234 250 (304 0 496 ) (304 0 528 ) (304 64 528 ) (304 64 496 ) 
4 234 239 (336 0 528 ) (304 0 528 ) (304 0 496 ) (336 0 496 ) 
4 235 251 (304 64 400 ) (304 0 400 ) (304 0 480 ) (304 64 480 ) 
4 235 240 (304 0 400 ) (304 64 400 ) (368 64 400 ) (368 0 400 ) 
4 235 239 (304 0 400 ) (368 0 400 ) (368 0 480 ) (304 0 480 ) 
4 236 240 (640 -320 400 ) (640 0 400 ) (816 0 400 ) (816 -320 400 ) 
4 236 238 (640 -320 400 ) (816 -320 400 ) (816 -320 512 ) (640 -320 512 ) 
4 236 237 (816 -320 544 ) (816 -320 672 ) (640 -320 672 ) (640 -320 544 ) 
4 236 239 (640 0 672 ) (640 0 400 ) (640 -320 400 ) (640 -320 672 ) 
4 237 279 (816 -432 544 ) (816 -432 672 ) (640 -432 672 ) (640 -432 544 ) 
4 237 239 (640 -432 544 ) (640 -432 672 ) (640 -320 672 ) (640 -320 544 ) 
4 238 280 (816 -432 400 ) (816 -432 512 ) (640 -432 512 ) (640 -432 400 ) 
4 238 240 (816 -432 400 ) (640 -432 400 ) (640 -320 400 ) (816 -320 400 ) 
4 238 239 (640 -320 400 ) (640 -432 400 ) (640 -432 512 ) (640 -320 512 ) 
4 239 281 (640 -432 672 ) (304 -432 672 ) (304 -432 443.200000 ) (640 -432 544 ) 
4 239 253 (304 0 400 ) (304 -432 400 ) (304 -432 672 ) (304 0 672 ) 
4 239 240 (640 -432 400 ) (304 -432 400 ) (304 0 400 ) (640 0 400 ) 
4 240 260 (304 -432 161.488372 ) (304 -432 400 ) (304 64 400 ) (304 64 161.488372 ) 
4 241 303 (304 -432 672 ) (304 -432 704 ) (-208 -432 704 ) (-208 -432 672 ) 
4 241 261 (-208 -432 672 ) (-208 -432 704 ) (-208 192 704 ) (-208 192 672 ) 
4 242 264 (-208 112 672 ) (-208 176 672 ) (-208 176 480 ) (-208 112 480 ) 
4 242 262 (-208 176 672 ) (-208 192 672 ) (-208 192 480 ) (-208 176 480 ) 
4 242 259 (-192 112 672 ) (-208 112 672 ) (-208 112 496 ) (-192 112 496 ) 
4 242 249 (304 112 496 ) (304 112 528 ) (-192 112 528 ) (-192 112 496 ) 
4 242 248 (128 112 672 ) (-192 112 672 ) (-192 112 528 ) (128 112 528 ) 
4 242 247 (304 112 528 ) (304 112 672 ) (128 112 672 ) (128 112 528 ) 
4 242 245 (-208 128 480 ) (-208 160 480 ) (304 160 480 ) (304 128 480 ) 
4 242 243 (-208 160 480 ) (-208 192 480 ) (304 192 480 ) (304 160 480 ) 
4 243 266 (-208 176 432 ) (-208 160 432 ) (-208 160 448 ) (-208 176 448 ) 
4 243 265 (-208 160 448 ) (-208 160 480 ) (-208 176 480 ) (-208 176 448 ) 
4 243 262 (-208 192 480 ) (-208 192 432 ) (-208 176 432 ) (-208 176 480 ) 
4 243 246 (-208 160 464 ) (-208 160 448 ) (304 160 448 ) (304 160 464 ) 
4 243 245 (-208 160 480 ) (-208 160 464 ) (304 160 464 ) (304 160 480 ) 
4 243 244 (-208 176 432 ) (-208 192 432 ) (304 192 432 ) (304 176 432 ) 
4 244 262 (-208 192 432 ) (-208 192 416 ) (-208 176 416 ) (-208 176 432 ) 
4 245 267 (-208 128 480 ) (-208 144 480 ) (-208 144 464 ) (-208 128 464 ) 
4 245 265 (-208 144 480 ) (-208 160 480 ) (-208 160 464 ) (-208 144 464 ) 
4 245 246 (-208 144 464 ) (-208 160 464 ) (304 160 464 ) (304 144 464 ) 
4 246 265 (-208 144 448 ) (-208 144 464 ) (-208 160 464 ) (-208 160 448 ) 
4 247 250 (304 64 528 ) (304 64 672 ) (240 64 672 ) (240 64 528 ) 
4 247 252 (240 64 672 ) (128 64 672 ) (128 64 528 ) (240 64 528 ) 
4 247 249 (128 112 528 ) (304 112 528 ) (304 96 528 ) (128 96 528 ) 
4 247 248 (128 96 672 ) (128 112 672 ) (128 112 528 ) (128 96 528 ) 
4 248 259 (-192 112 672 ) (-192 112 528 ) (-192 96 528 ) (-192 96 672 ) 
4 248 249 (-192 96 528 ) (-192 112 528 ) (128 112 528 ) (128 96 528 ) 
4 249 259 (-192 112 528 ) (-192 112 496 ) (-192 96 496 ) (-192 96 528 ) 
4 250 252 (240 64 672 ) (240 64 496 ) (240 0 496 ) (240 0 672 ) 
4 250 253 (304 0 496 ) (304 0 672 ) (240 0 672 ) (240 0 496 ) 
4 251 260 (304 64 400 ) (304 0 400 ) (240 0 400 ) (240 64 400 ) 
4 251 253 (240 0 400 ) (304 0 400 ) (304 0 480 ) (240 0 480 ) 
4 251 252 (240 64 480 ) (240 64 400 ) (240 0 400 ) (240 0 480 ) 
4 252 260 (240 0 400 ) (-112 0 400 ) (-112 64 400 ) (240 64 400 ) 
4 252 257 (-112 64 448 ) (-112 64 416 ) (-112 0 416 ) (-112 0 448 ) 
4 252 255 (-112 64 480 ) (-112 64 448 ) (-112 0 448 ) (-112 0 480 ) 
4 252 254 (-112 64 672 ) (-112 64 480 ) (-112 0 480 ) (-112 0 672 ) 
4 252 253 (-112 0 400 ) (240 0 400 ) (240 0 672 ) (-112 0 672 ) 
5 253 308 (304 -432 443.200000 ) (304 -432 528 ) (-112 -432 528 ) (-112 -432 400 ) (160 -432 400 ) 
4 253 304 (304 -432 528 ) (304 -432 672 ) (-112 -432 672 ) (-112 -432 528 ) 
4 253 260 (304 0 400 ) (304 -432 400 ) (-112 -432 400 ) (-112 0 400 ) 
4 253 257 (-112 -432 416 ) (-112 -432 448 ) (-112 0 448 ) (-112 0 416 ) 
4 253 255 (-112 -432 448 ) (-112 -432 480 ) (-112 0 480 ) (-112 0 448 ) 
4 253 254 (-112 -432 480 ) (-112 -432 672 ) (-112 0 672 ) (-112 0 480 ) 
4 254 314 (-192 -432 528 ) (-192 -432 480 ) (-176 -432 480 ) (-176 -432 528 ) 
4 254 313 (-176 -432 480 ) (-112 -432 480 ) (-112 -432 528 ) (-176 -432 528 ) 
4 254 304 (-112 -432 672 ) (-192 -432 672 ) (-192 -432 528 ) (-112 -432 528 ) 
4 254 259 (-192 -432 496 ) (-192 -432 672 ) (-192 64 672 ) (-192 64 496 ) 
4 254 256 (-160 -432 480 ) (-176 -432 480 ) (-176 64 480 ) (-160 64 480 ) 
4 254 255 (-112 64 480 ) (-112 -432 480 ) (-160 -432 480 ) (-160 64 480 ) 
4 255 315 (-160 -432 448 ) (-112 -432 448 ) (-112 -432 464 ) (-160 -432 464 ) 
4 255 313 (-112 -432 464 ) (-112 -432 480 ) (-160 -432 480 ) (-160 -432 464 ) 
4 255 258 (-128 -432 448 ) (-144 -432 448 ) (-144 64 448 ) (-128 64 448 ) 
4 255 257 (-112 -432 448 ) (-128 -432 448 ) (-128 64 448 ) (-112 64 448 ) 
4 255 256 (-160 -432 464 ) (-160 -432 480 ) (-160 64 480 ) (-160 64 464 ) 
4 256 313 (-176 -432 464 ) (-160 -432 464 ) (-160 -432 480 ) (-176 -432 480 ) 
4 257 316 (-112 -432 416 ) (-112 -432 448 ) (-128 -432 448 ) (-128 -432 416 ) 
4 257 258 (-128 -432 432 ) (-128 -432 448 ) (-128 64 448 ) (-128 64 432 ) 
4 258 317 (-144 -432 432 ) (-128 -432 432 ) (-128 -432 448 ) (-144 -432 448 ) 
4 259 319 (-208 -432 528 ) (-208 -432 496 ) (-192 -432 496 ) (-192 -432 528 ) 
4 259 304 (-192 -432 672 ) (-208 -432 672 ) (-208 -432 528 ) (-192 -432 528 ) 
4 259 264 (-208 -432 496 ) (-208 -432 672 ) (-208 112 672 ) (-208 112 496 ) 
4 261 364 (-208 -432 672 ) (-208 -432 704 ) (-704 -432 704 ) (-704 -432 672 ) 
4 261 276 (-704 -432 672 ) (-704 -432 704 ) (-704 -352 704 ) (-704 -352 672 ) 
4 262 272 (-288 320 672 ) (-288 320 416 ) (-288 176 416 ) (-288 176 672 ) 
4 262 271 (-272 176 480 ) (-288 176 480 ) (-288 176 416 ) (-272 176 416 ) 
4 262 270 (-256 176 480 ) (-272 176 480 ) (-272 176 432 ) (-256 176 432 ) 
4 262 266 (-208 176 432 ) (-208 176 448 ) (-256 176 448 ) (-256 176 432 ) 
4 262 265 (-208 176 448 ) (-208 176 480 ) (-256 176 480 ) (-256 176 448 ) 
4 262 264 (-208 176 480 ) (-208 176 672 ) (-288 176 672 ) (-288 176 480 ) 
4 262 263 (-288 192 416 ) (-288 320 416 ) (-208 320 416 ) (-208 192 416 ) 
4 263 272 (-288 320 416 ) (-288 320 400 ) (-288 192 400 ) (-288 192 416 ) 
4 264 365 (-208 -432 480 ) (-208 -432 672 ) (-288 -432 672 ) (-288 -432 480 ) 
4 264 274 (-288 -432 480 ) (-288 -432 672 ) (-288 -128 672 ) (-288 -128 480 ) 
4 264 273 (-288 -128 672 ) (-288 -48 672 ) (-288 -48 480 ) (-288 -128 480 ) 
4 264 272 (-288 -48 672 ) (-288 176 672 ) (-288 176 480 ) (-288 -48 480 ) 
4 264 271 (-288 -432 480 ) (-288 176 480 ) (-272 176 480 ) (-272 -432 480 ) 
4 264 270 (-272 176 480 ) (-256 176 480 ) (-256 -432 480 ) (-272 -432 480 ) 
4 264 269 (-240 -432 480 ) (-256 -432 480 ) (-256 144 480 ) (-240 144 480 ) 
4 264 268 (-224 -432 480 ) (-240 -432 480 ) (-240 128 480 ) (-224 128 480 ) 
4 264 267 (-208 144 480 ) (-208 128 480 ) (-240 128 480 ) (-240 144 480 ) 
4 264 265 (-256 176 480 ) (-208 176 480 ) (-208 144 480 ) (-256 144 480 ) 
4 265 270 (-256 176 480 ) (-256 176 448 ) (-256 144 448 ) (-256 144 480 ) 
4 265 269 (-240 144 480 ) (-256 144 480 ) (-256 144 448 ) (-240 144 448 ) 
4 265 267 (-208 144 464 ) (-208 144 480 ) (-240 144 480 ) (-240 144 464 ) 
4 265 266 (-256 160 448 ) (-256 176 448 ) (-208 176 448 ) (-208 160 448 ) 
4 266 270 (-256 176 448 ) (-256 176 432 ) (-256 160 432 ) (-256 160 448 ) 
4 267 269 (-240 144 480 ) (-240 144 464 ) (-240 128 464 ) (-240 128 480 ) 
4 267 268 (-224 128 480 ) (-240 128 480 ) (-240 128 464 ) (-224 128 464 ) 
4 268 366 (-224 -432 480 ) (-240 -432 480 ) (-240 -432 464 ) (-224 -432 464 ) 
4 268 269 (-240 -432 464 ) (-240 -432 480 ) (-240 128 480 ) (-240 128 464 ) 
4 269 368 (-240 -432 448 ) (-240 -432 480 ) (-256 -432 480 ) (-256 -432 448 ) 
4 269 270 (-256 -432 448 ) (-256 -432 480 ) (-256 144 480 ) (-256 144 448 ) 
4 270 371 (-256 -432 432 ) (-256 -432 480 ) (-272 -432 480 ) (-272 -432 432 ) 
4 270 271 (-272 -432 432 ) (-272 -432 480 ) (-272 176 480 ) (-272 176 432 ) 
4 271 372 (-272 -432 416 ) (-272 -432 480 ) (-288 -432 480 ) (-288 -432 416 ) 
4 271 274 (-288 -432 416 ) (-288 -432 480 ) (-288 -128 480 ) (-288 -128 416 ) 
4 271 273 (-288 -128 480 ) (-288 -48 480 ) (-288 -48 416 ) (-288 -128 416 ) 
4 271 272 (-288 -48 480 ) (-288 176 480 ) (-288 176 416 ) (-288 -48 416 ) 
4 272 273 (-288 -48 400 ) (-288 -48 672 ) (-432 -48 672 ) (-432 -48 400 ) 
4 273 275 (-464 -128 672 ) (-464 -48 672 ) (-464 -48 400 ) (-464 -128 400 ) 
4 273 274 (-432 -128 400 ) (-288 -128 400 ) (-288 -128 672 ) (-432 -128 672 ) 
4 274 375 (-288 -432 400 ) (-288 -432 672 ) (-432 -432 672 ) (-432 -432 400 ) 
4 275 378 (-464 -432 400 ) (-464 -432 672 ) (-704 -432 672 ) (-704 -432 400 ) 
4 275 277 (-704 -432 400 ) (-704 -432 672 ) (-704 -352 672 ) (-704 -352 400 ) 
4 276 379 (-704 -432 672 ) (-704 -432 704 ) (-1216 -432 704 ) (-1216 -432 672 ) 
4 277 380 (-704 -432 400 ) (-704 -432 672 ) (-1216 -432 672 ) (-1216 -432 400 ) 
4 278 356 (592 -1104 704 ) (304 -1104 704 ) (304 -1104 672 ) (592 -1104 672 ) 
4 278 323 (816 -1104 672 ) (816 -1104 704 ) (592 -1104 704 ) (592 -1104 672 ) 
4 278 303 (304 -432 704 ) (304 -432 672 ) (304 -1104 672 ) (304 -1104 704 ) 
4 279 283 (816 -640 544 ) (816 -640 672 ) (640 -640 672 ) (640 -640 544 ) 
4 279 281 (640 -432 672 ) (640 -432 544 ) (640 -528 544 ) (640 -528 672 ) 
4 279 282 (640 -528 544 ) (640 -640 544 ) (640 -640 672 ) (640 -528 672 ) 
4 280 302 (816 -528 400 ) (816 -640 400 ) (640 -640 400 ) (640 -528 400 ) 
4 280 283 (640 -640 400 ) (816 -640 400 ) (816 -640 512 ) (640 -640 512 ) 
4 280 282 (640 -528 400 ) (640 -640 400 ) (640 -640 512 ) (640 -528 512 ) 
4 281 308 (304 -432 528 ) (304 -432 443.200000 ) (304 -528 443.200000 ) (304 -528 528 ) 
4 281 304 (304 -432 672 ) (304 -432 528 ) (304 -528 528 ) (304 -528 672 ) 
4 281 282 (640 -528 544 ) (640 -528 672 ) (304 -528 672 ) (304 -528 443.200000 ) 
4 282 309 (304 -528 400 ) (304 -640 400 ) (304 -640 528 ) (304 -528 528 ) 
4 282 304 (304 -640 528 ) (304 -640 672 ) (304 -528 672 ) (304 -528 528 ) 
4 282 302 (304 -640 400 ) (304 -528 400 ) (640 -528 400 ) (640 -640 400 ) 
4 282 283 (304 -640 400 ) (640 -640 400 ) (640 -640 672 ) (304 -640 672 ) 
4 283 309 (304 -640 400 ) (304 -960 400 ) (304 -960 528 ) (304 -640 528 ) 
4 283 304 (304 -960 528 ) (304 -960 672 ) (304 -640 672 ) (304 -640 528 ) 
4 283 302 (304 -960 400 ) (304 -640 400 ) (816 -640 400 ) (816 -960 400 ) 
4 283 296 (304 -960 480 ) (304 -960 400 ) (592 -960 400 ) (592 -960 480 ) 
4 283 295 (304 -960 528 ) (304 -960 496 ) (336 -960 496 ) (336 -960 528 ) 
4 283 294 (336 -960 480 ) (368 -960 480 ) (368 -960 528 ) (336 -960 528 ) 
4 283 293 (368 -960 480 ) (464 -960 480 ) (464 -960 496 ) (368 -960 496 ) 
4 283 292 (464 -960 512 ) (464 -960 528 ) (368 -960 528 ) (368 -960 512 ) 
4 283 290 (496 -960 480 ) (592 -960 480 ) (592 -960 512 ) (496 -960 512 ) 
4 283 291 (464 -960 480 ) (496 -960 480 ) (496 -960 528 ) (464 -960 528 ) 
4 283 289 (304 -960 672 ) (304 -960 528 ) (592 -960 528 ) (592 -960 672 ) 
4 283 288 (592 -960 400 ) (816 -960 400 ) (816 -960 528 ) (592 -960 528 ) 
4 283 287 (624 -960 544 ) (592 -960 544 ) (592 -960 528 ) (624 -960 528 ) 
4 283 286 (816 -960 528 ) (816 -960 544 ) (720 -960 544 ) (720 -960 528 ) 
4 283 285 (752 -960 672 ) (592 -960 672 ) (592 -960 544 ) (752 -960 544 ) 
4 283 284 (816 -960 560 ) (816 -960 672 ) (752 -960 672 ) (752 -960 560 ) 
4 284 285 (752 -1024 672 ) (752 -960 672 ) (752 -960 560 ) (752 -1024 560 ) 
4 285 289 (592 -960 672 ) (592 -960 544 ) (592 -1024 544 ) (592 -1024 672 ) 
4 285 287 (592 -1024 544 ) (592 -960 544 ) (624 -960 544 ) (624 -1024 544 ) 
4 285 286 (720 -960 544 ) (752 -960 544 ) (752 -1024 544 ) (720 -1024 544 ) 
4 286 288 (720 -1024 528 ) (720 -960 528 ) (816 -960 528 ) (816 -1024 528 ) 
4 287 289 (592 -960 544 ) (592 -960 528 ) (592 -1024 528 ) (592 -1024 544 ) 
4 287 288 (592 -1024 528 ) (592 -960 528 ) (624 -960 528 ) (624 -1024 528 ) 
4 288 302 (592 -960 400 ) (816 -960 400 ) (816 -1024 400 ) (592 -1024 400 ) 
4 288 296 (592 -960 480 ) (592 -960 400 ) (592 -1024 400 ) (592 -1024 480 ) 
4 288 290 (592 -960 512 ) (592 -960 480 ) (592 -1024 480 ) (592 -1024 512 ) 
4 289 304 (304 -1024 672 ) (304 -960 672 ) (304 -960 528 ) (304 -1024 528 ) 
4 289 295 (336 -1024 528 ) (304 -1024 528 ) (304 -960 528 ) (336 -960 528 ) 
4 289 294 (368 -1024 528 ) (336 -1024 528 ) (336 -960 528 ) (368 -960 528 ) 
4 289 292 (464 -1024 528 ) (368 -1024 528 ) (368 -960 528 ) (464 -960 528 ) 
4 289 291 (496 -1024 528 ) (464 -1024 528 ) (464 -960 528 ) (496 -960 528 ) 
4 290 296 (496 -960 480 ) (592 -960 480 ) (592 -1024 480 ) (496 -1024 480 ) 
4 290 291 (496 -960 512 ) (496 -960 480 ) (496 -1024 480 ) (496 -1024 512 ) 
4 291 296 (464 -960 480 ) (496 -960 480 ) (496 -1024 480 ) (464 -1024 480 ) 
4 291 293 (464 -960 480 ) (464 -1024 480 ) (464 -1024 496 ) (464 -960 496 ) 
4 291 292 (464 -1024 512 ) (464 -1024 528 ) (464 -960 528 ) (464 -960 512 ) 
4 292 294 (368 -960 528 ) (368 -960 512 ) (368 -1024 512 ) (368 -1024 528 ) 
4 293 296 (368 -960 480 ) (464 -960 480 ) (464 -1024 480 ) (368 -1024 480 ) 
4 293 294 (368 -960 496 ) (368 -960 480 ) (368 -1024 480 ) (368 -1024 496 ) 
4 294 296 (336 -960 480 ) (368 -960 480 ) (368 -1024 480 ) (336 -1024 480 ) 
4 294 295 (336 -1024 496 ) (336 -1024 528 ) (336 -960 528 ) (336 -960 496 ) 
4 295 310 (304 -1024 528 ) (304 -960 528 ) (304 -960 496 ) (304 -1024 496 ) 
4 296 311 (304 -960 400 ) (304 -1024 400 ) (304 -1024 480 ) (304 -960 480 ) 
4 296 302 (304 -1024 400 ) (304 -960 400 ) (592 -960 400 ) (592 -1024 400 ) 
4 297 324 (816 -1104 608 ) (816 -1104 672 ) (800 -1104 672 ) (800 -1104 608 ) 
4 297 298 (800 -1040 672 ) (800 -1040 608 ) (800 -1104 608 ) (800 -1104 672 ) 
4 298 357 (592 -1104 672 ) (304 -1104 672 ) (304 -1104 528 ) (592 -1104 528 ) 
4 298 325 (592 -1104 608 ) (592 -1104 528 ) (800 -1104 528 ) (800 -1104 608 ) 
4 298 324 (800 -1104 672 ) (592 -1104 672 ) (592 -1104 608 ) (800 -1104 608 ) 
4 298 305 (304 -1104 528 ) (304 -1104 672 ) (304 -1040 672 ) (304 -1040 528 ) 
4 298 299 (800 -1056 528 ) (800 -1104 528 ) (304 -1104 528 ) (304 -1056 528 ) 
4 299 357 (304 -1104 528 ) (304 -1104 496 ) (592 -1104 496 ) (592 -1104 528 ) 
4 299 325 (592 -1104 496 ) (800 -1104 496 ) (800 -1104 528 ) (592 -1104 528 ) 
4 299 320 (304 -1104 496 ) (304 -1104 528 ) (304 -1072 528 ) (304 -1072 496 ) 
4 299 318 (304 -1072 528 ) (304 -1056 528 ) (304 -1056 496 ) (304 -1072 496 ) 
4 299 301 (800 -1104 496 ) (304 -1104 496 ) (304 -1088 496 ) (800 -1088 496 ) 
4 299 300 (304 -1088 496 ) (304 -1072 496 ) (800 -1072 496 ) (800 -1088 496 ) 
4 300 320 (304 -1088 480 ) (304 -1088 496 ) (304 -1072 496 ) (304 -1072 480 ) 
4 300 301 (800 -1088 480 ) (800 -1088 496 ) (304 -1088 496 ) (304 -1088 480 ) 
4 301 357 (304 -1104 496 ) (304 -1104 464 ) (592 -1104 464 ) (592 -1104 496 ) 
4 301 325 (592 -1104 464 ) (800 -1104 464 ) (800 -1104 496 ) (592 -1104 496 ) 
4 301 321 (304 -1104 464 ) (304 -1104 480 ) (304 -1088 480 ) (304 -1088 464 ) 
4 301 320 (304 -1104 480 ) (304 -1104 496 ) (304 -1088 496 ) (304 -1088 480 ) 
4 302 322 (304 -1024 161.488372 ) (304 -1024 400 ) (304 -528 400 ) (304 -528 161.488372 ) 
4 303 364 (-208 -432 704 ) (-208 -432 672 ) (-208 -1104 672 ) (-208 -1104 704 ) 
4 303 356 (304 -1104 672 ) (304 -1104 704 ) (-208 -1104 704 ) (-208 -1104 672 ) 
4 304 365 (-208 -432 672 ) (-208 -432 528 ) (-208 -1024 528 ) (-208 -1024 672 ) 
4 304 319 (-208 -1024 528 ) (-208 -432 528 ) (-192 -432 528 ) (-192 -1024 528 ) 
4 304 314 (-192 -432 528 ) (-176 -432 528 ) (-176 -1024 528 ) (-192 -1024 528 ) 
4 304 313 (-176 -432 528 ) (-112 -432 528 ) (-112 -1024 528 ) (-176 -1024 528 ) 
4 304 310 (304 -960 528 ) (304 -1024 528 ) (240 -1024 528 ) (240 -960 528 ) 
4 304 312 (240 -1024 528 ) (-112 -1024 528 ) (-112 -960 528 ) (240 -960 528 ) 
4 304 309 (304 -528 528 ) (304 -960 528 ) (-112 -960 528 ) (-112 -528 528 ) 
4 304 308 (-112 -432 528 ) (304 -432 528 ) (304 -528 528 ) (-112 -528 528 ) 
4 304 307 (-208 -1024 528 ) (-192 -1024 528 ) (-192 -1024 672 ) (-208 -1024 672 ) 
4 304 305 (128 -1024 528 ) (304 -1024 528 ) (304 -1024 672 ) (128 -1024 672 ) 
4 305 357 (304 -1104 528 ) (304 -1104 672 ) (128 -1104 672 ) (128 -1104 528 ) 
4 305 320 (304 -1104 528 ) (128 -1104 528 ) (128 -1072 528 ) (304 -1072 528 ) 
4 305 318 (128 -1072 528 ) (128 -1056 528 ) (304 -1056 528 ) (304 -1072 528 ) 
4 305 306 (128 -1040 528 ) (128 -1104 528 ) (128 -1104 672 ) (128 -1040 672 ) 
4 306 357 (128 -1104 672 ) (-192 -1104 672 ) (-192 -1104 528 ) (128 -1104 528 ) 
4 306 320 (128 -1104 528 ) (-192 -1104 528 ) (-192 -1072 528 ) (128 -1072 528 ) 
4 306 318 (-192 -1072 528 ) (-192 -1056 528 ) (128 -1056 528 ) (128 -1072 528 ) 
4 306 307 (-192 -1040 528 ) (-192 -1104 528 ) (-192 -1104 672 ) (-192 -1040 672 ) 
4 307 365 (-208 -1024 528 ) (-208 -1104 528 ) (-208 -1104 672 ) (-208 -1024 672 ) 
4 307 357 (-192 -1104 672 ) (-208 -1104 672 ) (-208 -1104 528 ) (-192 -1104 528 ) 
4 307 320 (-192 -1104 528 ) (-208 -1104 528 ) (-208 -1072 528 ) (-192 -1072 528 ) 
4 307 319 (-208 -1072 528 ) (-208 -1024 528 ) (-192 -1024 528 ) (-192 -1072 528 ) 
4 308 316 (-112 -432 448 ) (-112 -432 416 ) (-112 -528 416 ) (-112 -528 448 ) 
4 308 315 (-112 -432 464 ) (-112 -432 448 ) (-112 -528 448 ) (-112 -528 464 ) 
4 308 313 (-112 -432 528 ) (-112 -432 464 ) (-112 -528 464 ) (-112 -528 528 ) 
5 308 309 (-112 -528 400 ) (160 -528 400 ) (304 -528 443.200000 ) (304 -528 528 ) (-112 -528 528 ) 
4 309 322 (304 -528 400 ) (304 -960 400 ) (-112 -960 400 ) (-112 -528 400 ) 
4 309 316 (-112 -960 416 ) (-112 -960 448 ) (-112 -528 448 ) (-112 -528 416 ) 
4 309 315 (-112 -960 448 ) (-112 -960 464 ) (-112 -528 464 ) (-112 -528 448 ) 
4 309 313 (-112 -960 464 ) (-112 -960 528 ) (-112 -528 528 ) (-112 -528 464 ) 
4 309 310 (304 -960 496 ) (304 -960 528 ) (240 -960 528 ) (240 -960 496 ) 
4 309 311 (240 -960 400 ) (304 -960 400 ) (304 -960 480 ) (240 -960 480 ) 
4 309 312 (-112 -960 528 ) (-112 -960 400 ) (240 -960 400 ) (240 -960 528 ) 
4 310 312 (240 -1024 496 ) (240 -1024 528 ) (240 -960 528 ) (240 -960 496 ) 
4 311 322 (304 -960 400 ) (304 -1024 400 ) (240 -1024 400 ) (240 -960 400 ) 
4 311 312 (240 -960 400 ) (240 -1024 400 ) (240 -1024 480 ) (240 -960 480 ) 
4 312 322 (240 -1024 400 ) (-112 -1024 400 ) (-112 -960 400 ) (240 -960 400 ) 
4 312 316 (-112 -1024 416 ) (-112 -1024 448 ) (-112 -960 448 ) (-112 -960 416 ) 
4 312 315 (-112 -1024 448 ) (-112 -1024 464 ) (-112 -960 464 ) (-112 -960 448 ) 
4 312 313 (-112 -1024 464 ) (-112 -1024 528 ) (-112 -960 528 ) (-112 -960 464 ) 
4 313 315 (-160 -432 464 ) (-112 -432 464 ) (-112 -1024 464 ) (-160 -1024 464 ) 
4 313 314 (-176 -432 528 ) (-176 -432 480 ) (-176 -1024 480 ) (-176 -1024 528 ) 
4 314 319 (-192 -432 528 ) (-192 -432 496 ) (-192 -1024 496 ) (-192 -1024 528 ) 
4 315 317 (-128 -1024 448 ) (-144 -1024 448 ) (-144 -432 448 ) (-128 -432 448 ) 
4 315 316 (-112 -1024 448 ) (-128 -1024 448 ) (-128 -432 448 ) (-112 -432 448 ) 
4 316 317 (-128 -1024 432 ) (-128 -1024 448 ) (-128 -432 448 ) (-128 -432 432 ) 
4 318 320 (304 -1072 496 ) (304 -1072 528 ) (-192 -1072 528 ) (-192 -1072 496 ) 
4 318 319 (-192 -1072 496 ) (-192 -1072 528 ) (-192 -1056 528 ) (-192 -1056 496 ) 
4 319 365 (-208 -432 528 ) (-208 -432 496 ) (-208 -1072 496 ) (-208 -1072 528 ) 
4 319 320 (-192 -1072 496 ) (-192 -1072 528 ) (-208 -1072 528 ) (-208 -1072 496 ) 
4 320 365 (-208 -1104 480 ) (-208 -1104 528 ) (-208 -1072 528 ) (-208 -1072 480 ) 
4 320 357 (304 -1104 480 ) (304 -1104 528 ) (-208 -1104 528 ) (-208 -1104 480 ) 
4 320 321 (304 -1104 480 ) (-208 -1104 480 ) (-208 -1088 480 ) (304 -1088 480 ) 
4 321 367 (-208 -1104 464 ) (-208 -1104 480 ) (-208 -1088 480 ) (-208 -1088 464 ) 
4 321 357 (304 -1104 464 ) (304 -1104 480 ) (-208 -1104 480 ) (-208 -1104 464 ) 
4 323 356 (592 -1104 704 ) (592 -1104 672 ) (592 -1280 672 ) (592 -1280 704 ) 
4 324 361 (592 -1184 608 ) (592 -1216 608 ) (592 -1216 672 ) (592 -1184 672 ) 
4 324 357 (592 -1104 672 ) (592 -1104 608 ) (592 -1184 608 ) (592 -1184 672 ) 
4 324 329 (592 -1216 672 ) (592 -1216 608 ) (816 -1216 608 ) (816 -1216 672 ) 
4 324 325 (592 -1216 608 ) (592 -1104 608 ) (800 -1104 608 ) (800 -1216 608 ) 
4 325 361 (592 -1184 448 ) (592 -1216 448 ) (592 -1216 608 ) (592 -1184 608 ) 
4 325 357 (592 -1104 608 ) (592 -1104 448 ) (592 -1184 448 ) (592 -1184 608 ) 
4 325 331 (592 -1216 576 ) (592 -1216 448 ) (656 -1216 448 ) (656 -1216 576 ) 
4 325 330 (656 -1216 448 ) (800 -1216 448 ) (800 -1216 576 ) (656 -1216 576 ) 
4 325 329 (592 -1216 608 ) (592 -1216 576 ) (800 -1216 576 ) (800 -1216 608 ) 
4 325 326 (800 -1216 448 ) (592 -1216 448 ) (592 -1120 448 ) (800 -1120 448 ) 
4 326 361 (592 -1184 432 ) (592 -1216 432 ) (592 -1216 448 ) (592 -1184 448 ) 
4 326 358 (592 -1120 432 ) (592 -1152 432 ) (592 -1152 448 ) (592 -1120 448 ) 
4 326 360 (592 -1152 432 ) (592 -1184 432 ) (592 -1184 448 ) (592 -1152 448 ) 
4 326 331 (592 -1216 448 ) (592 -1216 432 ) (656 -1216 432 ) (656 -1216 448 ) 
4 326 330 (656 -1216 432 ) (800 -1216 432 ) (800 -1216 448 ) (656 -1216 448 ) 
4 326 327 (592 -1152 432 ) (592 -1136 432 ) (800 -1136 432 ) (800 -1152 432 ) 
4 326 328 (800 -1216 432 ) (592 -1216 432 ) (592 -1152 432 ) (800 -1152 432 ) 
4 327 359 (592 -1136 416 ) (592 -1152 416 ) (592 -1152 432 ) (592 -1136 432 ) 
4 327 328 (592 -1152 432 ) (592 -1152 416 ) (800 -1152 416 ) (800 -1152 432 ) 
4 328 361 (592 -1184 400 ) (592 -1216 400 ) (592 -1216 432 ) (592 -1184 432 ) 
4 328 360 (592 -1152 400 ) (592 -1184 400 ) (592 -1184 432 ) (592 -1152 432 ) 
4 328 332 (592 -1216 416 ) (592 -1216 400 ) (656 -1216 400 ) (656 -1216 416 ) 
4 328 331 (592 -1216 432 ) (592 -1216 416 ) (656 -1216 416 ) (656 -1216 432 ) 
4 328 330 (656 -1216 400 ) (800 -1216 400 ) (800 -1216 432 ) (656 -1216 432 ) 
4 329 361 (592 -1280 672 ) (592 -1216 672 ) (592 -1216 576 ) (592 -1280 576 ) 
4 329 331 (592 -1280 576 ) (592 -1216 576 ) (656 -1216 576 ) (656 -1280 576 ) 
4 329 330 (656 -1216 576 ) (816 -1216 576 ) (816 -1280 576 ) (656 -1280 576 ) 
4 330 332 (656 -1216 400 ) (656 -1280 400 ) (656 -1280 416 ) (656 -1216 416 ) 
4 330 331 (656 -1280 416 ) (656 -1280 576 ) (656 -1216 576 ) (656 -1216 416 ) 
4 331 361 (592 -1280 576 ) (592 -1216 576 ) (592 -1216 416 ) (592 -1280 416 ) 
4 331 355 (592 -1312 432 ) (592 -1312 416 ) (656 -1312 416 ) (656 -1312 432 ) 
4 331 347 (592 -1312 480 ) (592 -1312 432 ) (656 -1312 432 ) (656 -1312 480 ) 
4 331 335 (592 -1312 560 ) (592 -1312 480 ) (656 -1312 480 ) (656 -1312 560 ) 
4 331 334 (656 -1312 576 ) (592 -1312 576 ) (592 -1312 560 ) (656 -1312 560 ) 
4 331 332 (592 -1216 416 ) (656 -1216 416 ) (656 -1280 416 ) (592 -1280 416 ) 
4 332 361 (592 -1216 400 ) (592 -1280 400 ) (592 -1280 416 ) (592 -1216 416 ) 
4 334 342 (752 -1792 560 ) (688 -1792 560 ) (688 -1728 560 ) (752 -1728 560 ) 
4 334 344 (688 -1792 560 ) (656 -1792 560 ) (656 -1728 560 ) (688 -1728 560 ) 
4 334 340 (784 -1792 560 ) (752 -1792 560 ) (752 -1728 560 ) (784 -1728 560 ) 
4 334 337 (656 -1600 560 ) (720 -1600 560 ) (720 -1664 560 ) (656 -1664 560 ) 
4 334 339 (720 -1664 560 ) (720 -1728 560 ) (656 -1728 560 ) (656 -1664 560 ) 
4 334 336 (720 -1600 560 ) (816 -1600 560 ) (816 -1728 560 ) (720 -1728 560 ) 
4 334 345 (592 -1792 560 ) (592 -1600 560 ) (656 -1600 560 ) (656 -1792 560 ) 
4 334 335 (592 -1600 560 ) (592 -1312 560 ) (816 -1312 560 ) (816 -1600 560 ) 
4 335 351 (816 -1472 480 ) (816 -1536 480 ) (704 -1536 480 ) (704 -1472 480 ) 
4 335 350 (640 -1424 480 ) (816 -1424 480 ) (816 -1472 480 ) (640 -1472 480 ) 
4 335 353 (592 -1536 480 ) (592 -1424 480 ) (640 -1424 480 ) (640 -1536 480 ) 
4 335 348 (608 -1360 480 ) (672 -1360 480 ) (672 -1424 480 ) (608 -1424 480 ) 
4 335 349 (592 -1424 480 ) (592 -1360 480 ) (608 -1360 480 ) (608 -1424 480 ) 
4 335 347 (592 -1360 480 ) (592 -1312 480 ) (672 -1312 480 ) (672 -1360 480 ) 
4 335 346 (672 -1312 480 ) (816 -1312 480 ) (816 -1424 480 ) (672 -1424 480 ) 
4 335 354 (592 -1600 480 ) (592 -1536 480 ) (816 -1536 480 ) (816 -1600 480 ) 
4 335 338 (656 -1600 480 ) (720 -1600 480 ) (720 -1600 496 ) (656 -1600 496 ) 
4 335 337 (720 -1600 512 ) (720 -1600 560 ) (656 -1600 560 ) (656 -1600 512 ) 
4 335 336 (720 -1600 480 ) (816 -1600 480 ) (816 -1600 560 ) (720 -1600 560 ) 
4 335 345 (592 -1600 560 ) (592 -1600 480 ) (656 -1600 480 ) (656 -1600 560 ) 
4 336 354 (720 -1600 480 ) (816 -1600 480 ) (816 -1728 480 ) (720 -1728 480 ) 
4 336 342 (752 -1728 544 ) (752 -1728 560 ) (720 -1728 560 ) (720 -1728 544 ) 
4 336 343 (720 -1728 480 ) (752 -1728 480 ) (752 -1728 528 ) (720 -1728 528 ) 
4 336 340 (784 -1728 560 ) (752 -1728 560 ) (752 -1728 544 ) (784 -1728 544 ) 
4 336 341 (752 -1728 480 ) (816 -1728 480 ) (816 -1728 544 ) (752 -1728 544 ) 
4 336 338 (720 -1600 480 ) (720 -1664 480 ) (720 -1664 496 ) (720 -1600 496 ) 
4 336 337 (720 -1664 512 ) (720 -1664 560 ) (720 -1600 560 ) (720 -1600 512 ) 
4 336 339 (720 -1664 480 ) (720 -1728 480 ) (720 -1728 560 ) (720 -1664 560 ) 
4 337 339 (720 -1664 512 ) (720 -1664 560 ) (656 -1664 560 ) (656 -1664 512 ) 
4 337 345 (656 -1664 512 ) (656 -1664 560 ) (656 -1600 560 ) (656 -1600 512 ) 
4 338 354 (656 -1664 480 ) (656 -1600 480 ) (720 -1600 480 ) (720 -1664 480 ) 
4 338 345 (656 -1600 480 ) (656 -1664 480 ) (656 -1664 496 ) (656 -1600 496 ) 
4 338 339 (656 -1664 480 ) (720 -1664 480 ) (720 -1664 496 ) (656 -1664 496 ) 
4 339 354 (656 -1728 480 ) (656 -1664 480 ) (720 -1664 480 ) (720 -1728 480 ) 
4 339 342 (720 -1728 544 ) (720 -1728 560 ) (688 -1728 560 ) (688 -1728 544 ) 
4 339 343 (688 -1728 480 ) (720 -1728 480 ) (720 -1728 528 ) (688 -1728 528 ) 
4 339 344 (656 -1728 480 ) (688 -1728 480 ) (688 -1728 560 ) (656 -1728 560 ) 
4 339 345 (656 -1664 480 ) (656 -1728 480 ) (656 -1728 560 ) (656 -1664 560 ) 
4 340 342 (752 -1728 560 ) (752 -1728 544 ) (752 -1792 544 ) (752 -1792 560 ) 
4 340 341 (752 -1728 544 ) (784 -1728 544 ) (784 -1792 544 ) (752 -1792 544 ) 
4 341 354 (816 -1792 480 ) (752 -1792 480 ) (752 -1728 480 ) (816 -1728 480 ) 
4 341 343 (752 -1728 528 ) (752 -1728 480 ) (752 -1792 480 ) (752 -1792 528 ) 
4 342 344 (688 -1792 544 ) (688 -1792 560 ) (688 -1728 560 ) (688 -1728 544 ) 
4 343 354 (752 -1792 480 ) (688 -1792 480 ) (688 -1728 480 ) (752 -1728 480 ) 
4 343 344 (688 -1728 480 ) (688 -1792 480 ) (688 -1792 528 ) (688 -1728 528 ) 
4 344 354 (688 -1792 480 ) (656 -1792 480 ) (656 -1728 480 ) (688 -1728 480 ) 
4 344 345 (656 -1728 480 ) (656 -1792 480 ) (656 -1792 560 ) (656 -1728 560 ) 
4 345 354 (656 -1792 480 ) (592 -1792 480 ) (592 -1600 480 ) (656 -1600 480 ) 
4 346 355 (672 -1312 432 ) (816 -1312 432 ) (816 -1424 432 ) (672 -1424 432 ) 
4 346 350 (672 -1424 432 ) (816 -1424 432 ) (816 -1424 480 ) (672 -1424 480 ) 
4 346 348 (672 -1424 448 ) (672 -1424 480 ) (672 -1360 480 ) (672 -1360 448 ) 
4 346 347 (672 -1312 480 ) (672 -1312 432 ) (672 -1360 432 ) (672 -1360 480 ) 
4 347 355 (592 -1360 432 ) (592 -1312 432 ) (672 -1312 432 ) (672 -1360 432 ) 
4 347 348 (672 -1360 448 ) (672 -1360 480 ) (608 -1360 480 ) (608 -1360 448 ) 
4 347 349 (592 -1360 432 ) (608 -1360 432 ) (608 -1360 480 ) (592 -1360 480 ) 
4 348 350 (672 -1424 448 ) (672 -1424 480 ) (640 -1424 480 ) (640 -1424 448 ) 
4 348 353 (640 -1424 480 ) (608 -1424 480 ) (608 -1424 448 ) (640 -1424 448 ) 
4 348 349 (608 -1424 448 ) (608 -1424 480 ) (608 -1360 480 ) (608 -1360 448 ) 
4 349 355 (592 -1424 432 ) (592 -1360 432 ) (608 -1360 432 ) (608 -1424 432 ) 
4 349 353 (592 -1424 432 ) (608 -1424 432 ) (608 -1424 480 ) (592 -1424 480 ) 
4 350 355 (640 -1424 432 ) (816 -1424 432 ) (816 -1472 432 ) (640 -1472 432 ) 
4 350 352 (640 -1472 432 ) (704 -1472 432 ) (704 -1472 464 ) (640 -1472 464 ) 
4 350 351 (704 -1472 432 ) (816 -1472 432 ) (816 -1472 480 ) (704 -1472 480 ) 
4 350 353 (640 -1424 480 ) (640 -1424 432 ) (640 -1472 432 ) (640 -1472 480 ) 
4 351 355 (816 -1472 432 ) (816 -1536 432 ) (704 -1536 432 ) (704 -1472 432 ) 
4 351 352 (704 -1472 432 ) (704 -1536 432 ) (704 -1536 464 ) (704 -1472 464 ) 
4 351 354 (704 -1536 432 ) (816 -1536 432 ) (816 -1536 480 ) (704 -1536 480 ) 
4 352 355 (704 -1536 432 ) (640 -1536 432 ) (640 -1472 432 ) (704 -1472 432 ) 
4 352 353 (640 -1472 432 ) (640 -1536 432 ) (640 -1536 464 ) (640 -1472 464 ) 
4 352 354 (640 -1536 432 ) (704 -1536 432 ) (704 -1536 464 ) (640 -1536 464 ) 
4 353 355 (592 -1536 432 ) (592 -1424 432 ) (640 -1424 432 ) (640 -1536 432 ) 
4 353 354 (592 -1536 480 ) (592 -1536 432 ) (640 -1536 432 ) (640 -1536 480 ) 
4 354 355 (592 -1792 432 ) (592 -1536 432 ) (816 -1536 432 ) (816 -1792 432 ) 
4 356 364 (-208 -1104 704 ) (-208 -1104 672 ) (-208 -1280 672 ) (-208 -1280 704 ) 
4 357 373 (-208 -1184 672 ) (-208 -1136 672 ) (-208 -1136 448 ) (-208 -1184 448 ) 
4 357 369 (-208 -1104 480 ) (-208 -1104 448 ) (-208 -1136 448 ) (-208 -1136 480 ) 
4 357 365 (-208 -1136 672 ) (-208 -1104 672 ) (-208 -1104 480 ) (-208 -1136 480 ) 
4 357 363 (-208 -1184 624 ) (-208 -1184 448 ) (-64 -1184 448 ) (-64 -1184 624 ) 
4 357 362 (-208 -1184 672 ) (-208 -1184 624 ) (-32 -1184 624 ) (-32 -1184 672 ) 
4 357 361 (-32 -1184 448 ) (592 -1184 448 ) (592 -1184 672 ) (-32 -1184 672 ) 
4 357 358 (-208 -1152 448 ) (-208 -1120 448 ) (592 -1120 448 ) (592 -1152 448 ) 
4 357 360 (-208 -1184 448 ) (-208 -1152 448 ) (592 -1152 448 ) (592 -1184 448 ) 
4 358 373 (-208 -1136 432 ) (-208 -1152 432 ) (-208 -1152 448 ) (-208 -1136 448 ) 
4 358 370 (-208 -1120 432 ) (-208 -1136 432 ) (-208 -1136 448 ) (-208 -1120 448 ) 
4 358 359 (-208 -1152 432 ) (-208 -1136 432 ) (592 -1136 432 ) (592 -1152 432 ) 
4 358 360 (-208 -1152 448 ) (-208 -1152 432 ) (592 -1152 432 ) (592 -1152 448 ) 
4 359 373 (-208 -1136 416 ) (-208 -1152 416 ) (-208 -1152 432 ) (-208 -1136 432 ) 
4 359 360 (-208 -1152 432 ) (-208 -1152 416 ) (592 -1152 416 ) (592 -1152 432 ) 
4 360 374 (-208 -1152 400 ) (-208 -1184 400 ) (-208 -1184 416 ) (-208 -1152 416 ) 
4 360 373 (-208 -1184 416 ) (-208 -1184 448 ) (-208 -1152 448 ) (-208 -1152 416 ) 
4 360 363 (-208 -1184 448 ) (-208 -1184 400 ) (-64 -1184 400 ) (-64 -1184 448 ) 
4 360 361 (-32 -1184 400 ) (592 -1184 400 ) (592 -1184 448 ) (-32 -1184 448 ) 
4 361 362 (-32 -1184 672 ) (-32 -1184 624 ) (-32 -1280 624 ) (-32 -1280 672 ) 
4 362 373 (-208 -1280 672 ) (-208 -1184 672 ) (-208 -1184 624 ) (-208 -1280 624 ) 
4 362 363 (-64 -1280 624 ) (-208 -1280 624 ) (-208 -1184 624 ) (-64 -1184 624 ) 
4 363 374 (-208 -1184 416 ) (-208 -1184 400 ) (-208 -1280 400 ) (-208 -1280 416 ) 
4 363 373 (-208 -1280 624 ) (-208 -1184 624 ) (-208 -1184 416 ) (-208 -1280 416 ) 
4 364 379 (-704 -608 704 ) (-704 -432 704 ) (-704 -432 672 ) (-704 -608 672 ) 
4 365 377 (-288 -912 480 ) (-288 -1136 480 ) (-288 -1136 672 ) (-288 -912 672 ) 
4 365 376 (-288 -832 480 ) (-288 -912 480 ) (-288 -912 672 ) (-288 -832 672 ) 
4 365 375 (-288 -432 672 ) (-288 -432 480 ) (-288 -832 480 ) (-288 -832 672 ) 
4 365 373 (-208 -1136 480 ) (-208 -1136 672 ) (-288 -1136 672 ) (-288 -1136 480 ) 
4 365 372 (-288 -1136 480 ) (-288 -432 480 ) (-272 -432 480 ) (-272 -1136 480 ) 
4 365 371 (-272 -432 480 ) (-256 -432 480 ) (-256 -1136 480 ) (-272 -1136 480 ) 
4 365 369 (-208 -1104 480 ) (-208 -1136 480 ) (-256 -1136 480 ) (-256 -1104 480 ) 
4 365 368 (-256 -432 480 ) (-240 -432 480 ) (-240 -1104 480 ) (-256 -1104 480 ) 
4 365 367 (-208 -1088 480 ) (-208 -1104 480 ) (-240 -1104 480 ) (-240 -1088 480 ) 
4 365 366 (-240 -432 480 ) (-224 -432 480 ) (-224 -1088 480 ) (-240 -1088 480 ) 
4 366 368 (-240 -432 480 ) (-240 -432 464 ) (-240 -1088 464 ) (-240 -1088 480 ) 
4 366 367 (-224 -1088 480 ) (-240 -1088 480 ) (-240 -1088 464 ) (-224 -1088 464 ) 
4 367 369 (-208 -1104 464 ) (-208 -1104 480 ) (-240 -1104 480 ) (-240 -1104 464 ) 
4 367 368 (-240 -1104 464 ) (-240 -1104 480 ) (-240 -1088 480 ) (-240 -1088 464 ) 
4 368 371 (-256 -432 480 ) (-256 -432 448 ) (-256 -1104 448 ) (-256 -1104 480 ) 
4 368 369 (-240 -1104 448 ) (-240 -1104 480 ) (-256 -1104 480 ) (-256 -1104 448 ) 
4 369 373 (-208 -1136 448 ) (-208 -1136 480 ) (-256 -1136 480 ) (-256 -1136 448 ) 
4 369 371 (-256 -1136 448 ) (-256 -1136 480 ) (-256 -1104 480 ) (-256 -1104 448 ) 
4 369 370 (-208 -1136 448 ) (-256 -1136 448 ) (-256 -1120 448 ) (-208 -1120 448 ) 
4 370 373 (-208 -1136 432 ) (-208 -1136 448 ) (-256 -1136 448 ) (-256 -1136 432 ) 
4 370 371 (-256 -1136 432 ) (-256 -1136 448 ) (-256 -1120 448 ) (-256 -1120 432 ) 
4 371 373 (-256 -1136 432 ) (-256 -1136 480 ) (-272 -1136 480 ) (-272 -1136 432 ) 
4 371 372 (-272 -1136 432 ) (-272 -1136 480 ) (-272 -432 480 ) (-272 -432 432 ) 
4 372 377 (-288 -912 416 ) (-288 -1136 416 ) (-288 -1136 480 ) (-288 -912 480 ) 
4 372 376 (-288 -832 416 ) (-288 -912 416 ) (-288 -912 480 ) (-288 -832 480 ) 
4 372 375 (-288 -432 480 ) (-288 -432 416 ) (-288 -832 416 ) (-288 -832 480 ) 
4 372 373 (-272 -1136 416 ) (-272 -1136 480 ) (-288 -1136 480 ) (-288 -1136 416 ) 
4 373 377 (-288 -1280 416 ) (-288 -1280 672 ) (-288 -1136 672 ) (-288 -1136 416 ) 
4 373 374 (-288 -1280 416 ) (-288 -1152 416 ) (-208 -1152 416 ) (-208 -1280 416 ) 
4 374 377 (-288 -1280 400 ) (-288 -1280 416 ) (-288 -1152 416 ) (-288 -1152 400 ) 
4 375 376 (-288 -832 400 ) (-288 -832 672 ) (-432 -832 672 ) (-432 -832 400 ) 
4 376 378 (-464 -912 672 ) (-464 -832 672 ) (-464 -832 400 ) (-464 -912 400 ) 
4 376 377 (-432 -912 400 ) (-288 -912 400 ) (-288 -912 672 ) (-432 -912 672 ) 
4 378 380 (-704 -608 672 ) (-704 -432 672 ) (-704 -432 400 ) (-704 -608 400 ) 
