PRT1
50
64
4 0 6 (288 1648 224 ) (288 1712 224 ) (288 1712 208 ) (288 1648 208 ) 
4 0 2 (440 1552 224 ) (392 1552 224 ) (392 1552 208 ) (440 1552 208 ) 
4 1 7 (288 1648 208 ) (288 1712 208 ) (288 1712 0 ) (288 1648 0 ) 
4 1 3 (440 1552 208 ) (392 1552 208 ) (392 1552 0 ) (440 1552 0 ) 
4 2 4 (392 1472 208 ) (440 1472 208 ) (440 1472 224 ) (392 1472 224 ) 
4 3 5 (392 1472 0 ) (440 1472 0 ) (440 1472 208 ) (392 1472 208 ) 
4 6 8 (128 1712 224 ) (128 1712 208 ) (128 1648 208 ) (128 1648 224 ) 
4 7 9 (128 1648 208 ) (128 1712 208 ) (128 1712 0 ) (128 1648 0 ) 
4 8 10 (64 1360 208 ) (128 1360 208 ) (128 1360 224 ) (64 1360 224 ) 
4 9 12 (64 1360 0 ) (128 1360 0 ) (128 1360 112 ) (64 1360 112 ) 
4 9 11 (128 1360 112 ) (128 1360 208 ) (64 1360 208 ) (64 1360 112 ) 
4 10 25 (32 960 208 ) (32 960 224 ) (32 1360 224 ) (32 1360 208 ) 
4 10 15 (136 960 208 ) (184 960 208 ) (184 960 224 ) (136 960 224 ) 
4 11 26 (32 1104 112 ) (32 1104 208 ) (32 1360 208 ) (32 1360 112 ) 
4 11 14 (32 1104 208 ) (32 1104 112 ) (256 1104 112 ) (256 1104 208 ) 
4 11 13 (32 1232 112 ) (32 1360 112 ) (64 1360 112 ) (64 1232 112 ) 
4 11 12 (64 1360 112 ) (256 1360 112 ) (256 1104 112 ) (64 1104 112 ) 
4 12 14 (256 1104 0 ) (256 1104 112 ) (64 1104 112 ) (64 1104 0 ) 
4 12 13 (64 1360 112 ) (64 1360 0 ) (64 1232 0 ) (64 1232 112 ) 
4 13 27 (32 1232 0 ) (32 1232 112 ) (32 1360 112 ) (32 1360 0 ) 
4 14 29 (32 960 0 ) (32 960 112 ) (32 1104 112 ) (32 1104 0 ) 
4 14 26 (32 960 112 ) (32 960 208 ) (32 1104 208 ) (32 1104 112 ) 
4 14 16 (184 960 208 ) (136 960 208 ) (136 960 0 ) (184 960 0 ) 
4 15 32 (136 880 224 ) (136 880 208 ) (184 880 208 ) (184 880 224 ) 
4 16 33 (184 880 208 ) (136 880 208 ) (136 880 0 ) (184 880 0 ) 
4 17 25 (-128 1360 224 ) (-128 1360 208 ) (-64 1360 208 ) (-64 1360 224 ) 
4 17 18 (-128 1712 224 ) (-128 1712 208 ) (-128 1648 208 ) (-128 1648 224 ) 
4 18 23 (-288 1712 224 ) (-288 1712 208 ) (-288 1648 208 ) (-288 1648 224 ) 
4 19 24 (-288 1648 0 ) (-288 1648 208 ) (-288 1712 208 ) (-288 1712 0 ) 
4 19 20 (-128 1648 0 ) (-64 1648 0 ) (-64 1648 208 ) (-128 1648 208 ) 
4 20 28 (-64 1360 0 ) (-64 1360 112 ) (-128 1360 112 ) (-128 1360 0 ) 
4 20 26 (-64 1360 112 ) (-64 1360 208 ) (-128 1360 208 ) (-128 1360 112 ) 
4 21 23 (-448 1808 224 ) (-448 1808 208 ) (-384 1808 208 ) (-384 1808 224 ) 
4 22 24 (-384 1808 208 ) (-448 1808 208 ) (-448 1808 0 ) (-384 1808 0 ) 
4 25 30 (32 960 208 ) (32 960 224 ) (-32 960 224 ) (-32 960 208 ) 
4 26 31 (32 960 112 ) (32 960 208 ) (-32 960 208 ) (-32 960 112 ) 
4 26 29 (32 960 112 ) (-256 960 112 ) (-256 1104 112 ) (32 1104 112 ) 
4 26 27 (-64 1360 112 ) (32 1360 112 ) (32 1232 112 ) (-64 1232 112 ) 
4 26 28 (-256 1104 112 ) (-256 1360 112 ) (-64 1360 112 ) (-64 1104 112 ) 
4 27 28 (-64 1232 112 ) (-64 1360 112 ) (-64 1360 0 ) (-64 1232 0 ) 
4 28 29 (-64 1104 112 ) (-256 1104 112 ) (-256 1104 0 ) (-64 1104 0 ) 
4 29 31 (32 960 0 ) (32 960 112 ) (-32 960 112 ) (-32 960 0 ) 
4 30 34 (32 880 208 ) (32 880 224 ) (-32 880 224 ) (-32 880 208 ) 
4 31 35 (32 880 0 ) (32 880 208 ) (-32 880 208 ) (-32 880 0 ) 
4 34 40 (-32 656 224 ) (-32 656 208 ) (32 656 208 ) (32 656 224 ) 
4 34 36 (-32 792 224 ) (-32 840 224 ) (-32 840 208 ) (-32 792 208 ) 
4 35 43 (-32 656 108 ) (-32 656 0 ) (32 656 0 ) (32 656 108 ) 
4 35 41 (32 656 208 ) (-32 656 208 ) (-32 656 108 ) (32 656 108 ) 
4 35 37 (-32 792 208 ) (-32 840 208 ) (-32 840 0 ) (-32 792 0 ) 
4 36 38 (-112 840 208 ) (-112 792 208 ) (-112 792 224 ) (-112 840 224 ) 
4 37 39 (-112 840 0 ) (-112 792 0 ) (-112 792 208 ) (-112 840 208 ) 
4 40 46 (24 144 224 ) (-24 144 224 ) (-24 144 208 ) (24 144 208 ) 
4 41 47 (24 144 208 ) (-24 144 208 ) (-24 144 108 ) (24 144 108 ) 
4 41 45 (256 256 108 ) (256 144 108 ) (-256 144 108 ) (-256 256 108 ) 
4 41 44 (-144 256 108 ) (-256 256 108 ) (-256 544 108 ) (-144 544 108 ) 
4 41 43 (-256 656 108 ) (144 656 108 ) (144 544 108 ) (-256 544 108 ) 
4 41 42 (144 656 108 ) (256 656 108 ) (256 256 108 ) (144 256 108 ) 
4 42 45 (256 256 108 ) (144 256 108 ) (144 256 0 ) (256 256 0 ) 
4 42 43 (144 656 108 ) (144 656 0 ) (144 544 0 ) (144 544 108 ) 
4 43 44 (-144 544 108 ) (-256 544 108 ) (-256 544 0 ) (-144 544 0 ) 
4 44 45 (-144 256 108 ) (-256 256 108 ) (-256 256 0 ) (-144 256 0 ) 
4 45 47 (24 144 108 ) (-24 144 108 ) (-24 144 0 ) (24 144 0 ) 
4 46 48 (-24 64 208 ) (24 64 208 ) (24 64 224 ) (-24 64 224 ) 
4 47 49 (-24 64 0 ) (24 64 0 ) (24 64 208 ) (-24 64 208 ) 
