PRT1
15
20
4 0 1 (1024 160 272 ) (1024 224 272 ) (1024 224 96 ) (1024 160 96 ) 
4 1 4 (976 160 96 ) (976 160 272 ) (976 224 272 ) (976 224 96 ) 
4 1 2 (976 160 96 ) (976 224 96 ) (1008 224 96 ) (1008 160 96 ) 
4 2 4 (976 160 80 ) (976 160 96 ) (976 224 96 ) (976 224 80 ) 
4 2 3 (992 160 80 ) (976 160 80 ) (976 224 80 ) (992 224 80 ) 
4 3 4 (976 224 64 ) (976 160 64 ) (976 160 80 ) (976 224 80 ) 
4 4 7 (928 160 272 ) (928 224 272 ) (928 224 48 ) (928 160 48 ) 
4 4 5 (960 160 48 ) (944 160 48 ) (944 224 48 ) (960 224 48 ) 
4 4 6 (944 160 48 ) (928 160 48 ) (928 224 48 ) (944 224 48 ) 
4 5 6 (944 224 48 ) (944 224 32 ) (944 160 32 ) (944 160 48 ) 
4 6 7 (928 224 48 ) (928 224 16 ) (928 160 16 ) (928 160 48 ) 
4 7 8 (480 160 272 ) (480 224 272 ) (480 224 0 ) (480 160 0 ) 
4 8 11 (448 144 16 ) (448 144 272 ) (448 240 272 ) (448 240 16 ) 
4 9 11 (384 320 16 ) (448 320 16 ) (448 320 272 ) (384 320 272 ) 
4 9 10 (384 384 272 ) (384 448 272 ) (384 448 16 ) (384 384 16 ) 
4 10 14 (320 448 272 ) (320 448 16 ) (320 384 16 ) (320 384 272 ) 
4 11 14 (320 320 16 ) (320 64 16 ) (320 64 272 ) (320 320 272 ) 
4 11 12 (448 64 16 ) (448 64 272 ) (384 64 272 ) (384 64 16 ) 
4 12 13 (384 0 16 ) (384 -64 16 ) (384 -64 272 ) (384 0 272 ) 
4 13 14 (320 0 16 ) (320 -64 16 ) (320 -64 272 ) (320 0 272 ) 
